[matlab][INFO] 正在加载配置文件和库函数...
[matlab][INFO] 本次导入属性如下:
                            DataSrc: 'Metasurface_demo_db'
                               User: 'root'
                                Pwd: '123456'
    minimum_innodb_buffer_pool_size: '1073741824'
                       local_infile: '1'
                              N_MIR: '119.9170'
                              M_FIR: '59.9585'
                    ignoreThickness: '1'
                   defaultThickness: '500'
                       ignoreETheta: '0'
                      defaultETheta: '90'
                           language: 'zh_CN'

[matlab][INFO] 正在连接数据库...
[matlab][INFO] 成功连接到数据库
[matlab][INFO] 正在读取数据库中的S参数信息...
[matlab][INFO] 正在初始化文件信息其他部分...
[matlab][INFO] 初始化完成
[matlab][INFO] 以下文件将被处理并导入:
||=============================================================||
->SquareCuboid-Silicon-Titanium Dioxide- 1d_result - fangzhu.txt
->SquareCuboid-Silicon-Titanium Dioxide-1d_result.txt
||=============================================================||
 
[matlab][INFO] 正在读取分析文件: SquareCuboid-Silicon-Titanium Dioxide- 1d_result - fangzhu.txt
[matlab][INFO] 第1个文件, 共2个文件
[matlab][INFO] 正在读取分析文件: SquareCuboid-Silicon-Titanium Dioxide-1d_result.txt
[matlab][INFO] 第2个文件, 共2个文件
[matlab][INFO] 文件扫描完成
[matlab][INFO] 正在获取文件: SquareCuboid-Silicon-Titanium Dioxide- 1d_result - fangzhu.txt 的所有参数行和数据行...
[matlab][INFO] 正在提取文件: SquareCuboid-Silicon-Titanium Dioxide- 1d_result - fangzhu.txt 的参数值...
[matlab][INFO] 正在计算文件: SquareCuboid-Silicon-Titanium Dioxide- 1d_result - fangzhu.txt 的色散数据...
[matlab][INFO] 正在连接数据库...
[matlab][INFO] 数据库连接成功
[sql][INFO][CRUCIAL] 表genericunitsprmt的起始ID为13, 录入长度为4, 其原文件为SquareCuboid-Silicon-Titanium Dioxide- 1d_result - fangzhu.txt
!! genericunitsprmt-13-4-SquareCuboid-Silicon-Titanium Dioxide- 1d_result - fangzhu.txt
[sql][INFO][CRUCIAL] 表squarecuboidunitsprmt的起始ID为33, 录入长度为4, 其原文件为SquareCuboid-Silicon-Titanium Dioxide- 1d_result - fangzhu.txt
!! squarecuboidunitsprmt-33-4-SquareCuboid-Silicon-Titanium Dioxide- 1d_result - fangzhu.txt
[sql][INFO][CRUCIAL] 表squarecuboidunitsfreqresp_fir的起始ID为1, 录入长度为324, 其原文件为SquareCuboid-Silicon-Titanium Dioxide- 1d_result - fangzhu.txt
!! squarecuboidunitsfreqresp_fir-1-324-SquareCuboid-Silicon-Titanium Dioxide- 1d_result - fangzhu.txt
[matlab][INFO] 正在将数据写入中间文件...
{错误使用 <a href="matlab:matlab.internal.language.introspective.errorDocCallback('writematrix', 'D:\design\MATLAB_version2021\toolbox\matlab\iofun\writematrix.m', 185)" style="font-weight:bold">writematrix</a> (<a href="matlab: opentoline('D:\design\MATLAB_version2021\toolbox\matlab\iofun\writematrix.m',185,0)">第 185 行</a>)
不支持 'cell' 类型。请改用 writecell。

出错 <a href="matlab:matlab.internal.language.introspective.errorDocCallback('dataImport', 'C:\Users\pc\Desktop\cst2mysql_V2.0\lib\dataImport.m', 283)" style="font-weight:bold">dataImport</a> (<a href="matlab: opentoline('C:\Users\pc\Desktop\cst2mysql_V2.0\lib\dataImport.m',283,0)">第 283 行</a>)
            writecell(DataArr_FIR, strcat(FileName(1:end - 4), '_DataArr_FIR.csv'));

出错 <a href="matlab:matlab.internal.language.introspective.errorDocCallback('importGUI_v1>paramOK_Callback', 'C:\Users\pc\Desktop\cst2mysql_V2.0\Src\importGUI_v1.m', 333)" style="font-weight:bold">importGUI_v1>paramOK_Callback</a> (<a href="matlab: opentoline('C:\Users\pc\Desktop\cst2mysql_V2.0\Src\importGUI_v1.m',333,0)">第 333 行</a>)
handles = dataImport(handles, fileInfo);

出错 <a href="matlab:matlab.internal.language.introspective.errorDocCallback('gui_mainfcn', 'D:\design\MATLAB_version2021\toolbox\matlab\guide\gui_mainfcn.m', 95)" style="font-weight:bold">gui_mainfcn</a> (<a href="matlab: opentoline('D:\design\MATLAB_version2021\toolbox\matlab\guide\gui_mainfcn.m',95,0)">第 95 行</a>)
        feval(varargin{:});

出错 <a href="matlab:matlab.internal.language.introspective.errorDocCallback('importGUI_v1', 'C:\Users\pc\Desktop\cst2mysql_V2.0\Src\importGUI_v1.m', 42)" style="font-weight:bold">importGUI_v1</a> (<a href="matlab: opentoline('C:\Users\pc\Desktop\cst2mysql_V2.0\Src\importGUI_v1.m',42,0)">第 42 行</a>)
    gui_mainfcn(gui_State, varargin{:});

出错 <a href="matlab:matlab.internal.language.introspective.errorDocCallback('matlab.graphics.internal.figfile.FigFile/read>@(hObject,eventdata)importGUI_v1(''paramOK_Callback'',hObject,eventdata,guidata(hObject))')" style="font-weight:bold">matlab.graphics.internal.figfile.FigFile/read>@(hObject,eventdata)importGUI_v1('paramOK_Callback',hObject,eventdata,guidata(hObject))</a>
} 
<a href="matlab: opentoline('D:\design\MATLAB_version2021\toolbox\matlab\iofun\writematrix.m',185,1)">185 </a>    suggestWriteFunctionCorrection(A, 'writematrix');
matlab.internal.language.introspective.errorDocCallback('writematrix', 'D:\design\MATLAB_version2021\toolbox\matlab\iofun\writematrix.m', 185)
opentoline('C:\Users\pc\Desktop\cst2mysql_V2.0\lib\dataImport.m',283,0)
if system_dependent('IsDebugMode')==1, dbcont; end
计算 UIControl Callback 时中断。

if system_dependent('IsDebugMode')==1, dbcont; end
计算 DestroyedObject Callback 时中断。

dataImport
{输入参数的数目不足。

出错 <a href="matlab:matlab.internal.language.introspective.errorDocCallback('dataImport', 'C:\Users\pc\Desktop\cst2mysql_V2.0\lib\dataImport.m', 3)" style="font-weight:bold">dataImport</a> (<a href="matlab: opentoline('C:\Users\pc\Desktop\cst2mysql_V2.0\lib\dataImport.m',3,0)">第 3 行</a>)
genericParamsNum = handles.genericParamsNum;
} 
if system_dependent('IsDebugMode')==1, dbcont; end
