[matlab][INFO] 正在加载配置文件和库函数...
[matlab][INFO] 本次导入属性如下:
                            DataSrc: 'Metasurface_demo_db'
                               User: 'root'
                                Pwd: '123456'
    minimum_innodb_buffer_pool_size: '1073741824'
                       local_infile: '1'
                              N_MIR: '119.9170'
                              M_FIR: '59.9585'
                    ignoreThickness: '1'
                   defaultThickness: '500'
                       ignoreETheta: '0'
                      defaultETheta: '90'
                           language: 'zh_CN'

[matlab][INFO] 正在连接数据库...
[matlab][INFO] 成功连接到数据库
[matlab][INFO] 正在读取数据库中的S参数信息...
[matlab][INFO] 正在初始化文件信息其他部分...
[matlab][INFO] 初始化完成
[matlab][INFO] 以下文件将被处理并导入:
||=============================================================||
->SquareCuboid h=1000.txt
->SquareCuboid h=450.txt
->SquareCuboid h=500.txt
->SquareCuboid h=700-non-standard.txt
->SquareCuboid h=850.txt
->SquareCuboid h=950.txt
->SquareCuboid resample_p=460.txt
->SquareCuboidawd mnjfy akjnwd h=400.txt
->h=550.txt
->resample_p=200.txt
->resample_p=220.txt
->resample_p=240.txt
->resample_p=260.txt
->resample_p=280.txt
->resample_p=300.txt
->resample_p=320.txt
->resample_p=340.txt
||=============================================================||
 
[matlab][INFO] 正在读取分析文件: SquareCuboid h=1000.txt
[matlab][INFO] 第1个文件, 共17个文件
[matlab][INFO] 正在读取分析文件: SquareCuboid h=450.txt
[matlab][INFO] 第2个文件, 共17个文件
[matlab][INFO] 正在读取分析文件: SquareCuboid h=500.txt
[matlab][INFO] 第3个文件, 共17个文件
[matlab][INFO] 正在读取分析文件: SquareCuboid h=700-non-standard.txt
[matlab][INFO] 第4个文件, 共17个文件
[matlab][INFO] 正在读取分析文件: SquareCuboid h=850.txt
[matlab][INFO] 第5个文件, 共17个文件
[matlab][INFO] 正在读取分析文件: SquareCuboid h=950.txt
[matlab][INFO] 第6个文件, 共17个文件
[matlab][INFO] 正在读取分析文件: SquareCuboid resample_p=460.txt
[matlab][INFO] 第7个文件, 共17个文件
[matlab][INFO] 正在读取分析文件: SquareCuboidawd mnjfy akjnwd h=400.txt
[matlab][INFO] 第8个文件, 共17个文件
[matlab][INFO] 正在读取分析文件: h=550.txt
[matlab][INFO] 第9个文件, 共17个文件
[matlab][INFO] 正在读取分析文件: resample_p=200.txt
[matlab][INFO] 第10个文件, 共17个文件
[matlab][INFO] 正在读取分析文件: resample_p=220.txt
[matlab][INFO] 第11个文件, 共17个文件
[matlab][INFO] 正在读取分析文件: resample_p=240.txt
[matlab][INFO] 第12个文件, 共17个文件
[matlab][INFO] 正在读取分析文件: resample_p=260.txt
[matlab][INFO] 第13个文件, 共17个文件
[matlab][INFO] 正在读取分析文件: resample_p=280.txt
[matlab][INFO] 第14个文件, 共17个文件
[matlab][INFO] 正在读取分析文件: resample_p=300.txt
[matlab][INFO] 第15个文件, 共17个文件
[matlab][INFO] 正在读取分析文件: resample_p=320.txt
[matlab][INFO] 第16个文件, 共17个文件
[matlab][INFO] 正在读取分析文件: resample_p=340.txt
[matlab][INFO] 第17个文件, 共17个文件
[matlab][INFO] 文件扫描完成
