[matlab][INFO] 正在加载配置文件和库函数...
[matlab][INFO] 本次导入属性如下:
                            DataSrc: 'Metasurface_demo_db'
                               User: 'root'
                                Pwd: '123456'
    minimum_innodb_buffer_pool_size: '1073741824'
                       local_infile: '1'
                              N_MIR: '119.9170'
                              M_FIR: '59.9585'
                    ignoreThickness: '1'
                   defaultThickness: '500'
                       ignoreETheta: '0'
                      defaultETheta: '90'
                           language: 'zh_CN'

[matlab][INFO] 正在连接数据库...
[matlab][INFO] 成功连接到数据库
[matlab][INFO] 正在读取数据库中的S参数信息...
[matlab][INFO] 正在初始化文件信息其他部分...
[matlab][INFO] 初始化完成
[matlab][INFO] 以下文件将被处理并导入:
||=============================================================||
->SquareCuboid-Silicon-Titanium Dioxide- 1.txt
->SquareCuboid-Silicon-Titanium Dioxide- 1d_result - fangzhu.txt
->SquareCuboid-Silicon-Titanium Dioxide- fuben.txt
||=============================================================||
 
[matlab][INFO] 正在读取分析文件: SquareCuboid-Silicon-Titanium Dioxide- 1.txt
[matlab][INFO] 第1个文件, 共3个文件
[matlab][INFO] 正在读取分析文件: SquareCuboid-Silicon-Titanium Dioxide- 1d_result - fangzhu.txt
[matlab][INFO] 第2个文件, 共3个文件
[matlab][INFO] 正在读取分析文件: SquareCuboid-Silicon-Titanium Dioxide- fuben.txt
[matlab][INFO] 第3个文件, 共3个文件
[matlab][INFO] 文件扫描完成
[matlab][INFO] 正在获取文件: SquareCuboid-Silicon-Titanium Dioxide- 1.txt 的所有参数行和数据行...
[matlab][INFO] 正在获取文件: SquareCuboid-Silicon-Titanium Dioxide- 1.txt 的所有数据行和数据描述行...
[matlab][INFO] 正在提取文件: SquareCuboid-Silicon-Titanium Dioxide- 1.txt 的参数值...
[matlab][INFO] 正在扫描文件 SquareCuboid-Silicon-Titanium Dioxide- 1.txt 的S参数ID...
[matlab][INFO] 正在计算文件: SquareCuboid-Silicon-Titanium Dioxide- 1.txt 的色散数据...
[matlab][INFO] 正在连接数据库...
[matlab][INFO] 数据库连接成功
[matlab][INFO] 正在将genericParam写入数据库...
[sql][INFO][CRUCIAL] 本次录入将文件SquareCuboid-Silicon-Titanium Dioxide- 1.txt的通用参数部分录入表genericunitsprmt, 详情id如下:
!! SquareCuboid-Silicon-Titanium Dioxide- 1.txt-genericunitsprmt-68-67-66-65-
[matlab][INFO] 正在为ParamArr匹配外键...
[matlab][INFO] 正在将ParamArr写入数据库...
[sql][INFO][CRUCIAL] 本次录入将文件SquareCuboid-Silicon-Titanium Dioxide- 1.txt的特定参数部分录入表squarecuboidunitsprmt, 详情id如下:
!! SquareCuboid-Silicon-Titanium Dioxide- 1.txt-squarecuboidunitsprmt-68-67-66-65-
[matlab][INFO] 未检测到近红外NIR数据, 跳过
[matlab][INFO] 未检测到中红外MIR数据, 跳过
[matlab][INFO] 正在为DataArr_FIR匹配外键...
[matlab][INFO] 正在将DataArr_FIR写入数据库, 该操作可能需要一段时间...
[sql][INFO][CRUCIAL] 本次录入将文件SquareCuboid-Silicon-Titanium Dioxide- 1.txt的远红外数据部分录入表squarecuboidunitsfreqresp_fir, 详情id如下:
!! SquareCuboid-Silicon-Titanium Dioxide- 1.txt-squarecuboidunitsfreqresp_fir-5508-5507-5506-5505-5504-5503-5502-5501-5500-5499-5498-5497-5496-5495-5494-5493-5492-5491-5490-5489-5488-5487-5486-5485-5484-5483-5482-5481-5480-5479-5478-5477-5476-5475-5474-5473-5472-5471-5470-5469-5468-5467-5466-5465-5464-5463-5462-5461-5460-5459-5458-5457-5456-5455-5454-5453-5452-5451-5450-5449-5448-5447-5446-5445-5444-5443-5442-5441-5440-5439-5438-5437-5436-5435-5434-5433-5432-5431-5430-5429-5428-5427-5426-5425-5424-5423-5422-5421-5420-5419-5418-5417-5416-5415-5414-5413-5412-5411-5410-5409-5408-5407-5406-5405-5404-5403-5402-5401-5400-5399-5398-5397-5396-5395-5394-5393-5392-5391-5390-5389-5388-5387-5386-5385-5384-5383-5382-5381-5380-5379-5378-5377-5376-5375-5374-5373-5372-5371-5370-5369-5368-5367-5366-5365-5364-5363-5362-5361-5360-5359-5358-5357-5356-5355-5354-5353-5352-5351-5350-5349-5348-5347-5346-5345-5344-5343-5342-5341-5340-5339-5338-5337-5336-5335-5334-5333-5332-5331-5330-5329-5328-5327-5326-5325-5324-5323-5322-5321-5320-5319-5318-5317-5316-5315-5314-5313-5312-5311-5310-5309-5308-5307-5306-5305-5304-5303-5302-5301-5300-5299-5298-5297-5296-5295-5294-5293-5292-5291-5290-5289-5288-5287-5286-5285-5284-5283-5282-5281-5280-5279-5278-5277-5276-5275-5274-5273-5272-5271-5270-5269-5268-5267-5266-5265-5264-5263-5262-5261-5260-5259-5258-5257-5256-5255-5254-5253-5252-5251-5250-5249-5248-5247-5246-5245-5244-5243-5242-5241-5240-5239-5238-5237-5236-5235-5234-5233-5232-5231-5230-5229-5228-5227-5226-5225-5224-5223-5222-5221-5220-5219-5218-5217-5216-5215-5214-5213-5212-5211-5210-5209-5208-5207-5206-5205-5204-5203-5202-5201-5200-5199-5198-5197-5196-5195-5194-5193-5192-5191-5190-5189-5188-5187-5186-5185-
[matlab][INFO] 正在获取文件: SquareCuboid-Silicon-Titanium Dioxide- 1d_result - fangzhu.txt 的所有参数行和数据行...
[matlab][INFO] 正在获取文件: SquareCuboid-Silicon-Titanium Dioxide- 1d_result - fangzhu.txt 的所有数据行和数据描述行...
[matlab][INFO] 正在提取文件: SquareCuboid-Silicon-Titanium Dioxide- 1d_result - fangzhu.txt 的参数值...
[matlab][INFO] 正在扫描文件 SquareCuboid-Silicon-Titanium Dioxide- 1d_result - fangzhu.txt 的S参数ID...
[matlab][INFO] 正在计算文件: SquareCuboid-Silicon-Titanium Dioxide- 1d_result - fangzhu.txt 的色散数据...
[matlab][INFO] 正在将genericParam写入数据库...
[sql][INFO][CRUCIAL] 本次录入将文件SquareCuboid-Silicon-Titanium Dioxide- 1d_result - fangzhu.txt的通用参数部分录入表genericunitsprmt, 详情id如下:
!! SquareCuboid-Silicon-Titanium Dioxide- 1d_result - fangzhu.txt-genericunitsprmt-72-71-70-69-
[matlab][INFO] 正在为ParamArr匹配外键...
[matlab][INFO] 正在将ParamArr写入数据库...
[sql][INFO][CRUCIAL] 本次录入将文件SquareCuboid-Silicon-Titanium Dioxide- 1d_result - fangzhu.txt的特定参数部分录入表squarecuboidunitsprmt, 详情id如下:
!! SquareCuboid-Silicon-Titanium Dioxide- 1d_result - fangzhu.txt-squarecuboidunitsprmt-72-71-70-69-
[matlab][INFO] 未检测到近红外NIR数据, 跳过
[matlab][INFO] 未检测到中红外MIR数据, 跳过
[matlab][INFO] 正在为DataArr_FIR匹配外键...
[matlab][INFO] 正在将DataArr_FIR写入数据库, 该操作可能需要一段时间...
[sql][INFO][CRUCIAL] 本次录入将文件SquareCuboid-Silicon-Titanium Dioxide- 1d_result - fangzhu.txt的远红外数据部分录入表squarecuboidunitsfreqresp_fir, 详情id如下:
!! SquareCuboid-Silicon-Titanium Dioxide- 1d_result - fangzhu.txt-squarecuboidunitsfreqresp_fir-5832-5831-5830-5829-5828-5827-5826-5825-5824-5823-5822-5821-5820-5819-5818-5817-5816-5815-5814-5813-5812-5811-5810-5809-5808-5807-5806-5805-5804-5803-5802-5801-5800-5799-5798-5797-5796-5795-5794-5793-5792-5791-5790-5789-5788-5787-5786-5785-5784-5783-5782-5781-5780-5779-5778-5777-5776-5775-5774-5773-5772-5771-5770-5769-5768-5767-5766-5765-5764-5763-5762-5761-5760-5759-5758-5757-5756-5755-5754-5753-5752-5751-5750-5749-5748-5747-5746-5745-5744-5743-5742-5741-5740-5739-5738-5737-5736-5735-5734-5733-5732-5731-5730-5729-5728-5727-5726-5725-5724-5723-5722-5721-5720-5719-5718-5717-5716-5715-5714-5713-5712-5711-5710-5709-5708-5707-5706-5705-5704-5703-5702-5701-5700-5699-5698-5697-5696-5695-5694-5693-5692-5691-5690-5689-5688-5687-5686-5685-5684-5683-5682-5681-5680-5679-5678-5677-5676-5675-5674-5673-5672-5671-5670-5669-5668-5667-5666-5665-5664-5663-5662-5661-5660-5659-5658-5657-5656-5655-5654-5653-5652-5651-5650-5649-5648-5647-5646-5645-5644-5643-5642-5641-5640-5639-5638-5637-5636-5635-5634-5633-5632-5631-5630-5629-5628-5627-5626-5625-5624-5623-5622-5621-5620-5619-5618-5617-5616-5615-5614-5613-5612-5611-5610-5609-5608-5607-5606-5605-5604-5603-5602-5601-5600-5599-5598-5597-5596-5595-5594-5593-5592-5591-5590-5589-5588-5587-5586-5585-5584-5583-5582-5581-5580-5579-5578-5577-5576-5575-5574-5573-5572-5571-5570-5569-5568-5567-5566-5565-5564-5563-5562-5561-5560-5559-5558-5557-5556-5555-5554-5553-5552-5551-5550-5549-5548-5547-5546-5545-5544-5543-5542-5541-5540-5539-5538-5537-5536-5535-5534-5533-5532-5531-5530-5529-5528-5527-5526-5525-5524-5523-5522-5521-5520-5519-5518-5517-5516-5515-5514-5513-5512-5511-5510-5509-
[matlab][INFO] 正在获取文件: SquareCuboid-Silicon-Titanium Dioxide- fuben.txt 的所有参数行和数据行...
[matlab][INFO] 正在获取文件: SquareCuboid-Silicon-Titanium Dioxide- fuben.txt 的所有数据行和数据描述行...
[matlab][INFO] 正在提取文件: SquareCuboid-Silicon-Titanium Dioxide- fuben.txt 的参数值...
[matlab][INFO] 正在扫描文件 SquareCuboid-Silicon-Titanium Dioxide- fuben.txt 的S参数ID...
[matlab][INFO] 正在计算文件: SquareCuboid-Silicon-Titanium Dioxide- fuben.txt 的色散数据...
[matlab][INFO] 正在将genericParam写入数据库...
[sql][INFO][CRUCIAL] 本次录入将文件SquareCuboid-Silicon-Titanium Dioxide- fuben.txt的通用参数部分录入表genericunitsprmt, 详情id如下:
!! SquareCuboid-Silicon-Titanium Dioxide- fuben.txt-genericunitsprmt-76-75-74-73-
[matlab][INFO] 正在为ParamArr匹配外键...
[matlab][INFO] 正在将ParamArr写入数据库...
[sql][INFO][CRUCIAL] 本次录入将文件SquareCuboid-Silicon-Titanium Dioxide- fuben.txt的特定参数部分录入表squarecuboidunitsprmt, 详情id如下:
!! SquareCuboid-Silicon-Titanium Dioxide- fuben.txt-squarecuboidunitsprmt-76-75-74-73-
[matlab][INFO] 未检测到近红外NIR数据, 跳过
[matlab][INFO] 未检测到中红外MIR数据, 跳过
[matlab][INFO] 正在为DataArr_FIR匹配外键...
[matlab][INFO] 正在将DataArr_FIR写入数据库, 该操作可能需要一段时间...
[sql][INFO][CRUCIAL] 本次录入将文件SquareCuboid-Silicon-Titanium Dioxide- fuben.txt的远红外数据部分录入表squarecuboidunitsfreqresp_fir, 详情id如下:
!! SquareCuboid-Silicon-Titanium Dioxide- fuben.txt-squarecuboidunitsfreqresp_fir-6156-6155-6154-6153-6152-6151-6150-6149-6148-6147-6146-6145-6144-6143-6142-6141-6140-6139-6138-6137-6136-6135-6134-6133-6132-6131-6130-6129-6128-6127-6126-6125-6124-6123-6122-6121-6120-6119-6118-6117-6116-6115-6114-6113-6112-6111-6110-6109-6108-6107-6106-6105-6104-6103-6102-6101-6100-6099-6098-6097-6096-6095-6094-6093-6092-6091-6090-6089-6088-6087-6086-6085-6084-6083-6082-6081-6080-6079-6078-6077-6076-6075-6074-6073-6072-6071-6070-6069-6068-6067-6066-6065-6064-6063-6062-6061-6060-6059-6058-6057-6056-6055-6054-6053-6052-6051-6050-6049-6048-6047-6046-6045-6044-6043-6042-6041-6040-6039-6038-6037-6036-6035-6034-6033-6032-6031-6030-6029-6028-6027-6026-6025-6024-6023-6022-6021-6020-6019-6018-6017-6016-6015-6014-6013-6012-6011-6010-6009-6008-6007-6006-6005-6004-6003-6002-6001-6000-5999-5998-5997-5996-5995-5994-5993-5992-5991-5990-5989-5988-5987-5986-5985-5984-5983-5982-5981-5980-5979-5978-5977-5976-5975-5974-5973-5972-5971-5970-5969-5968-5967-5966-5965-5964-5963-5962-5961-5960-5959-5958-5957-5956-5955-5954-5953-5952-5951-5950-5949-5948-5947-5946-5945-5944-5943-5942-5941-5940-5939-5938-5937-5936-5935-5934-5933-5932-5931-5930-5929-5928-5927-5926-5925-5924-5923-5922-5921-5920-5919-5918-5917-5916-5915-5914-5913-5912-5911-5910-5909-5908-5907-5906-5905-5904-5903-5902-5901-5900-5899-5898-5897-5896-5895-5894-5893-5892-5891-5890-5889-5888-5887-5886-5885-5884-5883-5882-5881-5880-5879-5878-5877-5876-5875-5874-5873-5872-5871-5870-5869-5868-5867-5866-5865-5864-5863-5862-5861-5860-5859-5858-5857-5856-5855-5854-5853-5852-5851-5850-5849-5848-5847-5846-5845-5844-5843-5842-5841-5840-5839-5838-5837-5836-5835-5834-5833-
{错误使用 close
输入参数太多。

出错 close

出错 <a href="matlab:matlab.internal.language.introspective.errorDocCallback('paramsBrowser>paramOK_Callback', 'C:\Users\pc\Desktop\cst2mysql_V2.0\Src\paramsBrowser.m', 173)" style="font-weight:bold">paramsBrowser>paramOK_Callback</a> (<a href="matlab: opentoline('C:\Users\pc\Desktop\cst2mysql_V2.0\Src\paramsBrowser.m',173,0)">第 173 行</a>)
close(handles.figure1);

出错 <a href="matlab:matlab.internal.language.introspective.errorDocCallback('gui_mainfcn', 'D:\design\MATLAB_version2021\toolbox\matlab\guide\gui_mainfcn.m', 95)" style="font-weight:bold">gui_mainfcn</a> (<a href="matlab: opentoline('D:\design\MATLAB_version2021\toolbox\matlab\guide\gui_mainfcn.m',95,0)">第 95 行</a>)
        feval(varargin{:});

出错 <a href="matlab:matlab.internal.language.introspective.errorDocCallback('paramsBrowser', 'C:\Users\pc\Desktop\cst2mysql_V2.0\Src\paramsBrowser.m', 42)" style="font-weight:bold">paramsBrowser</a> (<a href="matlab: opentoline('C:\Users\pc\Desktop\cst2mysql_V2.0\Src\paramsBrowser.m',42,0)">第 42 行</a>)
    gui_mainfcn(gui_State, varargin{:});

出错 <a href="matlab:matlab.internal.language.introspective.errorDocCallback('matlab.graphics.internal.figfile.FigFile/read>@(hObject,eventdata)paramsBrowser(''paramOK_Callback'',hObject,eventdata,guidata(hObject))')" style="font-weight:bold">matlab.graphics.internal.figfile.FigFile/read>@(hObject,eventdata)paramsBrowser('paramOK_Callback',hObject,eventdata,guidata(hObject))</a>

原因:
    计算图窗 CloseRequestFcn 时出错
} 
计算 UIControl Callback 时出错。

{错误使用 <a href="matlab:matlab.internal.language.introspective.errorDocCallback('paramsBrowser>CloseRequestFcn')" style="font-weight:bold">paramsBrowser>CloseRequestFcn</a>
输入参数太多。
} 
计算 Figure CloseRequestFcn 时出错。

close all force
