[matlab][INFO] Loading configuration files and user libraries...
[matlab][INFO] Loading import.properties...
                            DataSrc: 'Metasurface_demo_db'
                               User: 'root'
                                Pwd: '123456'
    minimum_innodb_buffer_pool_size: '1073741824'
                       local_infile: '1'
                              N_MIR: '119.9170'
                              M_FIR: '59.9585'
                    ignoreThickness: '0'
                   defaultThickness: '500'
                       ignoreETheta: '1'
                      defaultETheta: '90'
                           language: 'zh_CN'

[matlab][INFO] Connecting to the database...
[matlab][INFO] Database connection successful
[matlab][INFO] Reading SParameter information from the database...
[matlab][INFO] Selected path of cst result: C:\Users\27950\Desktop\new\rectangle
[matlab][INFO] Initializing FileInfoStrct...
[matlab][INFO] Initializing done
[matlab][INFO] The following files are detected: 
||=============================================================||
->1d_result.txt
||=============================================================||
 
[matlab][INFO] Reading and Analysing: 1d_result.txt
[matlab][INFO] No.1/1
[matlab][INFO] File scanning done
[user][INFO] The properties of the file 1d_result.txt are set to:
             Shape: Cuboid
             Base Material: Silicon
             Cell Material: Silicon
             Unit:  (1 -> nm, 2 -> um, 3 -> mm)
[matlab][INFO] Getting all parameter lines of file: 1d_result.txt...
[matlab][INFO] Getting all data lines and data description lines of file: 1d_result.txt...
[matlab][INFO] Extracting parameter values for file: 1d_result.txt
[matlab][INFO] Scanning S-parameter ID for file 1d_result.txt
[matlab][INFO] Calculating dispersion data for file 1d_result.txt
[matlab][INFO] Connecting to database...
[matlab][INFO] Database connected successfully
[matlab][INFO] Writing generic Parameters to database...
[sql][INFO][CRUCIAL] This time the file 1d_result.txt is entered into the table genericunitsprmt, the details of the id are as follows:
!! 1d_result.txt-genericunitsprmt-8-7-6-5-
[matlab][INFO] Matching foreign keys for ParamArr...
[matlab][INFO] Writing ParamArr to database...
[sql][INFO][CRUCIAL] This time the file 1d_result.txt is entered into the table cuboidunitsprmt, the details of the id are as follows:
!! 1d_result.txt-cuboidunitsprmt-8-7-6-5-
[matlab][INFO] No near infrared (NIR) data detected, skipping
[matlab][INFO] No mid infrared (MIR) data detected, skipping
[matlab][INFO] Matching foreign keys for DataArr(FIR)...
[matlab][INFO] Writing DataArr to database, this operation may take some time...
[sql][INFO][CRUCIAL] This time the file 1d_result.txt is entered into the table cuboidunitsfreqresp_fir, the details of the id are as follows:
!! 1d_result.txt-cuboidunitsfreqresp_fir-648-647-646-645-644-643-642-641-640-639-638-637-636-635-634-633-632-631-630-629-628-627-626-625-624-623-622-621-620-619-618-617-616-615-614-613-612-611-610-609-608-607-606-605-604-603-602-601-600-599-598-597-596-595-594-593-592-591-590-589-588-587-586-585-584-583-582-581-580-579-578-577-576-575-574-573-572-571-570-569-568-567-566-565-564-563-562-561-560-559-558-557-556-555-554-553-552-551-550-549-548-547-546-545-544-543-542-541-540-539-538-537-536-535-534-533-532-531-530-529-528-527-526-525-524-523-522-521-520-519-518-517-516-515-514-513-512-511-510-509-508-507-506-505-504-503-502-501-500-499-498-497-496-495-494-493-492-491-490-489-488-487-486-485-484-483-482-481-480-479-478-477-476-475-474-473-472-471-470-469-468-467-466-465-464-463-462-461-460-459-458-457-456-455-454-453-452-451-450-449-448-447-446-445-444-443-442-441-440-439-438-437-436-435-434-433-432-431-430-429-428-427-426-425-424-423-422-421-420-419-418-417-416-415-414-413-412-411-410-409-408-407-406-405-404-403-402-401-400-399-398-397-396-395-394-393-392-391-390-389-388-387-386-385-384-383-382-381-380-379-378-377-376-375-374-373-372-371-370-369-368-367-366-365-364-363-362-361-360-359-358-357-356-355-354-353-352-351-350-349-348-347-346-345-344-343-342-341-340-339-338-337-336-335-334-333-332-331-330-329-328-327-326-325-
= [matlab][INFO] ====================================================================================
=>  Data import success!                                                                          <==
=====================================================================================================









cst2mysql_v2
{错误使用 <a href="matlab:matlab.internal.language.introspective.errorDocCallback('cd')" style="font-weight:bold">cd</a>
无法将当前文件夹更改为 'C:\Users\27950\Desktop\new\log' (名称不存在或不是文件夹)。

出错 <a href="matlab:matlab.internal.language.introspective.errorDocCallback('cst2mysql_v2>importInit', 'C:\Users\27950\Desktop\cst2mysql_V2.0\dev\cst2mysql_v2.m', 218)" style="font-weight:bold">cst2mysql_v2>importInit</a> (<a href="matlab: opentoline('C:\Users\27950\Desktop\cst2mysql_V2.0\dev\cst2mysql_v2.m',218,0)">第 218 行</a>)
cd('log');

出错 <a href="matlab:matlab.internal.language.introspective.errorDocCallback('cst2mysql_v2>cst2mysql_v2_OpeningFcn', 'C:\Users\27950\Desktop\cst2mysql_V2.0\dev\cst2mysql_v2.m', 59)" style="font-weight:bold">cst2mysql_v2>cst2mysql_v2_OpeningFcn</a> (<a href="matlab: opentoline('C:\Users\27950\Desktop\cst2mysql_V2.0\dev\cst2mysql_v2.m',59,0)">第 59 行</a>)
handles = importInit(handles);

出错 <a href="matlab:matlab.internal.language.introspective.errorDocCallback('gui_mainfcn', 'C:\Program Files\Polyspace\R2021a\toolbox\matlab\guide\gui_mainfcn.m', 220)" style="font-weight:bold">gui_mainfcn</a> (<a href="matlab: opentoline('C:\Program Files\Polyspace\R2021a\toolbox\matlab\guide\gui_mainfcn.m',220,0)">第 220 行</a>)
    feval(gui_State.gui_OpeningFcn, gui_hFigure, [], guidata(gui_hFigure), varargin{:});

出错 <a href="matlab:matlab.internal.language.introspective.errorDocCallback('cst2mysql_v2', 'C:\Users\27950\Desktop\cst2mysql_V2.0\dev\cst2mysql_v2.m', 42)" style="font-weight:bold">cst2mysql_v2</a> (<a href="matlab: opentoline('C:\Users\27950\Desktop\cst2mysql_V2.0\dev\cst2mysql_v2.m',42,0)">第 42 行</a>)
    gui_mainfcn(gui_State, varargin{:});
} 
cst2mysql_v2
