[matlab][INFO] 正在加载配置文件和库函数...
[matlab][INFO] 本次导入属性如下:
    minimum_innodb_buffer_pool_size: '1073741824'
                            DataSrc: 'Metasurface_demo_db'
                               User: 'root'
                                Pwd: '123456'
                              N_MIR: '119.9170'
                              M_FIR: '59.9585'

[matlab][INFO] 正在连接数据库...
[matlab][INFO] 成功连接到数据库
[matlab][INFO] 正在初始化文件信息其他部分...
[matlab][INFO] 初始化完成
[matlab][INFO] 以下文件将被处理并导入:
||=============================================================||
->SquareCuboid_tst.txt
||=============================================================||
 
[matlab][INFO] 正在读取分析文件: SquareCuboid_tst.txt
[matlab][INFO] 第1个文件, 共1个文件
[matlab][INFO] 文件扫描完成
--
               name: 'SquareCuboid_tst.txt'
             folder: 'C:\Users\27950\Desktop\DbMatlab\test files\1.2\single'
               date: '20-3月-2024 17:30:16'
              bytes: 7312
              isdir: 0
            datenum: 7.3933e+05
    paramUnskipFlag: 0
              Shape: 'SquareCuboid'
      NIR_MIR_Split: 0
      MIR_FIR_Split: 0
         DataLength: 20
            DataMap: [1 2 3 0 0]
            DataNum: 3
        TextLineNum: 3
           ParamMap: [0 0 0 0 0 0 0 0 0 0 0 0 0 0 0 0 0 0 0 0]
           ParamNum: 4
          ParamName: {'h'  'h1'  'l'  'p'  []  []  []  []  []  []  []  []  []  []  []  []  []  []  []  []}
             params: {[]}
               Unit: 1
    shapeUnSkipFlag: 0
       CalcDispFlag: 1
         CalPhaFlag: 0
         ParamStart: 17
            shapeID: 2

--
<a href="matlab: opentoline('C:\Users\27950\Desktop\DbMatlab\cst2mysql_V1.0\Src\importGUI_v1.m',191,1)">191 </a>end
guide
[警告: 以后的版本中将会删除 GUIDE。请改用 APPDESIGNER。] 
[警告: 以后的版本中将会删除 GUIDE。请改用 APPDESIGNER。] 
