[matlab][INFO] 正在加载配置文件和库函数...
[matlab][INFO] 本次导入属性如下:
    minimum_innodb_buffer_pool_size: '1073741824'
                            DataSrc: 'Metasurface_demo_db'
                               User: 'root'
                                Pwd: '123456'
                              N_MIR: '119.9170'
                              M_FIR: '59.9585'

[matlab][INFO] 正在连接数据库...
[matlab][INFO] 成功连接到数据库
{错误使用 <a href="matlab:matlab.internal.language.introspective.errorDocCallback('cd')" style="font-weight:bold">cd</a>
无法将当前文件夹更改为 'C:\Users\pc\Desktop\cst2mysql_V1.0\Browse' (名称不存在或不是文件夹)。

出错 <a href="matlab:matlab.internal.language.introspective.errorDocCallback('fileScan', 'C:\Users\pc\Desktop\cst2mysql_V1.0\lib\fileScan.m', 4)" style="font-weight:bold">fileScan</a> (<a href="matlab: opentoline('C:\Users\pc\Desktop\cst2mysql_V1.0\lib\fileScan.m',4,0)">第 4 行</a>)
    cd(Path);

出错 <a href="matlab:matlab.internal.language.introspective.errorDocCallback('importGUI_v1>scanStart_Callback', 'C:\Users\pc\Desktop\cst2mysql_V1.0\Src\importGUI_v1.m', 117)" style="font-weight:bold">importGUI_v1>scanStart_Callback</a> (<a href="matlab: opentoline('C:\Users\pc\Desktop\cst2mysql_V1.0\Src\importGUI_v1.m',117,0)">第 117 行</a>)
handles = fileScan(handles);

出错 <a href="matlab:matlab.internal.language.introspective.errorDocCallback('gui_mainfcn', 'D:\design\MATLAB_version2021\toolbox\matlab\guide\gui_mainfcn.m', 95)" style="font-weight:bold">gui_mainfcn</a> (<a href="matlab: opentoline('D:\design\MATLAB_version2021\toolbox\matlab\guide\gui_mainfcn.m',95,0)">第 95 行</a>)
        feval(varargin{:});

出错 <a href="matlab:matlab.internal.language.introspective.errorDocCallback('importGUI_v1', 'C:\Users\pc\Desktop\cst2mysql_V1.0\Src\importGUI_v1.m', 42)" style="font-weight:bold">importGUI_v1</a> (<a href="matlab: opentoline('C:\Users\pc\Desktop\cst2mysql_V1.0\Src\importGUI_v1.m',42,0)">第 42 行</a>)
    gui_mainfcn(gui_State, varargin{:});

出错 <a href="matlab:matlab.internal.language.introspective.errorDocCallback('matlab.graphics.internal.figfile.FigFile/read>@(hObject,eventdata)importGUI_v1(''scanStart_Callback'',hObject,eventdata,guidata(hObject))')" style="font-weight:bold">matlab.graphics.internal.figfile.FigFile/read>@(hObject,eventdata)importGUI_v1('scanStart_Callback',hObject,eventdata,guidata(hObject))</a>
} 
计算 UIControl Callback 时出错。

[matlab][INFO] 正在初始化文件信息其他部分...
[matlab][INFO] 初始化完成
[matlab][INFO] 以下文件将被处理并导入:
||=============================================================||
->SquareCuboid h=500.txt
->SquareCuboid h=850.txt
->SquareCuboid h=950.txt
->SquareCuboidawd mnjfy akjnwd h=400.txt
->_tst.txt
->resample_p=460.txt
->zSqboid h=1000.txt
||=============================================================||
 
[matlab][INFO] 正在读取分析文件: SquareCuboid h=500.txt
[matlab][INFO] 第1个文件, 共7个文件
[matlab][INFO] 正在读取分析文件: SquareCuboid h=850.txt
[matlab][INFO] 第2个文件, 共7个文件
[matlab][INFO] 正在读取分析文件: SquareCuboid h=950.txt
[matlab][INFO] 第3个文件, 共7个文件
[matlab][INFO] 正在读取分析文件: SquareCuboidawd mnjfy akjnwd h=400.txt
[matlab][INFO] 第4个文件, 共7个文件
[matlab][INFO] 正在读取分析文件: _tst.txt
[matlab][INFO] 第5个文件, 共7个文件
[matlab][INFO] 正在读取分析文件: resample_p=460.txt
[matlab][INFO] 第6个文件, 共7个文件
[matlab][INFO] 正在读取分析文件: zSqboid h=1000.txt
[matlab][INFO] 第7个文件, 共7个文件
[matlab][INFO] 文件扫描完成
<a href="matlab: opentoline('C:\Users\pc\Desktop\cst2mysql_V1.0\Src\importGUI_v1.m',447,1)">447 </a>    disp('_');
if system_dependent('IsDebugMode')==1, dbquit; end
