[matlab][INFO] 正在加载配置文件和库函数...
[matlab][INFO] 本次导入属性如下:
    minimum_innodb_buffer_pool_size: '1073741824'
                            DataSrc: 'Metasurface_demo_db'
                               User: 'root'
                                Pwd: '123456'
                              N_MIR: '119.9170'
                              M_FIR: '59.9585'

[matlab][INFO] 正在连接数据库...
[matlab][INFO] 成功连接到数据库
[matlab][INFO] 正在初始化文件信息其他部分...
[matlab][INFO] 初始化完成
[matlab][INFO] 以下文件将被处理并导入:
||=============================================================||
->SquareCuboid h=850.txt
||=============================================================||
 
[matlab][INFO] 正在读取分析文件: SquareCuboid h=850.txt
[matlab][INFO] 第1个文件, 共1个文件
{函数或变量 'N_MIR' 无法识别。

出错 <a href="matlab:matlab.internal.language.introspective.errorDocCallback('fileScan', 'C:\Users\27950\Desktop\DbMatlab\cst2mysql_V1.0\lib\fileScan.m', 163)" style="font-weight:bold">fileScan</a> (<a href="matlab: opentoline('C:\Users\27950\Desktop\DbMatlab\cst2mysql_V1.0\lib\fileScan.m',163,0)">第 163 行</a>)
            if Sam.data(i,1) > N_MIR && NIR_MIR_Split == 0

出错 <a href="matlab:matlab.internal.language.introspective.errorDocCallback('importGUI_v1>scanStart_Callback', 'C:\Users\27950\Desktop\DbMatlab\cst2mysql_V1.0\Src\importGUI_v1.m', 117)" style="font-weight:bold">importGUI_v1>scanStart_Callback</a> (<a href="matlab: opentoline('C:\Users\27950\Desktop\DbMatlab\cst2mysql_V1.0\Src\importGUI_v1.m',117,0)">第 117 行</a>)
handles = fileScan(handles);

出错 <a href="matlab:matlab.internal.language.introspective.errorDocCallback('gui_mainfcn', 'C:\Program Files\Polyspace\R2021a\toolbox\matlab\guide\gui_mainfcn.m', 95)" style="font-weight:bold">gui_mainfcn</a> (<a href="matlab: opentoline('C:\Program Files\Polyspace\R2021a\toolbox\matlab\guide\gui_mainfcn.m',95,0)">第 95 行</a>)
        feval(varargin{:});

出错 <a href="matlab:matlab.internal.language.introspective.errorDocCallback('importGUI_v1', 'C:\Users\27950\Desktop\DbMatlab\cst2mysql_V1.0\Src\importGUI_v1.m', 42)" style="font-weight:bold">importGUI_v1</a> (<a href="matlab: opentoline('C:\Users\27950\Desktop\DbMatlab\cst2mysql_V1.0\Src\importGUI_v1.m',42,0)">第 42 行</a>)
    gui_mainfcn(gui_State, varargin{:});

出错 <a href="matlab:matlab.internal.language.introspective.errorDocCallback('matlab.graphics.internal.figfile.FigFile/read>@(hObject,eventdata)importGUI_v1(''scanStart_Callback'',hObject,eventdata,guidata(hObject))')" style="font-weight:bold">matlab.graphics.internal.figfile.FigFile/read>@(hObject,eventdata)importGUI_v1('scanStart_Callback',hObject,eventdata,guidata(hObject))</a>
} 
计算 UIControl Callback 时出错。

opentoline('C:\Users\27950\Desktop\DbMatlab\cst2mysql_V1.0\lib\fileScan.m',163,0)
opentoline('C:\Users\27950\Desktop\DbMatlab\cst2mysql_V1.0\lib\fileScan.m',163,0)
[matlab][INFO] 正在初始化文件信息其他部分...
[matlab][INFO] 初始化完成
[matlab][INFO] 以下文件将被处理并导入:
||=============================================================||
->SquareCuboid h=850.txt
||=============================================================||
 
[matlab][INFO] 正在读取分析文件: SquareCuboid h=850.txt
[matlab][INFO] 第1个文件, 共1个文件
{函数或变量 'N_MIR' 无法识别。

出错 <a href="matlab:matlab.internal.language.introspective.errorDocCallback('fileScan', 'C:\Users\27950\Desktop\DbMatlab\cst2mysql_V1.0\lib\fileScan.m', 163)" style="font-weight:bold">fileScan</a> (<a href="matlab: opentoline('C:\Users\27950\Desktop\DbMatlab\cst2mysql_V1.0\lib\fileScan.m',163,0)">第 163 行</a>)
        MIR_FIR_Split = 0;

出错 <a href="matlab:matlab.internal.language.introspective.errorDocCallback('importGUI_v1>scanStart_Callback', 'C:\Users\27950\Desktop\DbMatlab\cst2mysql_V1.0\Src\importGUI_v1.m', 117)" style="font-weight:bold">importGUI_v1>scanStart_Callback</a> (<a href="matlab: opentoline('C:\Users\27950\Desktop\DbMatlab\cst2mysql_V1.0\Src\importGUI_v1.m',117,0)">第 117 行</a>)
handles = fileScan(handles);

出错 <a href="matlab:matlab.internal.language.introspective.errorDocCallback('gui_mainfcn', 'C:\Program Files\Polyspace\R2021a\toolbox\matlab\guide\gui_mainfcn.m', 95)" style="font-weight:bold">gui_mainfcn</a> (<a href="matlab: opentoline('C:\Program Files\Polyspace\R2021a\toolbox\matlab\guide\gui_mainfcn.m',95,0)">第 95 行</a>)
        feval(varargin{:});

出错 <a href="matlab:matlab.internal.language.introspective.errorDocCallback('importGUI_v1', 'C:\Users\27950\Desktop\DbMatlab\cst2mysql_V1.0\Src\importGUI_v1.m', 42)" style="font-weight:bold">importGUI_v1</a> (<a href="matlab: opentoline('C:\Users\27950\Desktop\DbMatlab\cst2mysql_V1.0\Src\importGUI_v1.m',42,0)">第 42 行</a>)
    gui_mainfcn(gui_State, varargin{:});

出错 <a href="matlab:matlab.internal.language.introspective.errorDocCallback('matlab.graphics.internal.figfile.FigFile/read>@(hObject,eventdata)importGUI_v1(''scanStart_Callback'',hObject,eventdata,guidata(hObject))')" style="font-weight:bold">matlab.graphics.internal.figfile.FigFile/read>@(hObject,eventdata)importGUI_v1('scanStart_Callback',hObject,eventdata,guidata(hObject))</a>
} 
计算 UIControl Callback 时出错。

