[matlab][INFO] 正在加载配置文件和库函数...
[matlab][INFO] 本次导入属性如下:
                            DataSrc: 'Metasurface_demo_db'
                               User: 'root'
                                Pwd: '123456'
    minimum_innodb_buffer_pool_size: '1073741824'
                       local_infile: '1'
                              N_MIR: '119.9170'
                              M_FIR: '59.9585'
                    ignoreThickness: '1'
                   defaultThickness: '500'
                       ignoreETheta: '0'
                      defaultETheta: '90'
                           language: 'zh_CN'

[matlab][INFO] 正在连接数据库...
[matlab][INFO] 成功连接到数据库
[matlab][INFO] 正在读取数据库中的S参数信息...
[matlab][INFO] 正在初始化文件信息其他部分...
[matlab][INFO] 初始化完成
[matlab][INFO] 以下文件将被处理并导入:
||=============================================================||
->SquareCuboid-Silicon-Titanium Dioxide- 1d_result - fangzhu.txt
->SquareCuboid-Silicon-Titanium Dioxide-1d_result.txt
||=============================================================||
 
[matlab][INFO] 正在读取分析文件: SquareCuboid-Silicon-Titanium Dioxide- 1d_result - fangzhu.txt
[matlab][INFO] 第1个文件, 共2个文件
[matlab][INFO] 正在读取分析文件: SquareCuboid-Silicon-Titanium Dioxide-1d_result.txt
[matlab][INFO] 第2个文件, 共2个文件
[matlab][INFO] 文件扫描完成
[matlab][INFO] 正在获取文件: SquareCuboid-Silicon-Titanium Dioxide- 1d_result - fangzhu.txt 的所有参数行和数据行...
[matlab][INFO] 正在提取文件: SquareCuboid-Silicon-Titanium Dioxide- 1d_result - fangzhu.txt 的参数值...
[matlab][INFO] 正在计算文件: SquareCuboid-Silicon-Titanium Dioxide- 1d_result - fangzhu.txt 的色散数据...
[matlab][INFO] 正在连接数据库...
[matlab][INFO] 数据库连接成功
[sql][INFO][CRUCIAL] 表genericunitsprmt的起始ID为10, 录入长度为4, 其原文件为SquareCuboid-Silicon-Titanium Dioxide- 1d_result - fangzhu.txt
!! genericunitsprmt-10-4-SquareCuboid-Silicon-Titanium Dioxide- 1d_result - fangzhu.txt
[sql][INFO][CRUCIAL] 表squarecuboidunitsprmt的起始ID为12, 录入长度为4, 其原文件为SquareCuboid-Silicon-Titanium Dioxide- 1d_result - fangzhu.txt
!! squarecuboidunitsprmt-12-4-SquareCuboid-Silicon-Titanium Dioxide- 1d_result - fangzhu.txt
[sql][INFO][CRUCIAL] 表squarecuboidunitsfreqresp_fir的起始ID为1, 录入长度为324, 其原文件为SquareCuboid-Silicon-Titanium Dioxide- 1d_result - fangzhu.txt
!! squarecuboidunitsfreqresp_fir-1-324-SquareCuboid-Silicon-Titanium Dioxide- 1d_result - fangzhu.txt
[matlab][INFO] 正在将数据写入中间文件...
[matlab][INFO] 正在操作genericParam表...

cols =

    'baseMaterial_id, cellMaterial_id, S_Param_id,height,period,thickness,E_theta'

[matlab][INFO] 正在操作ParamArr表...
[matlab][INFO] 正在操作DataArr各表...
[matlab][INFO] 该操作可能需要较长时间, 请耐心等待...
[matlab][INFO] 未检测到近红外NIR数据, 跳过
[matlab][INFO] 未检测到中红外MIR数据, 跳过
[matlab][INFO] 正在获取文件: SquareCuboid-Silicon-Titanium Dioxide-1d_result.txt 的所有参数行和数据行...
[matlab][INFO] 正在提取文件: SquareCuboid-Silicon-Titanium Dioxide-1d_result.txt 的参数值...
[matlab][INFO] 正在计算文件: SquareCuboid-Silicon-Titanium Dioxide-1d_result.txt 的色散数据...
[sql][INFO][CRUCIAL] 表genericunitsprmt的起始ID为11, 录入长度为4, 其原文件为SquareCuboid-Silicon-Titanium Dioxide-1d_result.txt
!! genericunitsprmt-11-4-SquareCuboid-Silicon-Titanium Dioxide-1d_result.txt
[sql][INFO][CRUCIAL] 表squarecuboidunitsprmt的起始ID为19, 录入长度为4, 其原文件为SquareCuboid-Silicon-Titanium Dioxide-1d_result.txt
!! squarecuboidunitsprmt-19-4-SquareCuboid-Silicon-Titanium Dioxide-1d_result.txt
[sql][INFO][CRUCIAL] 表squarecuboidunitsfreqresp_fir的起始ID为1, 录入长度为324, 其原文件为SquareCuboid-Silicon-Titanium Dioxide-1d_result.txt
!! squarecuboidunitsfreqresp_fir-1-324-SquareCuboid-Silicon-Titanium Dioxide-1d_result.txt
[matlab][INFO] 正在将数据写入中间文件...
[matlab][INFO] 正在操作genericParam表...

cols =

    'baseMaterial_id, cellMaterial_id, S_Param_id,height,period,thickness,E_theta'

[matlab][INFO] 正在操作ParamArr表...
[matlab][INFO] 正在操作DataArr各表...
[matlab][INFO] 该操作可能需要较长时间, 请耐心等待...
[matlab][INFO] 未检测到近红外NIR数据, 跳过
[matlab][INFO] 未检测到中红外MIR数据, 跳过
