[matlab][INFO] 正在加载配置文件和库函数...
[matlab][INFO] 本次导入属性如下:
                            DataSrc: 'Metasurface_demo_db'
                               User: 'root'
                                Pwd: '123456'
    minimum_innodb_buffer_pool_size: '1073741824'
                       local_infile: '1'
                              N_MIR: '119.9170'
                              M_FIR: '59.9585'
                    ignoreThickness: '1'
                   defaultThickness: '500'
                       ignoreETheta: '0'
                      defaultETheta: '90'
                           language: 'zh_CN'

[matlab][INFO] 正在连接数据库...
[matlab][INFO] 成功连接到数据库
[matlab][INFO] 正在读取数据库中的S参数信息...
[matlab][INFO] 正在初始化文件信息其他部分...
[matlab][INFO] 初始化完成
[matlab][INFO] 以下文件将被处理并导入:
||=============================================================||
->1d_.txt
->1d_res.txt
->1d_result.txt
||=============================================================||
 
[matlab][INFO] 正在读取分析文件: 1d_.txt
[matlab][INFO] 第1个文件, 共3个文件
[matlab][INFO] 正在读取分析文件: 1d_res.txt
[matlab][INFO] 第2个文件, 共3个文件
[matlab][INFO] 正在读取分析文件: 1d_result.txt
[matlab][INFO] 第3个文件, 共3个文件
[matlab][INFO] 文件扫描完成
<a href="matlab: opentoline('C:\Users\27950\Desktop\DbMatlab\cst2mysql_V2.0\Src\paramsBrowser.m',165,1)">165 </a>mainHandle = guidata(handles.mainHandle);
handles

handles = 

  包含以下字段的 <a href="matlab:helpPopup struct" style="font-weight:bold">struct</a>:

             figure1: [1×1 Figure]
      paramBrowseBox: [1×1 Panel]
               text2: [1×1 UIControl]
               text3: [1×1 UIControl]
           paramName: [1×1 UIControl]
             paramOK: [1×1 UIControl]
              output: [1×1 Figure]
          mainHandle: [1×1 UIControl]
           paramInfo: [12×1 struct]
            language: 'zh_CN'
            nextFile: 3
            mtrlInfo: [3×1 struct]
           shapeInfo: [5×1 struct]
          properties: [1×1 struct]
                 siz: 3
                time: '20240516T175235'
                Path: 'C:\Users\27950\Desktop\DbMatlab\test files\new'
            filePath: 'C:\Users\27950\Desktop\DbMatlab\cst2mysql_V2.0\Src'
            rootPath: 'C:\Users\27950\Desktop\DbMatlab\cst2mysql_V2.0'
          sparamInfo: {12×3 cell}
    genericParamsNum: 7
       paramDispList: 7
            fileInfo: [3×1 struct]
              posTmp: 4

handles.mainHandle

ans = 

  <a href="matlab: helpview ([docroot '/matlab/matlab_oop/matlab_oop.map'],'deleted_handle_objects')">已删除的</a> <a href="matlab:helpPopup matlab.ui.control.UIControl" style="font-weight:bold">UIControl</a> 的句柄

if system_dependent('IsDebugMode')==1, dbquit; end
h=findall(0,'type','figure');
delete(h)
