[matlab][INFO] 正在加载配置文件和库函数...
[matlab][INFO] 本次导入属性如下:
                            DataSrc: 'Metasurface_demo_db'
                               User: 'root'
                                Pwd: '123456'
    minimum_innodb_buffer_pool_size: '1073741824'
                       local_infile: '1'
                              N_MIR: '119.9170'
                              M_FIR: '59.9585'
                    ignoreThickness: '1'
                   defaultThickness: '500'
                       ignoreETheta: '0'
                      defaultETheta: '90'
                           language: 'zh_CN'

[matlab][INFO] 正在连接数据库...
[matlab][INFO] 成功连接到数据库
[matlab][INFO] 正在读取数据库中的S参数信息...
[matlab][INFO] 正在初始化文件信息其他部分...
[matlab][INFO] 初始化完成
[matlab][INFO] 以下文件将被处理并导入:
||=============================================================||
->SquareCuboid-Silicon-Titanium Dioxide-1d_result.txt
||=============================================================||
 
[matlab][INFO] 正在读取分析文件: SquareCuboid-Silicon-Titanium Dioxide-1d_result.txt
[matlab][INFO] 第1个文件, 共1个文件
[matlab][INFO] 文件扫描完成
{输入参数的数目不足。

出错 <a href="matlab:matlab.internal.language.introspective.errorDocCallback('dataImport', 'C:\Users\pc\Desktop\cst2mysql_V2.0\lib\dataImport.m', 25)" style="font-weight:bold">dataImport</a> (<a href="matlab: opentoline('C:\Users\pc\Desktop\cst2mysql_V2.0\lib\dataImport.m',25,0)">第 25 行</a>)
    DataLength =        fileInfo(fileNum).DataLength;

出错 <a href="matlab:matlab.internal.language.introspective.errorDocCallback('cst2mysql_v2>scanStart_Callback', 'C:\Users\pc\Desktop\cst2mysql_V2.0\Src\cst2mysql_v2.m', 174)" style="font-weight:bold">cst2mysql_v2>scanStart_Callback</a> (<a href="matlab: opentoline('C:\Users\pc\Desktop\cst2mysql_V2.0\Src\cst2mysql_v2.m',174,0)">第 174 行</a>)
handles = dataImport(handles);

出错 <a href="matlab:matlab.internal.language.introspective.errorDocCallback('gui_mainfcn', 'D:\design\MATLAB_version2021\toolbox\matlab\guide\gui_mainfcn.m', 95)" style="font-weight:bold">gui_mainfcn</a> (<a href="matlab: opentoline('D:\design\MATLAB_version2021\toolbox\matlab\guide\gui_mainfcn.m',95,0)">第 95 行</a>)
        feval(varargin{:});

出错 <a href="matlab:matlab.internal.language.introspective.errorDocCallback('cst2mysql_v2', 'C:\Users\pc\Desktop\cst2mysql_V2.0\Src\cst2mysql_v2.m', 42)" style="font-weight:bold">cst2mysql_v2</a> (<a href="matlab: opentoline('C:\Users\pc\Desktop\cst2mysql_V2.0\Src\cst2mysql_v2.m',42,0)">第 42 行</a>)
    gui_mainfcn(gui_State, varargin{:});

出错 <a href="matlab:matlab.internal.language.introspective.errorDocCallback('matlab.graphics.internal.figfile.FigFile/read>@(hObject,eventdata)cst2mysql_v2(''scanStart_Callback'',hObject,eventdata,guidata(hObject))')" style="font-weight:bold">matlab.graphics.internal.figfile.FigFile/read>@(hObject,eventdata)cst2mysql_v2('scanStart_Callback',hObject,eventdata,guidata(hObject))</a>
} 
计算 UIControl Callback 时出错。

opentoline('C:\Users\pc\Desktop\cst2mysql_V2.0\lib\dataImport.m',25,0)
close all force
opentoline('C:\Users\pc\Desktop\cst2mysql_V2.0\lib\dataImport.m',25,0)
cst2mysql_v2
