[matlab][INFO] 正在加载配置文件和库函数...
[matlab][INFO] 本次导入属性如下:
                            DataSrc: 'Metasurface_demo_db'
                               User: 'root'
                                Pwd: '123456'
    minimum_innodb_buffer_pool_size: '1073741824'
                       local_infile: '1'
                              N_MIR: '119.9170'
                              M_FIR: '59.9585'
                    ignoreThickness: '1'
                   defaultThickness: '500'
                       ignoreETheta: '0'
                      defaultETheta: '90'
                           language: 'zh_CN'

[matlab][INFO] 正在连接数据库...
[matlab][INFO] 成功连接到数据库
[matlab][INFO] 正在读取数据库中的S参数信息...
[matlab][INFO] 正在初始化文件信息其他部分...
[matlab][INFO] 初始化完成
[matlab][INFO] 以下文件将被处理并导入:
||=============================================================||
->SquareCuboid-Silicon-Titanium Dioxide-1d_result.txt
||=============================================================||
 
[matlab][INFO] 正在读取分析文件: SquareCuboid-Silicon-Titanium Dioxide-1d_result.txt
[matlab][INFO] 第1个文件, 共1个文件
[matlab][INFO] 文件扫描完成
[matlab][INFO] 正在获取文件: SquareCuboid-Silicon-Titanium Dioxide-1d_result.txt 的所有参数行和数据行...
[matlab][INFO] 正在获取文件: SquareCuboid-Silicon-Titanium Dioxide-1d_result.txt 的所有数据行和数据描述行...
[matlab][INFO] 正在提取文件: SquareCuboid-Silicon-Titanium Dioxide-1d_result.txt 的参数值...
[matlab][INFO] 正在扫描文件 SquareCuboid-Silicon-Titanium Dioxide-1d_result.txt 的S参数ID...
[matlab][INFO] 正在计算文件: SquareCuboid-Silicon-Titanium Dioxide-1d_result.txt 的色散数据...
[matlab][INFO] 正在连接数据库...
[matlab][INFO] 数据库连接成功
[matlab][INFO] 正在将genericParam写入数据库...
[sql][INFO][CRUCIAL] 本次录入将文件SquareCuboid-Silicon-Titanium Dioxide-1d_result.txt的通用参数部分录入表genericunitsprmt, 详情id如下:
!! SquareCuboid-Silicon-Titanium Dioxide-1d_result.txt-genericunitsprmt-8-7-6-5-
[matlab][INFO] 正在为ParamArr匹配外键...
[matlab][INFO] 正在将ParamArr写入数据库...
[sql][INFO][CRUCIAL] 本次录入将文件SquareCuboid-Silicon-Titanium Dioxide-1d_result.txt的特定参数部分录入表squarecuboidunitsprmt, 详情id如下:
!! SquareCuboid-Silicon-Titanium Dioxide-1d_result.txt-squarecuboidunitsprmt-8-7-6-5-
[matlab][INFO] 未检测到近红外NIR数据, 跳过
[matlab][INFO] 未检测到中红外MIR数据, 跳过
[matlab][INFO] 正在为DataArr_FIR匹配外键...
[matlab][INFO] 正在将DataArr_FIR写入数据库, 该操作可能需要一段时间...
[sql][INFO][CRUCIAL] 本次录入将文件SquareCuboid-Silicon-Titanium Dioxide-1d_result.txt的远红外数据部分录入表squarecuboidunitsfreqresp_fir, 详情id如下:
!! SquareCuboid-Silicon-Titanium Dioxide-1d_result.txt-squarecuboidunitsfreqresp_fir-648-647-646-645-644-643-642-641-640-639-638-637-636-635-634-633-632-631-630-629-628-627-626-625-624-623-622-621-620-619-618-617-616-615-614-613-612-611-610-609-608-607-606-605-604-603-602-601-600-599-598-597-596-595-594-593-592-591-590-589-588-587-586-585-584-583-582-581-580-579-578-577-576-575-574-573-572-571-570-569-568-567-566-565-564-563-562-561-560-559-558-557-556-555-554-553-552-551-550-549-548-547-546-545-544-543-542-541-540-539-538-537-536-535-534-533-532-531-530-529-528-527-526-525-524-523-522-521-520-519-518-517-516-515-514-513-512-511-510-509-508-507-506-505-504-503-502-501-500-499-498-497-496-495-494-493-492-491-490-489-488-487-486-485-484-483-482-481-480-479-478-477-476-475-474-473-472-471-470-469-468-467-466-465-464-463-462-461-460-459-458-457-456-455-454-453-452-451-450-449-448-447-446-445-444-443-442-441-440-439-438-437-436-435-434-433-432-431-430-429-428-427-426-425-424-423-422-421-420-419-418-417-416-415-414-413-412-411-410-409-408-407-406-405-404-403-402-401-400-399-398-397-396-395-394-393-392-391-390-389-388-387-386-385-384-383-382-381-380-379-378-377-376-375-374-373-372-371-370-369-368-367-366-365-364-363-362-361-360-359-358-357-356-355-354-353-352-351-350-349-348-347-346-345-344-343-342-341-340-339-338-337-336-335-334-333-332-331-330-329-328-327-326-325-
cst2mysql_v2
