[matlab][INFO] 正在加载配置文件和库函数...
[matlab][INFO] 本次导入属性如下:
                            DataSrc: 'Metasurface_demo_db'
                               User: 'root'
                                Pwd: '123456'
    minimum_innodb_buffer_pool_size: '1073741824'
                       local_infile: '1'
                              N_MIR: '119.9170'
                              M_FIR: '59.9585'
                    ignoreThickness: '1'
                   defaultThickness: '500'
                       ignoreETheta: '0'
                      defaultETheta: '90'
                           language: 'zh_CN'

[matlab][INFO] 正在连接数据库...
[matlab][INFO] 成功连接到数据库
[matlab][INFO] 正在读取数据库中的S参数信息...
[matlab][INFO] 正在初始化文件信息其他部分...
[matlab][INFO] 初始化完成
[matlab][INFO] 以下文件将被处理并导入:
||=============================================================||
->SquareCuboid-Silicon-Titanium Dioxide-1d_.txt
->SquareCuboid-Silicon-Titanium Dioxide-1d_res_nostrd.txt
->SquareCuboid-Silicon-Titanium Dioxide-1d_result.txt
||=============================================================||
 
[matlab][INFO] 正在读取分析文件: SquareCuboid-Silicon-Titanium Dioxide-1d_.txt
[matlab][INFO] 第1个文件, 共3个文件
[matlab][INFO] 正在读取分析文件: SquareCuboid-Silicon-Titanium Dioxide-1d_res_nostrd.txt
[matlab][INFO] 第2个文件, 共3个文件
[matlab][INFO] 正在读取分析文件: SquareCuboid-Silicon-Titanium Dioxide-1d_result.txt
[matlab][INFO] 第3个文件, 共3个文件
[matlab][INFO] 文件扫描完成
[matlab][INFO] 正在获取文件: SquareCuboid-Silicon-Titanium Dioxide-1d_.txt 的所有参数行和数据行...
[matlab][INFO] 正在获取文件: SquareCuboid-Silicon-Titanium Dioxide-1d_.txt 的所有数据行和数据描述行...
[matlab][INFO] 正在提取文件: SquareCuboid-Silicon-Titanium Dioxide-1d_.txt 的参数值...
[matlab][INFO] 正在扫描文件 SquareCuboid-Silicon-Titanium Dioxide-1d_.txt 的S参数ID...
[matlab][INFO] 正在计算文件: SquareCuboid-Silicon-Titanium Dioxide-1d_.txt 的色散数据...
[matlab][INFO] 正在连接数据库...
[matlab][INFO] 数据库连接成功
[matlab][INFO] 正在将genericParam写入数据库...
[sql][INFO][CRUCIAL] 本次录入将文件SquareCuboid-Silicon-Titanium Dioxide-1d_.txt的通用参数部分录入表genericunitsprmt, 详情id如下:
!! SquareCuboid-Silicon-Titanium Dioxide-1d_.txt-genericunitsprmt-58-57-56-55-
[matlab][INFO] 正在为ParamArr匹配外键...
[matlab][INFO] 正在将ParamArr写入数据库...
[sql][INFO][CRUCIAL] 本次录入将文件SquareCuboid-Silicon-Titanium Dioxide-1d_.txt的特定参数部分录入表squarecuboidunitsprmt, 详情id如下:
!! SquareCuboid-Silicon-Titanium Dioxide-1d_.txt-squarecuboidunitsprmt-76-75-74-73-
[matlab][INFO] 未检测到近红外NIR数据, 跳过
[matlab][INFO] 未检测到中红外MIR数据, 跳过
[matlab][INFO] 正在为DataArr_FIR匹配外键...
[matlab][INFO] 正在将DataArr_FIR写入数据库, 该操作可能需要一段时间...
[sql][INFO][CRUCIAL] 本次录入将文件SquareCuboid-Silicon-Titanium Dioxide-1d_.txt的远红外数据部分录入表squarecuboidunitsfreqresp_fir, 详情id如下:
!! SquareCuboid-Silicon-Titanium Dioxide-1d_.txt-squarecuboidunitsfreqresp_fir-6156-6155-6154-6153-6152-6151-6150-6149-6148-6147-6146-6145-6144-6143-6142-6141-6140-6139-6138-6137-6136-6135-6134-6133-6132-6131-6130-6129-6128-6127-6126-6125-6124-6123-6122-6121-6120-6119-6118-6117-6116-6115-6114-6113-6112-6111-6110-6109-6108-6107-6106-6105-6104-6103-6102-6101-6100-6099-6098-6097-6096-6095-6094-6093-6092-6091-6090-6089-6088-6087-6086-6085-6084-6083-6082-6081-6080-6079-6078-6077-6076-6075-6074-6073-6072-6071-6070-6069-6068-6067-6066-6065-6064-6063-6062-6061-6060-6059-6058-6057-6056-6055-6054-6053-6052-6051-6050-6049-6048-6047-6046-6045-6044-6043-6042-6041-6040-6039-6038-6037-6036-6035-6034-6033-6032-6031-6030-6029-6028-6027-6026-6025-6024-6023-6022-6021-6020-6019-6018-6017-6016-6015-6014-6013-6012-6011-6010-6009-6008-6007-6006-6005-6004-6003-6002-6001-6000-5999-5998-5997-5996-5995-5994-5993-5992-5991-5990-5989-5988-5987-5986-5985-5984-5983-5982-5981-5980-5979-5978-5977-5976-5975-5974-5973-5972-5971-5970-5969-5968-5967-5966-5965-5964-5963-5962-5961-5960-5959-5958-5957-5956-5955-5954-5953-5952-5951-5950-5949-5948-5947-5946-5945-5944-5943-5942-5941-5940-5939-5938-5937-5936-5935-5934-5933-5932-5931-5930-5929-5928-5927-5926-5925-5924-5923-5922-5921-5920-5919-5918-5917-5916-5915-5914-5913-5912-5911-5910-5909-5908-5907-5906-5905-5904-5903-5902-5901-5900-5899-5898-5897-5896-5895-5894-5893-5892-5891-5890-5889-5888-5887-5886-5885-5884-5883-5882-5881-5880-5879-5878-5877-5876-5875-5874-5873-5872-5871-5870-5869-5868-5867-5866-5865-5864-5863-5862-5861-5860-5859-5858-5857-5856-5855-5854-5853-5852-5851-5850-5849-5848-5847-5846-5845-5844-5843-5842-5841-5840-5839-5838-5837-5836-5835-5834-5833-
[matlab][INFO] 正在获取文件: SquareCuboid-Silicon-Titanium Dioxide-1d_res_nostrd.txt 的所有参数行和数据行...
[matlab][INFO] 正在获取文件: SquareCuboid-Silicon-Titanium Dioxide-1d_res_nostrd.txt 的所有数据行和数据描述行...
[matlab][INFO] 正在提取文件: SquareCuboid-Silicon-Titanium Dioxide-1d_res_nostrd.txt 的参数值...
[matlab][INFO] 正在扫描文件 SquareCuboid-Silicon-Titanium Dioxide-1d_res_nostrd.txt 的S参数ID...
[matlab][INFO] 正在计算文件: SquareCuboid-Silicon-Titanium Dioxide-1d_res_nostrd.txt 的色散数据...
[matlab][INFO] 正在将genericParam写入数据库...
[sql][INFO][CRUCIAL] 本次录入将文件SquareCuboid-Silicon-Titanium Dioxide-1d_res_nostrd.txt的通用参数部分录入表genericunitsprmt, 详情id如下:
!! SquareCuboid-Silicon-Titanium Dioxide-1d_res_nostrd.txt-genericunitsprmt-59-
[matlab][INFO] 正在为ParamArr匹配外键...
[matlab][INFO] 正在将ParamArr写入数据库...
[sql][INFO][CRUCIAL] 本次录入将文件SquareCuboid-Silicon-Titanium Dioxide-1d_res_nostrd.txt的特定参数部分录入表squarecuboidunitsprmt, 详情id如下:
!! SquareCuboid-Silicon-Titanium Dioxide-1d_res_nostrd.txt-squarecuboidunitsprmt-80-79-78-77-
[matlab][INFO] 未检测到近红外NIR数据, 跳过
[matlab][INFO] 未检测到中红外MIR数据, 跳过
[matlab][INFO] 正在为DataArr_FIR匹配外键...
[matlab][INFO] 正在将DataArr_FIR写入数据库, 该操作可能需要一段时间...
[sql][INFO][CRUCIAL] 本次录入将文件SquareCuboid-Silicon-Titanium Dioxide-1d_res_nostrd.txt的远红外数据部分录入表squarecuboidunitsfreqresp_fir, 详情id如下:
!! SquareCuboid-Silicon-Titanium Dioxide-1d_res_nostrd.txt-squarecuboidunitsfreqresp_fir-6480-6479-6478-6477-6476-6475-6474-6473-6472-6471-6470-6469-6468-6467-6466-6465-6464-6463-6462-6461-6460-6459-6458-6457-6456-6455-6454-6453-6452-6451-6450-6449-6448-6447-6446-6445-6444-6443-6442-6441-6440-6439-6438-6437-6436-6435-6434-6433-6432-6431-6430-6429-6428-6427-6426-6425-6424-6423-6422-6421-6420-6419-6418-6417-6416-6415-6414-6413-6412-6411-6410-6409-6408-6407-6406-6405-6404-6403-6402-6401-6400-6399-6398-6397-6396-6395-6394-6393-6392-6391-6390-6389-6388-6387-6386-6385-6384-6383-6382-6381-6380-6379-6378-6377-6376-6375-6374-6373-6372-6371-6370-6369-6368-6367-6366-6365-6364-6363-6362-6361-6360-6359-6358-6357-6356-6355-6354-6353-6352-6351-6350-6349-6348-6347-6346-6345-6344-6343-6342-6341-6340-6339-6338-6337-6336-6335-6334-6333-6332-6331-6330-6329-6328-6327-6326-6325-6324-6323-6322-6321-6320-6319-6318-6317-6316-6315-6314-6313-6312-6311-6310-6309-6308-6307-6306-6305-6304-6303-6302-6301-6300-6299-6298-6297-6296-6295-6294-6293-6292-6291-6290-6289-6288-6287-6286-6285-6284-6283-6282-6281-6280-6279-6278-6277-6276-6275-6274-6273-6272-6271-6270-6269-6268-6267-6266-6265-6264-6263-6262-6261-6260-6259-6258-6257-6256-6255-6254-6253-6252-6251-6250-6249-6248-6247-6246-6245-6244-6243-6242-6241-6240-6239-6238-6237-6236-6235-6234-6233-6232-6231-6230-6229-6228-6227-6226-6225-6224-6223-6222-6221-6220-6219-6218-6217-6216-6215-6214-6213-6212-6211-6210-6209-6208-6207-6206-6205-6204-6203-6202-6201-6200-6199-6198-6197-6196-6195-6194-6193-6192-6191-6190-6189-6188-6187-6186-6185-6184-6183-6182-6181-6180-6179-6178-6177-6176-6175-6174-6173-6172-6171-6170-6169-6168-6167-6166-6165-6164-6163-6162-6161-6160-6159-6158-6157-
[matlab][INFO] 正在获取文件: SquareCuboid-Silicon-Titanium Dioxide-1d_result.txt 的所有参数行和数据行...
[matlab][INFO] 正在获取文件: SquareCuboid-Silicon-Titanium Dioxide-1d_result.txt 的所有数据行和数据描述行...
[matlab][INFO] 正在提取文件: SquareCuboid-Silicon-Titanium Dioxide-1d_result.txt 的参数值...
[matlab][INFO] 正在扫描文件 SquareCuboid-Silicon-Titanium Dioxide-1d_result.txt 的S参数ID...
[matlab][INFO] 正在计算文件: SquareCuboid-Silicon-Titanium Dioxide-1d_result.txt 的色散数据...
[matlab][INFO] 正在将genericParam写入数据库...
[sql][INFO][CRUCIAL] 本次录入将文件SquareCuboid-Silicon-Titanium Dioxide-1d_result.txt的通用参数部分录入表genericunitsprmt, 详情id如下:
!! SquareCuboid-Silicon-Titanium Dioxide-1d_result.txt-genericunitsprmt-63-62-61-60-
[matlab][INFO] 正在为ParamArr匹配外键...
[matlab][INFO] 正在将ParamArr写入数据库...
[sql][INFO][CRUCIAL] 本次录入将文件SquareCuboid-Silicon-Titanium Dioxide-1d_result.txt的特定参数部分录入表squarecuboidunitsprmt, 详情id如下:
!! SquareCuboid-Silicon-Titanium Dioxide-1d_result.txt-squarecuboidunitsprmt-84-83-82-81-
[matlab][INFO] 未检测到近红外NIR数据, 跳过
[matlab][INFO] 未检测到中红外MIR数据, 跳过
[matlab][INFO] 正在为DataArr_FIR匹配外键...
[matlab][INFO] 正在将DataArr_FIR写入数据库, 该操作可能需要一段时间...
[sql][INFO][CRUCIAL] 本次录入将文件SquareCuboid-Silicon-Titanium Dioxide-1d_result.txt的远红外数据部分录入表squarecuboidunitsfreqresp_fir, 详情id如下:
!! SquareCuboid-Silicon-Titanium Dioxide-1d_result.txt-squarecuboidunitsfreqresp_fir-6804-6803-6802-6801-6800-6799-6798-6797-6796-6795-6794-6793-6792-6791-6790-6789-6788-6787-6786-6785-6784-6783-6782-6781-6780-6779-6778-6777-6776-6775-6774-6773-6772-6771-6770-6769-6768-6767-6766-6765-6764-6763-6762-6761-6760-6759-6758-6757-6756-6755-6754-6753-6752-6751-6750-6749-6748-6747-6746-6745-6744-6743-6742-6741-6740-6739-6738-6737-6736-6735-6734-6733-6732-6731-6730-6729-6728-6727-6726-6725-6724-6723-6722-6721-6720-6719-6718-6717-6716-6715-6714-6713-6712-6711-6710-6709-6708-6707-6706-6705-6704-6703-6702-6701-6700-6699-6698-6697-6696-6695-6694-6693-6692-6691-6690-6689-6688-6687-6686-6685-6684-6683-6682-6681-6680-6679-6678-6677-6676-6675-6674-6673-6672-6671-6670-6669-6668-6667-6666-6665-6664-6663-6662-6661-6660-6659-6658-6657-6656-6655-6654-6653-6652-6651-6650-6649-6648-6647-6646-6645-6644-6643-6642-6641-6640-6639-6638-6637-6636-6635-6634-6633-6632-6631-6630-6629-6628-6627-6626-6625-6624-6623-6622-6621-6620-6619-6618-6617-6616-6615-6614-6613-6612-6611-6610-6609-6608-6607-6606-6605-6604-6603-6602-6601-6600-6599-6598-6597-6596-6595-6594-6593-6592-6591-6590-6589-6588-6587-6586-6585-6584-6583-6582-6581-6580-6579-6578-6577-6576-6575-6574-6573-6572-6571-6570-6569-6568-6567-6566-6565-6564-6563-6562-6561-6560-6559-6558-6557-6556-6555-6554-6553-6552-6551-6550-6549-6548-6547-6546-6545-6544-6543-6542-6541-6540-6539-6538-6537-6536-6535-6534-6533-6532-6531-6530-6529-6528-6527-6526-6525-6524-6523-6522-6521-6520-6519-6518-6517-6516-6515-6514-6513-6512-6511-6510-6509-6508-6507-6506-6505-6504-6503-6502-6501-6500-6499-6498-6497-6496-6495-6494-6493-6492-6491-6490-6489-6488-6487-6486-6485-6484-6483-6482-6481-
[matlab][INFO] 正在初始化文件信息其他部分...
[matlab][INFO] 初始化完成
[matlab][INFO] 以下文件将被处理并导入:
||=============================================================||
->1d_.txt
->1d_res.txt
->1d_result.txt
||=============================================================||
 
[matlab][INFO] 正在读取分析文件: 1d_.txt
[matlab][INFO] 第1个文件, 共3个文件
[matlab][INFO] 正在读取分析文件: 1d_res.txt
[matlab][INFO] 第2个文件, 共3个文件
[matlab][INFO] 正在读取分析文件: 1d_result.txt
[matlab][INFO] 第3个文件, 共3个文件
[matlab][INFO] 文件扫描完成
{错误使用 <a href="matlab:matlab.internal.language.introspective.errorDocCallback('guidata', 'C:\Program Files\Polyspace\R2021a\toolbox\matlab\uitools\guidata.m', 87)" style="font-weight:bold">guidata</a> (<a href="matlab: opentoline('C:\Program Files\Polyspace\R2021a\toolbox\matlab\uitools\guidata.m',87,0)">第 87 行</a>)
对象必须为图窗或其子对象之一。

出错 <a href="matlab:matlab.internal.language.introspective.errorDocCallback('filePropertiesBrowser>filePropertiesOK_Callback', 'C:\Users\27950\Desktop\DbMatlab\cst2mysql_V2.0\Src\filePropertiesBrowser.m', 219)" style="font-weight:bold">filePropertiesBrowser>filePropertiesOK_Callback</a> (<a href="matlab: opentoline('C:\Users\27950\Desktop\DbMatlab\cst2mysql_V2.0\Src\filePropertiesBrowser.m',219,0)">第 219 行</a>)
            guidata(hObject, handles);

出错 <a href="matlab:matlab.internal.language.introspective.errorDocCallback('gui_mainfcn', 'C:\Program Files\Polyspace\R2021a\toolbox\matlab\guide\gui_mainfcn.m', 95)" style="font-weight:bold">gui_mainfcn</a> (<a href="matlab: opentoline('C:\Program Files\Polyspace\R2021a\toolbox\matlab\guide\gui_mainfcn.m',95,0)">第 95 行</a>)
        feval(varargin{:});

出错 <a href="matlab:matlab.internal.language.introspective.errorDocCallback('filePropertiesBrowser', 'C:\Users\27950\Desktop\DbMatlab\cst2mysql_V2.0\Src\filePropertiesBrowser.m', 42)" style="font-weight:bold">filePropertiesBrowser</a> (<a href="matlab: opentoline('C:\Users\27950\Desktop\DbMatlab\cst2mysql_V2.0\Src\filePropertiesBrowser.m',42,0)">第 42 行</a>)
    gui_mainfcn(gui_State, varargin{:});

出错 <a href="matlab:matlab.internal.language.introspective.errorDocCallback('matlab.graphics.internal.figfile.FigFile/read>@(hObject,eventdata)filePropertiesBrowser(''filePropertiesOK_Callback'',hObject,eventdata,guidata(hObject))')" style="font-weight:bold">matlab.graphics.internal.figfile.FigFile/read>@(hObject,eventdata)filePropertiesBrowser('filePropertiesOK_Callback',hObject,eventdata,guidata(hObject))</a>
} 
计算 DestroyedObject Callback 时出错。

opentoline('C:\Program Files\Polyspace\R2021a\toolbox\matlab\uitools\guidata.m',87,0)
opentoline('C:\Users\27950\Desktop\DbMatlab\cst2mysql_V2.0\Src\filePropertiesBrowser.m',219,0)
