[matlab][INFO] 请输入操作者称谓: 
->guwudx
 
[matlab][INFO] 正在加载配置文件和库函数...
[matlab][INFO] 本次导入属性如下:
    minimum_innodb_buffer_pool_size: '1073741824'
                            DataSrc: 'Metasurface_demo_db'
                               User: 'root'
                                Pwd: '123456'
                              N_MIR: '119.9170'
                              M_FIR: '59.9585'

[matlab][INFO] 正在连接数据库...
[matlab][INFO] 成功连接到数据库
[matlab][INFO] 检测到数据库缓冲池大小不足, 正在设置为: 1073741824
[matlab][INFO] 请输入待导入数据文件路径: C:\Users\pc\Desktop\QAQ\Org\重采样后数据
[matlab][INFO] 正在扫描数据文件(txt)...
[matlab][INFO] 正在初始化文件信息其他部分...
[matlab][INFO] 初始化完成
[matlab][INFO] 以下文件将被处理并导入:
||=============================================================||
->SquareCuboid resample_p=460.txt
->SquareCuboidresample_p=200.txt
->SquareCuboidresample_p=220.txt
->SquareCuboidresample_p=240.txt
->SquareCuboidresample_p=260.txt
->SquareCuboidresample_p=280.txt
->SquareCuboidresample_p=300.txt
->SquareCuboidresample_p=320.txt
->SquareCuboidresample_p=340.txt
->SquareCuboidresample_p=360.txt
->SquareCuboidresample_p=380.txt
->SquareCuboidresample_p=400.txt
->SquareCuboidresample_p=420.txt
->SquareCuboidresample_p=440.txt
||=============================================================||
 
[matlab][INFO] 正在读取分析文件: SquareCuboid resample_p=460.txt
[matlab][INFO] 第1个文件, 共14个文件
[matlab][INFO] 正在读取分析文件: SquareCuboidresample_p=200.txt
[matlab][INFO] 第2个文件, 共14个文件
[matlab][INFO] 正在读取分析文件: SquareCuboidresample_p=220.txt
[matlab][INFO] 第3个文件, 共14个文件
[matlab][INFO] 正在读取分析文件: SquareCuboidresample_p=240.txt
[matlab][INFO] 第4个文件, 共14个文件
[matlab][INFO] 正在读取分析文件: SquareCuboidresample_p=260.txt
[matlab][INFO] 第5个文件, 共14个文件
[matlab][INFO] 正在读取分析文件: SquareCuboidresample_p=280.txt
[matlab][INFO] 第6个文件, 共14个文件
[matlab][INFO] 正在读取分析文件: SquareCuboidresample_p=300.txt
[matlab][INFO] 第7个文件, 共14个文件
[matlab][INFO] 正在读取分析文件: SquareCuboidresample_p=320.txt
[matlab][INFO] 第8个文件, 共14个文件
[matlab][INFO] 正在读取分析文件: SquareCuboidresample_p=340.txt
[matlab][INFO] 第9个文件, 共14个文件
[matlab][INFO] 正在读取分析文件: SquareCuboidresample_p=360.txt
[matlab][INFO] 第10个文件, 共14个文件
[matlab][INFO] 正在读取分析文件: SquareCuboidresample_p=380.txt
[matlab][INFO] 第11个文件, 共14个文件
[matlab][INFO] 正在读取分析文件: SquareCuboidresample_p=400.txt
[matlab][INFO] 第12个文件, 共14个文件
[matlab][INFO] 正在读取分析文件: SquareCuboidresample_p=420.txt
[matlab][INFO] 第13个文件, 共14个文件
[matlab][INFO] 正在读取分析文件: SquareCuboidresample_p=440.txt
[matlab][INFO] 第14个文件, 共14个文件
[matlab][INFO] 检测到文件: SquareCuboidresample_p=200.txt 的参数信息与文件: SquareCuboid resample_p=460.txt 一致, 已跳过
[matlab][INFO] 检测到文件: SquareCuboidresample_p=220.txt 的参数信息与文件: SquareCuboid resample_p=460.txt 一致, 已跳过
[matlab][INFO] 检测到文件: SquareCuboidresample_p=240.txt 的参数信息与文件: SquareCuboid resample_p=460.txt 一致, 已跳过
[matlab][INFO] 检测到文件: SquareCuboidresample_p=260.txt 的参数信息与文件: SquareCuboid resample_p=460.txt 一致, 已跳过
[matlab][INFO] 检测到文件: SquareCuboidresample_p=280.txt 的参数信息与文件: SquareCuboid resample_p=460.txt 一致, 已跳过
[matlab][INFO] 检测到文件: SquareCuboidresample_p=300.txt 的参数信息与文件: SquareCuboid resample_p=460.txt 一致, 已跳过
[matlab][INFO] 检测到文件: SquareCuboidresample_p=320.txt 的参数信息与文件: SquareCuboid resample_p=460.txt 一致, 已跳过
[matlab][INFO] 检测到文件: SquareCuboidresample_p=340.txt 的参数信息与文件: SquareCuboid resample_p=460.txt 一致, 已跳过
[matlab][INFO] 检测到文件: SquareCuboidresample_p=360.txt 的参数信息与文件: SquareCuboid resample_p=460.txt 一致, 已跳过
[matlab][INFO] 检测到文件: SquareCuboidresample_p=380.txt 的参数信息与文件: SquareCuboid resample_p=460.txt 一致, 已跳过
[matlab][INFO] 检测到文件: SquareCuboidresample_p=400.txt 的参数信息与文件: SquareCuboid resample_p=460.txt 一致, 已跳过
[matlab][INFO] 检测到文件: SquareCuboidresample_p=420.txt 的参数信息与文件: SquareCuboid resample_p=460.txt 一致, 已跳过
[matlab][INFO] 检测到文件: SquareCuboidresample_p=440.txt 的参数信息与文件: SquareCuboid resample_p=460.txt 一致, 已跳过
[matlab][INFO] 正在获取文件: SquareCuboid resample_p=460.txt 的所有参数行和数据行...
[matlab][INFO] 正在提取文件: SquareCuboid resample_p=460.txt 的参数值...
[matlab][INFO] 正在计算文件: SquareCuboid resample_p=460.txt 的色散数据...
[matlab][INFO] 正在连接数据库...
[matlab][INFO] 数据库连接成功
[sql][INFO][CRUCIAL] 表genericunitsprmt的起始ID为210, 录入长度为839, 其原文件为SquareCuboid resample_p=460.txt
!! genericunitsprmt-210-839-SquareCuboid resample_p=460.txt
[sql][INFO][CRUCIAL] 表squarecuboidunitsprmt的起始ID为8596, 录入长度为839, 其原文件为SquareCuboid resample_p=460.txt
!! squarecuboidunitsprmt-8596-839-SquareCuboid resample_p=460.txt
[sql][INFO][CRUCIAL] 表squarecuboidunitsfreqresp_nir的起始ID为856796, 录入长度为114104, 其原文件为SquareCuboid resample_p=460.txt
!! squarecuboidunitsfreqresp_nir-856796-114104-SquareCuboid resample_p=460.txt
[matlab][INFO] 正在将数据写入中间文件...
[matlab][INFO] 正在操作genericParam表...
[matlab][INFO] 正在操作ParamArr表...
[matlab][INFO] 正在操作DataArr各表...
[matlab][INFO] 该操作可能需要较长时间, 请耐心等待...
[matlab][INFO] 未检测到中红外MIR数据, 跳过
[matlab][INFO] 未检测到远红外FIR数据, 跳过
[matlab][INFO] 正在获取文件: SquareCuboidresample_p=200.txt 的所有参数行和数据行...
[matlab][INFO] 正在提取文件: SquareCuboidresample_p=200.txt 的参数值...
[matlab][INFO] 正在计算文件: SquareCuboidresample_p=200.txt 的色散数据...
[sql][INFO][CRUCIAL] 表genericunitsprmt的起始ID为223, 录入长度为169, 其原文件为SquareCuboidresample_p=200.txt
!! genericunitsprmt-223-169-SquareCuboidresample_p=200.txt
[sql][INFO][CRUCIAL] 表squarecuboidunitsprmt的起始ID为9435, 录入长度为169, 其原文件为SquareCuboidresample_p=200.txt
!! squarecuboidunitsprmt-9435-169-SquareCuboidresample_p=200.txt
[sql][INFO][CRUCIAL] 表squarecuboidunitsfreqresp_nir的起始ID为970900, 录入长度为22984, 其原文件为SquareCuboidresample_p=200.txt
!! squarecuboidunitsfreqresp_nir-970900-22984-SquareCuboidresample_p=200.txt
[matlab][INFO] 正在将数据写入中间文件...
[matlab][INFO] 正在操作genericParam表...
[matlab][INFO] 正在操作ParamArr表...
[matlab][INFO] 正在操作DataArr各表...
[matlab][INFO] 该操作可能需要较长时间, 请耐心等待...
[matlab][INFO] 未检测到中红外MIR数据, 跳过
[matlab][INFO] 未检测到远红外FIR数据, 跳过
[matlab][INFO] 正在获取文件: SquareCuboidresample_p=220.txt 的所有参数行和数据行...
[matlab][INFO] 正在提取文件: SquareCuboidresample_p=220.txt 的参数值...
[matlab][INFO] 正在计算文件: SquareCuboidresample_p=220.txt 的色散数据...
[sql][INFO][CRUCIAL] 表genericunitsprmt的起始ID为238, 录入长度为221, 其原文件为SquareCuboidresample_p=220.txt
!! genericunitsprmt-238-221-SquareCuboidresample_p=220.txt
[sql][INFO][CRUCIAL] 表squarecuboidunitsprmt的起始ID为9762, 录入长度为221, 其原文件为SquareCuboidresample_p=220.txt
!! squarecuboidunitsprmt-9762-221-SquareCuboidresample_p=220.txt
[sql][INFO][CRUCIAL] 表squarecuboidunitsfreqresp_nir的起始ID为970900, 录入长度为30056, 其原文件为SquareCuboidresample_p=220.txt
!! squarecuboidunitsfreqresp_nir-970900-30056-SquareCuboidresample_p=220.txt
[matlab][INFO] 正在将数据写入中间文件...
[matlab][INFO] 正在操作genericParam表...
[matlab][INFO] 正在操作ParamArr表...
[matlab][INFO] 正在操作DataArr各表...
[matlab][INFO] 该操作可能需要较长时间, 请耐心等待...
[matlab][INFO] 未检测到中红外MIR数据, 跳过
[matlab][INFO] 未检测到远红外FIR数据, 跳过
[matlab][INFO] 正在获取文件: SquareCuboidresample_p=240.txt 的所有参数行和数据行...
[matlab][INFO] 正在提取文件: SquareCuboidresample_p=240.txt 的参数值...
[matlab][INFO] 正在计算文件: SquareCuboidresample_p=240.txt 的色散数据...
[sql][INFO][CRUCIAL] 表genericunitsprmt的起始ID为253, 录入长度为273, 其原文件为SquareCuboidresample_p=240.txt
!! genericunitsprmt-253-273-SquareCuboidresample_p=240.txt
[sql][INFO][CRUCIAL] 表squarecuboidunitsprmt的起始ID为10061, 录入长度为273, 其原文件为SquareCuboidresample_p=240.txt
!! squarecuboidunitsprmt-10061-273-SquareCuboidresample_p=240.txt
[sql][INFO][CRUCIAL] 表squarecuboidunitsfreqresp_nir的起始ID为1002691, 录入长度为37128, 其原文件为SquareCuboidresample_p=240.txt
!! squarecuboidunitsfreqresp_nir-1002691-37128-SquareCuboidresample_p=240.txt
[matlab][INFO] 正在将数据写入中间文件...
[matlab][INFO] 正在操作genericParam表...
[matlab][INFO] 正在操作ParamArr表...
[matlab][INFO] 正在操作DataArr各表...
[matlab][INFO] 该操作可能需要较长时间, 请耐心等待...
{操作在以下过程中被用户终止 database.odbc.connection/hexec


位置 <a href="matlab:matlab.internal.language.introspective.errorDocCallback('database.odbc.connection/exec', 'D:\design\MATLAB_version2021\toolbox\database\database\+database\+odbc\@connection\exec.m', 23)" style="font-weight:bold">database.odbc.connection/exec</a> (<a href="matlab: opentoline('D:\design\MATLAB_version2021\toolbox\database\database\+database\+odbc\@connection\exec.m',23,0)">第 23 行</a>)
curs = hexec(conn, sqlQuery, varargin{:});

位置 <a href="matlab:matlab.internal.language.introspective.errorDocCallback('sqlLoadcsv', 'C:\Users\pc\Desktop\DataImport V0.3.0\lib\sqlLoadcsv.m', 5)" style="font-weight:bold">sqlLoadcsv</a> (<a href="matlab: opentoline('C:\Users\pc\Desktop\DataImport V0.3.0\lib\sqlLoadcsv.m',5,0)">第 5 行</a>)
    e = exec(conn, sqlLoad);

位置 <a href="matlab:matlab.internal.language.introspective.errorDocCallback('DataImport', 'C:\Users\pc\Desktop\DataImport V0.3.0\DataImport.m', 913)" style="font-weight:bold">DataImport</a> (<a href="matlab: opentoline('C:\Users\pc\Desktop\DataImport V0.3.0\DataImport.m',913,0)">第 913 行</a>)
                sqlLoadcsv(conn, dbTable, cols, csvPath);
} 
feature('DefaultCharacterSet', 'UTF8')

ans =

    'GBK'

fclose('all')

ans =

     0

close all
