[matlab][INFO] 正在加载配置文件和库函数...
[matlab][INFO] 本次导入属性如下:
    minimum_innodb_buffer_pool_size: '1073741824'
                            DataSrc: 'Metasurface_demo_db'
                               User: 'root'
                                Pwd: '123456'
                              N_MIR: '119.9170'
                              M_FIR: '59.9585'
                    ignoreThickness: '1'
                        ignoreTheta: '1'
                           language: 'zh_CN'

[matlab][INFO] 正在连接数据库...
[matlab][INFO] 成功连接到数据库
[matlab][INFO] 正在读取数据库中的S参数信息...

handles = 

  包含以下字段的 <a href="matlab:helpPopup struct" style="font-weight:bold">struct</a>:

                  cst2mysql: [1×1 Figure]
    filePropertiesBrowseBox: [1×1 Panel]
             paramBrowseBox: [1×1 Panel]
                    mainBox: [1×1 Panel]
                     text25: [1×1 UIControl]
                   baseMtrl: [1×1 UIControl]
                     text24: [1×1 UIControl]
                   cellMtrl: [1×1 UIControl]
                     text23: [1×1 UIControl]
              filenametips1: [1×1 UIControl]
                    shapeOK: [1×1 UIControl]
                  shapeName: [1×1 UIControl]
              filenametips2: [1×1 UIControl]
                  paramName: [1×1 UIControl]
               unknownParam: [1×1 UIControl]
                    paramOK: [1×1 UIControl]
                     text22: [1×1 UIControl]
                     text16: [1×1 UIControl]
                      text2: [1×1 UIControl]
                 pathBrowse: [1×1 UIControl]
                  scanStart: [1×1 UIControl]
                      text1: [1×1 UIControl]
                     output: [1×1 Figure]
                    DataSrc: 'Metasurface_demo_db'
                       User: 'root'
                        Pwd: '123456'
                   filePath: 'C:\Users\pc\Desktop\cst2mysql_V2.0\Src'
                   rootPath: 'C:\Users\pc\Desktop\cst2mysql_V2.0'
                 properties: [1×1 struct]
                      N_MIR: 119.9170
                      M_FIR: 59.9585
                  shapeInfo: [5×1 struct]
                  paramInfo: [11×1 struct]
                   mtrlInfo: [3×1 struct]


handles = 

  包含以下字段的 <a href="matlab:helpPopup struct" style="font-weight:bold">struct</a>:

                  cst2mysql: [1×1 Figure]
    filePropertiesBrowseBox: [1×1 Panel]
             paramBrowseBox: [1×1 Panel]
                    mainBox: [1×1 Panel]
                     text25: [1×1 UIControl]
                   baseMtrl: [1×1 UIControl]
                     text24: [1×1 UIControl]
                   cellMtrl: [1×1 UIControl]
                     text23: [1×1 UIControl]
              filenametips1: [1×1 UIControl]
                    shapeOK: [1×1 UIControl]
                  shapeName: [1×1 UIControl]
              filenametips2: [1×1 UIControl]
                  paramName: [1×1 UIControl]
               unknownParam: [1×1 UIControl]
                    paramOK: [1×1 UIControl]
                     text22: [1×1 UIControl]
                     text16: [1×1 UIControl]
                      text2: [1×1 UIControl]
                 pathBrowse: [1×1 UIControl]
                  scanStart: [1×1 UIControl]
                      text1: [1×1 UIControl]
                     output: [1×1 Figure]
                    DataSrc: 'Metasurface_demo_db'
                       User: 'root'
                        Pwd: '123456'
                   filePath: 'C:\Users\pc\Desktop\cst2mysql_V2.0\Src'
                   rootPath: 'C:\Users\pc\Desktop\cst2mysql_V2.0'
                 properties: [1×1 struct]
                      N_MIR: 119.9170
                      M_FIR: 59.9585
                  shapeInfo: [5×1 struct]
                  paramInfo: [11×1 struct]
                   mtrlInfo: [3×1 struct]
                   ShapeNum: 4
                       time: '20240427T005907'
                 sparamInfo: {8×3 cell}

{函数或变量 'filePropertiesBrowseBox_CreateFcn' 无法识别。

出错 <a href="matlab:matlab.internal.language.introspective.errorDocCallback('gui_mainfcn', 'D:\design\MATLAB_version2021\toolbox\matlab\guide\gui_mainfcn.m', 95)" style="font-weight:bold">gui_mainfcn</a> (<a href="matlab: opentoline('D:\design\MATLAB_version2021\toolbox\matlab\guide\gui_mainfcn.m',95,0)">第 95 行</a>)
        feval(varargin{:});

出错 <a href="matlab:matlab.internal.language.introspective.errorDocCallback('importGUI_v1', 'C:\Users\pc\Desktop\cst2mysql_V2.0\Src\importGUI_v1.m', 42)" style="font-weight:bold">importGUI_v1</a> (<a href="matlab: opentoline('C:\Users\pc\Desktop\cst2mysql_V2.0\Src\importGUI_v1.m',42,0)">第 42 行</a>)
    gui_mainfcn(gui_State, varargin{:});

出错 <a href="matlab:matlab.internal.language.introspective.errorDocCallback('matlab.graphics.internal.figfile.FigFile/read>@(hObject,eventdata)importGUI_v1(''filePropertiesBrowseBox_CreateFcn'',hObject,eventdata,guidata(hObject))')" style="font-weight:bold">matlab.graphics.internal.figfile.FigFile/read>@(hObject,eventdata)importGUI_v1('filePropertiesBrowseBox_CreateFcn',hObject,eventdata,guidata(hObject))</a>
} 
