[matlab][INFO] 正在加载配置文件和库函数...
[matlab][INFO] 本次导入属性如下:
    minimum_innodb_buffer_pool_size: '1073741824'
                            DataSrc: 'Metasurface_demo_db'
                               User: 'root'
                                Pwd: '123456'
                              N_MIR: '119.9170'
                              M_FIR: '59.9585'

[matlab][INFO] 正在连接数据库...
[matlab][INFO] 成功连接到数据库
[matlab][INFO] 正在初始化文件信息其他部分...
[matlab][INFO] 初始化完成
[matlab][INFO] 以下文件将被处理并导入:
||=============================================================||
->SquareCuboid h notstandard.txt
->SquareCuboid h notstandard2.txt
->SquareCuboid h notstandard3.txt
->SquareCuboid h=1000.txt
->SquareCuboid h=500.txt
->SquareCuboid h=850.txt
->SquareCuboid h=950.txt
||=============================================================||
 
[matlab][INFO] 正在读取分析文件: SquareCuboid h notstandard.txt
[matlab][INFO] 第1个文件, 共7个文件
[matlab][INFO] 正在读取分析文件: SquareCuboid h notstandard2.txt
[matlab][INFO] 第2个文件, 共7个文件
[matlab][INFO] 正在读取分析文件: SquareCuboid h notstandard3.txt
[matlab][INFO] 第3个文件, 共7个文件
[matlab][INFO] 正在读取分析文件: SquareCuboid h=1000.txt
[matlab][INFO] 第4个文件, 共7个文件
[matlab][INFO] 正在读取分析文件: SquareCuboid h=500.txt
[matlab][INFO] 第5个文件, 共7个文件
[matlab][INFO] 正在读取分析文件: SquareCuboid h=850.txt
[matlab][INFO] 第6个文件, 共7个文件
[matlab][INFO] 正在读取分析文件: SquareCuboid h=950.txt
[matlab][INFO] 第7个文件, 共7个文件
[matlab][INFO] 文件扫描完成
[matlab][INFO] 正在获取文件: SquareCuboid h notstandard.txt 的所有参数行和数据行...
[matlab][INFO] 正在提取文件: SquareCuboid h notstandard.txt 的参数值...
[matlab][INFO] 正在计算文件: SquareCuboid h notstandard.txt 的色散数据...
[matlab][INFO] 正在连接数据库...
[matlab][INFO] 数据库连接成功
[sql][INFO][CRUCIAL] 表genericunitsprmt的起始ID为105, 录入长度为540, 其原文件为SquareCuboid h notstandard.txt
!! genericunitsprmt-105-540-SquareCuboid h notstandard.txt
[sql][INFO][CRUCIAL] 表squarecuboidunitsprmt的起始ID为5650, 录入长度为540, 其原文件为SquareCuboid h notstandard.txt
!! squarecuboidunitsprmt-5650-540-SquareCuboid h notstandard.txt
[sql][INFO][CRUCIAL] 表squarecuboidunitsfreqresp_nir的起始ID为318199, 录入长度为540540, 其原文件为SquareCuboid h notstandard.txt
!! squarecuboidunitsfreqresp_nir-318199-540540-SquareCuboid h notstandard.txt
[matlab][INFO] 正在将数据写入中间文件...
[matlab][INFO] 正在操作genericParam表...
[matlab][INFO] 正在操作ParamArr表...
[matlab][INFO] 正在操作DataArr各表...
[matlab][INFO] 该操作可能需要较长时间, 请耐心等待...
[matlab][INFO] 未检测到中红外MIR数据, 跳过
[matlab][INFO] 未检测到远红外FIR数据, 跳过
[matlab][INFO] 正在获取文件: SquareCuboid h notstandard2.txt 的所有参数行和数据行...
[matlab][INFO] 正在提取文件: SquareCuboid h notstandard2.txt 的参数值...
[matlab][INFO] 正在计算文件: SquareCuboid h notstandard2.txt 的色散数据...
[sql][INFO][CRUCIAL] 表genericunitsprmt的起始ID为120, 录入长度为540, 其原文件为SquareCuboid h notstandard2.txt
!! genericunitsprmt-120-540-SquareCuboid h notstandard2.txt
[sql][INFO][CRUCIAL] 表squarecuboidunitsprmt的起始ID为6667, 录入长度为540, 其原文件为SquareCuboid h notstandard2.txt
!! squarecuboidunitsprmt-6667-540-SquareCuboid h notstandard2.txt
[sql][INFO][CRUCIAL] 表squarecuboidunitsfreqresp_nir的起始ID为377728, 录入长度为540540, 其原文件为SquareCuboid h notstandard2.txt
!! squarecuboidunitsfreqresp_nir-377728-540540-SquareCuboid h notstandard2.txt
[matlab][INFO] 正在将数据写入中间文件...
[matlab][INFO] 正在操作genericParam表...
[matlab][INFO] 正在操作ParamArr表...
[matlab][INFO] 正在操作DataArr各表...
[matlab][INFO] 该操作可能需要较长时间, 请耐心等待...
[matlab][INFO] 未检测到中红外MIR数据, 跳过
[matlab][INFO] 未检测到远红外FIR数据, 跳过
[matlab][ERROR] 无法打开文件, 请检查文件路径, 程序终止
{错误使用 <a href="matlab:matlab.internal.language.introspective.errorDocCallback('ErrFb', 'C:\Users\27950\Desktop\DbMatlab\cst2mysql_V1.0\lib\ErrFb.m', 8)" style="font-weight:bold">ErrFb</a> (<a href="matlab: opentoline('C:\Users\27950\Desktop\DbMatlab\cst2mysql_V1.0\lib\ErrFb.m',8,0)">第 8 行</a>)
Error occurred, program terminated! Please view more specific information in the command line window

出错 <a href="matlab:matlab.internal.language.introspective.errorDocCallback('dataImport', 'C:\Users\27950\Desktop\DbMatlab\cst2mysql_V1.0\lib\dataImport.m', 38)" style="font-weight:bold">dataImport</a> (<a href="matlab: opentoline('C:\Users\27950\Desktop\DbMatlab\cst2mysql_V1.0\lib\dataImport.m',38,0)">第 38 行</a>)
            ErrFb();

出错 <a href="matlab:matlab.internal.language.introspective.errorDocCallback('importGUI_v1>paramOK_Callback', 'C:\Users\27950\Desktop\DbMatlab\cst2mysql_V1.0\Src\importGUI_v1.m', 334)" style="font-weight:bold">importGUI_v1>paramOK_Callback</a> (<a href="matlab: opentoline('C:\Users\27950\Desktop\DbMatlab\cst2mysql_V1.0\Src\importGUI_v1.m',334,0)">第 334 行</a>)
handles = dataImport(handles);

出错 <a href="matlab:matlab.internal.language.introspective.errorDocCallback('gui_mainfcn', 'C:\Program Files\Polyspace\R2021a\toolbox\matlab\guide\gui_mainfcn.m', 95)" style="font-weight:bold">gui_mainfcn</a> (<a href="matlab: opentoline('C:\Program Files\Polyspace\R2021a\toolbox\matlab\guide\gui_mainfcn.m',95,0)">第 95 行</a>)
        feval(varargin{:});

出错 <a href="matlab:matlab.internal.language.introspective.errorDocCallback('importGUI_v1', 'C:\Users\27950\Desktop\DbMatlab\cst2mysql_V1.0\Src\importGUI_v1.m', 42)" style="font-weight:bold">importGUI_v1</a> (<a href="matlab: opentoline('C:\Users\27950\Desktop\DbMatlab\cst2mysql_V1.0\Src\importGUI_v1.m',42,0)">第 42 行</a>)
    gui_mainfcn(gui_State, varargin{:});

出错 <a href="matlab:matlab.internal.language.introspective.errorDocCallback('matlab.graphics.internal.figfile.FigFile/read>@(hObject,eventdata)importGUI_v1(''paramOK_Callback'',hObject,eventdata,guidata(hObject))')" style="font-weight:bold">matlab.graphics.internal.figfile.FigFile/read>@(hObject,eventdata)importGUI_v1('paramOK_Callback',hObject,eventdata,guidata(hObject))</a>
} 
计算 UIControl Callback 时出错。

