[matlab][INFO] 正在加载配置文件和库函数...
[matlab][INFO] 本次导入属性如下:
                            DataSrc: 'Metasurface_demo_db'
                               User: 'root'
                                Pwd: '123456'
    minimum_innodb_buffer_pool_size: '1073741824'
                       local_infile: '1'
                              N_MIR: '119.9170'
                              M_FIR: '59.9585'
                    ignoreThickness: '1'
                   defaultThickness: '500'
                       ignoreETheta: '0'
                      defaultETheta: '90'
                           language: 'zh_CN'

[matlab][INFO] 正在连接数据库...
[matlab][INFO] 成功连接到数据库
[matlab][INFO] 正在读取数据库中的S参数信息...
[matlab][INFO] 正在初始化文件信息其他部分...
[matlab][INFO] 初始化完成
[matlab][INFO] 以下文件将被处理并导入:
||=============================================================||
->SquareCuboid-Silicon-Titanium Dioxide- 1d_result - fangzhu.txt
->SquareCuboid-Silicon-Titanium Dioxide-1d_result.txt
||=============================================================||
 
[matlab][INFO] 正在读取分析文件: SquareCuboid-Silicon-Titanium Dioxide- 1d_result - fangzhu.txt
[matlab][INFO] 第1个文件, 共2个文件
[matlab][INFO] 正在读取分析文件: SquareCuboid-Silicon-Titanium Dioxide-1d_result.txt
[matlab][INFO] 第2个文件, 共2个文件
[matlab][INFO] 文件扫描完成
[matlab][INFO] 正在获取文件: SquareCuboid-Silicon-Titanium Dioxide- 1d_result - fangzhu.txt 的所有参数行和数据行...
[matlab][INFO] 正在提取文件: SquareCuboid-Silicon-Titanium Dioxide- 1d_result - fangzhu.txt 的参数值...
[matlab][INFO] 正在计算文件: SquareCuboid-Silicon-Titanium Dioxide- 1d_result - fangzhu.txt 的色散数据...
[matlab][INFO] 正在连接数据库...
[matlab][INFO] 数据库连接成功
<a href="matlab: opentoline('C:\Users\pc\Desktop\cst2mysql_V2.0\lib\LastID.m',5,1)">5   </a>    if isNaN(LastID)
if system_dependent('IsDebugMode')==1, dbstep; end
{函数或变量 'isNaN' 无法识别。

出错 <a href="matlab:matlab.internal.language.introspective.errorDocCallback('LastID', 'C:\Users\pc\Desktop\cst2mysql_V2.0\lib\LastID.m', 5)" style="font-weight:bold">LastID</a> (<a href="matlab: opentoline('C:\Users\pc\Desktop\cst2mysql_V2.0\lib\LastID.m',5,0)">第 5 行</a>)
    if isNaN(LastID)

出错 <a href="matlab:matlab.internal.language.introspective.errorDocCallback('dataImport', 'C:\Users\pc\Desktop\cst2mysql_V2.0\lib\dataImport.m', 230)" style="font-weight:bold">dataImport</a> (<a href="matlab: opentoline('C:\Users\pc\Desktop\cst2mysql_V2.0\lib\dataImport.m',230,0)">第 230 行</a>)
        IDOffset = LastID(conn, dbTable);

出错 <a href="matlab:matlab.internal.language.introspective.errorDocCallback('importGUI_v1>paramOK_Callback', 'C:\Users\pc\Desktop\cst2mysql_V2.0\Src\importGUI_v1.m', 333)" style="font-weight:bold">importGUI_v1>paramOK_Callback</a> (<a href="matlab: opentoline('C:\Users\pc\Desktop\cst2mysql_V2.0\Src\importGUI_v1.m',333,0)">第 333 行</a>)
handles = dataImport(handles, fileInfo);

出错 <a href="matlab:matlab.internal.language.introspective.errorDocCallback('gui_mainfcn', 'D:\design\MATLAB_version2021\toolbox\matlab\guide\gui_mainfcn.m', 95)" style="font-weight:bold">gui_mainfcn</a> (<a href="matlab: opentoline('D:\design\MATLAB_version2021\toolbox\matlab\guide\gui_mainfcn.m',95,0)">第 95 行</a>)
        feval(varargin{:});

出错 <a href="matlab:matlab.internal.language.introspective.errorDocCallback('importGUI_v1', 'C:\Users\pc\Desktop\cst2mysql_V2.0\Src\importGUI_v1.m', 42)" style="font-weight:bold">importGUI_v1</a> (<a href="matlab: opentoline('C:\Users\pc\Desktop\cst2mysql_V2.0\Src\importGUI_v1.m',42,0)">第 42 行</a>)
    gui_mainfcn(gui_State, varargin{:});

出错 <a href="matlab:matlab.internal.language.introspective.errorDocCallback('matlab.graphics.internal.figfile.FigFile/read>@(hObject,eventdata)importGUI_v1(''paramOK_Callback'',hObject,eventdata,guidata(hObject))')" style="font-weight:bold">matlab.graphics.internal.figfile.FigFile/read>@(hObject,eventdata)importGUI_v1('paramOK_Callback',hObject,eventdata,guidata(hObject))</a>
} 
if system_dependent('IsDebugMode')==1, dbquit all; end
