[matlab][INFO] 正在加载配置文件和库函数...
[matlab][INFO] 本次导入属性如下:
    minimum_innodb_buffer_pool_size: '1073741824'
                            DataSrc: 'Metasurface_demo_db'
                               User: 'root'
                                Pwd: '123456'
                              N_MIR: '119.9170'
                              M_FIR: '59.9585'
                    ignoreThickness: '1'
                       ignoreETheta: '0'
                           language: 'zh_CN'

[matlab][INFO] 正在连接数据库...
[matlab][INFO] 成功连接到数据库
[matlab][INFO] 正在读取数据库中的S参数信息...
[matlab][INFO] 正在初始化文件信息其他部分...
[matlab][INFO] 初始化完成
[matlab][INFO] 以下文件将被处理并导入:
||=============================================================||
->SquareCuboid 1d_result.txt
||=============================================================||
 
[matlab][INFO] 正在读取分析文件: SquareCuboid 1d_result.txt
[matlab][INFO] 第1个文件, 共1个文件
[matlab][INFO] 文件扫描完成
<a href="matlab: opentoline('C:\Users\pc\Desktop\cst2mysql_V2.0\Src\importGUI_v1.m',346,1)">346 </a>set(handles.paramBrowseBox,'visible','off');
if system_dependent('IsDebugMode')==1, dbstep; end
if system_dependent('IsDebugMode')==1, dbstep; end
[matlab][INFO] 正在获取文件: SquareCuboid 1d_result.txt 的所有参数行和数据行...
[matlab][INFO] 正在提取文件: SquareCuboid 1d_result.txt 的参数值...
[matlab][INFO] 正在计算文件: SquareCuboid 1d_result.txt 的色散数据...
[matlab][INFO] 正在连接数据库...
[matlab][INFO] 数据库连接成功
[sql][INFO][CRUCIAL] 表genericunitsprmt的起始ID为NaN, 录入长度为5, 其原文件为SquareCuboid 1d_result.txt
!! genericunitsprmt-NaN-5-SquareCuboid 1d_result.txt
[sql][INFO][CRUCIAL] 表squarecuboidunitsprmt的起始ID为NaN, 录入长度为5, 其原文件为SquareCuboid 1d_result.txt
!! squarecuboidunitsprmt-NaN-5-SquareCuboid 1d_result.txt
[sql][INFO][CRUCIAL] 表squarecuboidunitsfreqresp_fir的起始ID为NaN, 录入长度为324, 其原文件为SquareCuboid 1d_result.txt
!! squarecuboidunitsfreqresp_fir-NaN-324-SquareCuboid 1d_result.txt
[matlab][INFO] 正在将数据写入中间文件...
[matlab][INFO] 正在操作genericParam表...
[matlab][INFO] 正在操作ParamArr表...
[matlab][INFO] 正在操作DataArr各表...
[matlab][INFO] 该操作可能需要较长时间, 请耐心等待...
[matlab][INFO] 未检测到近红外NIR数据, 跳过
[matlab][INFO] 未检测到中红外MIR数据, 跳过
if system_dependent('IsDebugMode')==1, dbstep; end
if system_dependent('IsDebugMode')==1, dbstep; end
if system_dependent('IsDebugMode')==1, dbstep; end
if system_dependent('IsDebugMode')==1, dbcont; end
