[matlab][INFO] 正在加载配置文件和库函数...
[matlab][INFO] 本次导入属性如下:
    minimum_innodb_buffer_pool_size: '1073741824'
                            DataSrc: 'Metasurface_demo_db'
                               User: 'root'
                                Pwd: '123456'
                              N_MIR: '119.9170'
                              M_FIR: '59.9585'

[matlab][INFO] 正在连接数据库...
[matlab][INFO] 成功连接到数据库
[matlab][INFO] 正在初始化文件信息其他部分...
[matlab][INFO] 初始化完成
[matlab][INFO] 以下文件将被处理并导入:
||=============================================================||
->SquareCuboid h notstandard.txt
->SquareCuboid h notstandard2.txt
->SquareCuboid h notstandard3.txt
->SquareCuboid h=1000.txt
->SquareCuboid h=500.txt
->SquareCuboid h=850.txt
->SquareCuboid h=950.txt
||=============================================================||
 
[matlab][INFO] 正在读取分析文件: SquareCuboid h notstandard.txt
[matlab][INFO] 第1个文件, 共7个文件
[matlab][INFO] 正在读取分析文件: SquareCuboid h notstandard2.txt
[matlab][INFO] 第2个文件, 共7个文件
[matlab][INFO] 正在读取分析文件: SquareCuboid h notstandard3.txt
[matlab][INFO] 第3个文件, 共7个文件
[matlab][INFO] 正在读取分析文件: SquareCuboid h=1000.txt
[matlab][INFO] 第4个文件, 共7个文件
[matlab][INFO] 正在读取分析文件: SquareCuboid h=500.txt
[matlab][INFO] 第5个文件, 共7个文件
[matlab][INFO] 正在读取分析文件: SquareCuboid h=850.txt
[matlab][INFO] 第6个文件, 共7个文件
[matlab][INFO] 正在读取分析文件: SquareCuboid h=950.txt
[matlab][INFO] 第7个文件, 共7个文件
[matlab][INFO] 文件扫描完成
<a href="matlab: opentoline('C:\Users\pc\Desktop\cst2mysql_V1.0\Src\importGUI_v1.m',291,1)">291 </a>for i = 1:fileInfo(nextFile).ParamNum
if system_dependent('IsDebugMode')==1, dbstep; end
if system_dependent('IsDebugMode')==1, dbstep; end
if system_dependent('IsDebugMode')==1, dbstep; end
if system_dependent('IsDebugMode')==1, dbstep; end
strcmpi(paramStd{i}, param)

ans =

  <a href="matlab:helpPopup logical" style="font-weight:bold">logical</a>

   0

paramStd{i}

ans =

    'period'

param

param =

    'thickness'

if system_dependent('IsDebugMode')==1, dbstep; end
if system_dependent('IsDebugMode')==1, dbstep; end
if system_dependent('IsDebugMode')==1, dbstep; end
paramStd{i}

ans =

    'thickness'

param

param =

    'thickness'

strcmpi(paramStd{i}, param)

ans =

  <a href="matlab:helpPopup logical" style="font-weight:bold">logical</a>

   1

if system_dependent('IsDebugMode')==1, dbstep; end
posTmp(1)

ans =

     2

i

i =

     3

fileInfo(nextFile).ParamMap

ans =

     1     0     4     2     0     0     0     0     0     0     0     0     0     0     0     0     0     0     0     0

fileInfo(nextFile).ParamMap(posTmp(1))

ans =

     0

if system_dependent('IsDebugMode')==1, dbstep; end
if system_dependent('IsDebugMode')==1, dbstep; end
if system_dependent('IsDebugMode')==1, dbstep; end
fileInfo(nextFile).ParamMap

ans =

     1     3     4     2     0     0     0     0     0     0     0     0     0     0     0     0     0     0     0     0

if system_dependent('IsDebugMode')==1, dbstep; end
if system_dependent('IsDebugMode')==1, dbstep; end
if system_dependent('IsDebugMode')==1, dbstep; end
if system_dependent('IsDebugMode')==1, dbstep; end
if system_dependent('IsDebugMode')==1, dbstep; end
if system_dependent('IsDebugMode')==1, dbstep; end
if system_dependent('IsDebugMode')==1, dbstep; end
if system_dependent('IsDebugMode')==1, dbstep; end
if system_dependent('IsDebugMode')==1, dbstep; end
if system_dependent('IsDebugMode')==1, dbstep; end
if system_dependent('IsDebugMode')==1, dbstep; end
fileInfo(nextFile).ParamMap

ans =

     1     3     4     2     0     0     0     0     0     0     0     0     0     0     0     0     0     0     0     0

if system_dependent('IsDebugMode')==1, dbquit; end
