[matlab][INFO] 正在加载配置文件和库函数...
[matlab][INFO] 本次导入属性如下:
    minimum_innodb_buffer_pool_size: '1073741824'
                            DataSrc: 'Metasurface_demo_db'
                               User: 'root'
                                Pwd: '123456'
                              N_MIR: '119.9170'
                              M_FIR: '59.9585'

[matlab][INFO] 正在连接数据库...
[matlab][INFO] 成功连接到数据库
[matlab][INFO] 正在初始化文件信息其他部分...
[matlab][INFO] 初始化完成
[matlab][INFO] 以下文件将被处理并导入:
||=============================================================||
->SquareCuboid h=1000.txt
->SquareCuboid_tst.txt
->SquareCuboidawd mnjfy akjnwd h=400.txt
->resample_p=460.txt
||=============================================================||
 
[matlab][INFO] 正在读取分析文件: SquareCuboid h=1000.txt
[matlab][INFO] 第1个文件, 共4个文件
[matlab][INFO] 正在读取分析文件: SquareCuboid_tst.txt
[matlab][INFO] 第2个文件, 共4个文件
[matlab][INFO] 正在读取分析文件: SquareCuboidawd mnjfy akjnwd h=400.txt
[matlab][INFO] 第3个文件, 共4个文件
[matlab][INFO] 正在读取分析文件: resample_p=460.txt
[matlab][INFO] 第4个文件, 共4个文件
[matlab][INFO] 文件扫描完成
{无法识别的字段名称 "ParamNum"。

出错 <a href="matlab:matlab.internal.language.introspective.errorDocCallback('selectFromStruct', 'C:\Users\27950\Desktop\DbMatlab\cst2mysql_V1.0\lib\selectFromStruct.m', 6)" style="font-weight:bold">selectFromStruct</a> (<a href="matlab: opentoline('C:\Users\27950\Desktop\DbMatlab\cst2mysql_V1.0\lib\selectFromStruct.m',6,0)">第 6 行</a>)
        if struct(i).(colnames) == value

出错 <a href="matlab:matlab.internal.language.introspective.errorDocCallback('popupmenuInitList_shape', 'C:\Users\27950\Desktop\DbMatlab\cst2mysql_V1.0\lib\popupmenuInitList_shape.m', 4)" style="font-weight:bold">popupmenuInitList_shape</a> (<a href="matlab: opentoline('C:\Users\27950\Desktop\DbMatlab\cst2mysql_V1.0\lib\popupmenuInitList_shape.m',4,0)">第 4 行</a>)
    id = selectFromStruct("ParamNum", ...

出错 <a href="matlab:matlab.internal.language.introspective.errorDocCallback('importGUI_v1>scanStart_Callback', 'C:\Users\27950\Desktop\DbMatlab\cst2mysql_V1.0\Src\importGUI_v1.m', 132)" style="font-weight:bold">importGUI_v1>scanStart_Callback</a> (<a href="matlab: opentoline('C:\Users\27950\Desktop\DbMatlab\cst2mysql_V1.0\Src\importGUI_v1.m',132,0)">第 132 行</a>)
        shapeNameCell = popupmenuInitList_shape(fileInfo, shapeInfo, fileNum);

出错 <a href="matlab:matlab.internal.language.introspective.errorDocCallback('gui_mainfcn', 'C:\Program Files\Polyspace\R2021a\toolbox\matlab\guide\gui_mainfcn.m', 95)" style="font-weight:bold">gui_mainfcn</a> (<a href="matlab: opentoline('C:\Program Files\Polyspace\R2021a\toolbox\matlab\guide\gui_mainfcn.m',95,0)">第 95 行</a>)
        feval(varargin{:});

出错 <a href="matlab:matlab.internal.language.introspective.errorDocCallback('importGUI_v1', 'C:\Users\27950\Desktop\DbMatlab\cst2mysql_V1.0\Src\importGUI_v1.m', 42)" style="font-weight:bold">importGUI_v1</a> (<a href="matlab: opentoline('C:\Users\27950\Desktop\DbMatlab\cst2mysql_V1.0\Src\importGUI_v1.m',42,0)">第 42 行</a>)
    gui_mainfcn(gui_State, varargin{:});

出错 <a href="matlab:matlab.internal.language.introspective.errorDocCallback('matlab.graphics.internal.figfile.FigFile/read>@(hObject,eventdata)importGUI_v1(''scanStart_Callback'',hObject,eventdata,guidata(hObject))')" style="font-weight:bold">matlab.graphics.internal.figfile.FigFile/read>@(hObject,eventdata)importGUI_v1('scanStart_Callback',hObject,eventdata,guidata(hObject))</a>
} 
计算 UIControl Callback 时出错。

opentoline('C:\Users\27950\Desktop\DbMatlab\cst2mysql_V1.0\lib\selectFromStruct.m',6,0)
opentoline('C:\Users\27950\Desktop\DbMatlab\cst2mysql_V1.0\lib\popupmenuInitList_shape.m',4,0)
opentoline('C:\Users\27950\Desktop\DbMatlab\cst2mysql_V1.0\Src\importGUI_v1.m',132,0)
opentoline('C:\Users\27950\Desktop\DbMatlab\cst2mysql_V1.0\lib\selectFromStruct.m',6,0)
opentoline('C:\Users\27950\Desktop\DbMatlab\cst2mysql_V1.0\lib\popupmenuInitList_shape.m',4,0)
