[matlab][INFO] 正在加载配置文件和库函数...
[matlab][INFO] 本次导入属性如下:
    minimum_innodb_buffer_pool_size: '1073741824'
                            DataSrc: 'Metasurface_demo_db'
                               User: 'root'
                                Pwd: '123456'
                              N_MIR: '119.9170'
                              M_FIR: '59.9585'

[matlab][INFO] 正在连接数据库...
[matlab][INFO] 成功连接到数据库
[matlab][INFO] 正在初始化文件信息其他部分...
[matlab][INFO] 初始化完成
[matlab][INFO] 以下文件将被处理并导入:
||=============================================================||
->SquareCuboid h=1000.txt
->SquareCuboid h=450.txt
->SquareCuboid h=500.txt
->SquareCuboid h=700-non-standard.txt
->SquareCuboid h=850.txt
->SquareCuboid h=950.txt
->SquareCuboid resample_p=460.txt
->SquareCuboidawd mnjfy akjnwd h=400.txt
->h=550.txt
->resample_p=200.txt
->resample_p=220.txt
->resample_p=240.txt
->resample_p=260.txt
->resample_p=280.txt
->resample_p=300.txt
->resample_p=320.txt
->resample_p=340.txt
||=============================================================||
 
[matlab][INFO] 正在读取分析文件: SquareCuboid h=1000.txt
[matlab][INFO] 第1个文件, 共17个文件
[matlab][INFO] 正在读取分析文件: SquareCuboid h=450.txt
[matlab][INFO] 第2个文件, 共17个文件
[matlab][INFO] 正在读取分析文件: SquareCuboid h=500.txt
[matlab][INFO] 第3个文件, 共17个文件
[matlab][INFO] 正在读取分析文件: SquareCuboid h=700-non-standard.txt
[matlab][INFO] 第4个文件, 共17个文件
[matlab][INFO] 正在读取分析文件: SquareCuboid h=850.txt
[matlab][INFO] 第5个文件, 共17个文件
[matlab][INFO] 正在读取分析文件: SquareCuboid h=950.txt
[matlab][INFO] 第6个文件, 共17个文件
[matlab][INFO] 正在读取分析文件: SquareCuboid resample_p=460.txt
[matlab][INFO] 第7个文件, 共17个文件
[matlab][INFO] 正在读取分析文件: SquareCuboidawd mnjfy akjnwd h=400.txt
[matlab][INFO] 第8个文件, 共17个文件
[matlab][INFO] 正在读取分析文件: h=550.txt
[matlab][INFO] 第9个文件, 共17个文件
[matlab][INFO] 正在读取分析文件: resample_p=200.txt
[matlab][INFO] 第10个文件, 共17个文件
[matlab][INFO] 正在读取分析文件: resample_p=220.txt
[matlab][INFO] 第11个文件, 共17个文件
[matlab][INFO] 正在读取分析文件: resample_p=240.txt
[matlab][INFO] 第12个文件, 共17个文件
[matlab][INFO] 正在读取分析文件: resample_p=260.txt
[matlab][INFO] 第13个文件, 共17个文件
[matlab][INFO] 正在读取分析文件: resample_p=280.txt
[matlab][INFO] 第14个文件, 共17个文件
[matlab][INFO] 正在读取分析文件: resample_p=300.txt
[matlab][INFO] 第15个文件, 共17个文件
[matlab][INFO] 正在读取分析文件: resample_p=320.txt
[matlab][INFO] 第16个文件, 共17个文件
[matlab][INFO] 正在读取分析文件: resample_p=340.txt
[matlab][INFO] 第17个文件, 共17个文件
[matlab][INFO] 文件扫描完成
[matlab][INFO] 正在获取文件: SquareCuboid h=1000.txt 的所有参数行和数据行...
[matlab][INFO] 正在提取文件: SquareCuboid h=1000.txt 的参数值...
[matlab][INFO] 正在计算文件: SquareCuboid h=1000.txt 的色散数据...
[matlab][INFO] 正在连接数据库...
[matlab][INFO] 数据库连接成功
[sql][INFO][CRUCIAL] 表genericunitsprmt的起始ID为NaN, 录入长度为540, 其原文件为SquareCuboid h=1000.txt
!! genericunitsprmt-NaN-540-SquareCuboid h=1000.txt
{函数或变量 'ShapeNum' 无法识别。

出错 <a href="matlab:matlab.internal.language.introspective.errorDocCallback('dataImport', 'C:\Users\27950\Desktop\DbMatlab\cst2mysql_V1.0\lib\dataImport.m', 241)" style="font-weight:bold">dataImport</a> (<a href="matlab: opentoline('C:\Users\27950\Desktop\DbMatlab\cst2mysql_V1.0\lib\dataImport.m',241,0)">第 241 行</a>)
        for i = 1:ShapeNum-1

出错 <a href="matlab:matlab.internal.language.introspective.errorDocCallback('importGUI_v1>paramOK_Callback', 'C:\Users\27950\Desktop\DbMatlab\cst2mysql_V1.0\Src\importGUI_v1.m', 334)" style="font-weight:bold">importGUI_v1>paramOK_Callback</a> (<a href="matlab: opentoline('C:\Users\27950\Desktop\DbMatlab\cst2mysql_V1.0\Src\importGUI_v1.m',334,0)">第 334 行</a>)
handles = dataImport(handles);

出错 <a href="matlab:matlab.internal.language.introspective.errorDocCallback('gui_mainfcn', 'C:\Program Files\Polyspace\R2021a\toolbox\matlab\guide\gui_mainfcn.m', 95)" style="font-weight:bold">gui_mainfcn</a> (<a href="matlab: opentoline('C:\Program Files\Polyspace\R2021a\toolbox\matlab\guide\gui_mainfcn.m',95,0)">第 95 行</a>)
        feval(varargin{:});

出错 <a href="matlab:matlab.internal.language.introspective.errorDocCallback('importGUI_v1', 'C:\Users\27950\Desktop\DbMatlab\cst2mysql_V1.0\Src\importGUI_v1.m', 42)" style="font-weight:bold">importGUI_v1</a> (<a href="matlab: opentoline('C:\Users\27950\Desktop\DbMatlab\cst2mysql_V1.0\Src\importGUI_v1.m',42,0)">第 42 行</a>)
    gui_mainfcn(gui_State, varargin{:});

出错 <a href="matlab:matlab.internal.language.introspective.errorDocCallback('matlab.graphics.internal.figfile.FigFile/read>@(hObject,eventdata)importGUI_v1(''paramOK_Callback'',hObject,eventdata,guidata(hObject))')" style="font-weight:bold">matlab.graphics.internal.figfile.FigFile/read>@(hObject,eventdata)importGUI_v1('paramOK_Callback',hObject,eventdata,guidata(hObject))</a>
} 
计算 UIControl Callback 时出错。

