[matlab][INFO] 正在加载配置文件和库函数...
[matlab][INFO] 本次导入属性如下:
                            DataSrc: 'Metasurface_demo_db'
                               User: 'root'
                                Pwd: '123456'
    minimum_innodb_buffer_pool_size: '1073741824'
                       local_infile: '1'
                              N_MIR: '119.9170'
                              M_FIR: '59.9585'
                    ignoreThickness: '1'
                   defaultThickness: '500'
                       ignoreETheta: '0'
                      defaultETheta: '90'
                           language: 'zh_CN'

[matlab][INFO] 正在连接数据库...
[matlab][INFO] 成功连接到数据库
[matlab][INFO] 正在读取数据库中的S参数信息...
[matlab][INFO] 正在初始化文件信息其他部分...
[matlab][INFO] 初始化完成
[matlab][INFO] 以下文件将被处理并导入:
||=============================================================||
->1d_.txt
->1d_res.txt
->1d_result.txt
||=============================================================||
 
[matlab][INFO] 正在读取分析文件: 1d_.txt
[matlab][INFO] 第1个文件, 共3个文件
[matlab][INFO] 正在读取分析文件: 1d_res.txt
[matlab][INFO] 第2个文件, 共3个文件
[matlab][INFO] 正在读取分析文件: 1d_result.txt
[matlab][INFO] 第3个文件, 共3个文件
[matlab][INFO] 文件扫描完成
<a href="matlab: opentoline('C:\Users\27950\Desktop\DbMatlab\cst2mysql_V2.0\lib\dataImport.m',19,1)">19  </a>for fileNum = 1:siz
if system_dependent('IsDebugMode')==1, dbcont; end
[matlab][INFO] 正在获取文件: 1d_.txt 的所有参数行和数据行...
[matlab][INFO] 正在提取文件: 1d_.txt 的参数值...
[matlab][INFO] 正在计算文件: 1d_.txt 的色散数据...
[matlab][INFO] 正在连接数据库...
[matlab][INFO] 数据库连接成功
[matlab][INFO] 正在将genericParam写入数据库...
[sql][INFO][CRUCIAL] 本次录入将文件1d_.txt的通用参数部分录入表genericunitsprmt, 详情id如下:
!! 1d_.txt-genericunitsprmt-7-
[matlab][INFO] 正在为ParamArr匹配外键...
[matlab][INFO] 正在将ParamArr写入数据库...
[sql][INFO][CRUCIAL] 本次录入将文件1d_.txt的特定参数部分录入表squarecuboidunitsprmt, 详情id如下:
!! 1d_.txt-squarecuboidunitsprmt-28-27-26-25-
[matlab][INFO] 未检测到近红外NIR数据, 跳过
[matlab][INFO] 未检测到中红外MIR数据, 跳过
[matlab][INFO] 正在为DataArr_FIR匹配外键...
[matlab][INFO] 正在将DataArr_FIR写入数据库, 该操作可能需要一段时间...
[sql][INFO][CRUCIAL] 本次录入将文件1d_.txt的远红外数据部分录入表squarecuboidunitsfreqresp_fir, 详情id如下:
!! 1d_.txt-squarecuboidunitsfreqresp_fir-2268-2267-2266-2265-2264-2263-2262-2261-2260-2259-2258-2257-2256-2255-2254-2253-2252-2251-2250-2249-2248-2247-2246-2245-2244-2243-2242-2241-2240-2239-2238-2237-2236-2235-2234-2233-2232-2231-2230-2229-2228-2227-2226-2225-2224-2223-2222-2221-2220-2219-2218-2217-2216-2215-2214-2213-2212-2211-2210-2209-2208-2207-2206-2205-2204-2203-2202-2201-2200-2199-2198-2197-2196-2195-2194-2193-2192-2191-2190-2189-2188-2187-2186-2185-2184-2183-2182-2181-2180-2179-2178-2177-2176-2175-2174-2173-2172-2171-2170-2169-2168-2167-2166-2165-2164-2163-2162-2161-2160-2159-2158-2157-2156-2155-2154-2153-2152-2151-2150-2149-2148-2147-2146-2145-2144-2143-2142-2141-2140-2139-2138-2137-2136-2135-2134-2133-2132-2131-2130-2129-2128-2127-2126-2125-2124-2123-2122-2121-2120-2119-2118-2117-2116-2115-2114-2113-2112-2111-2110-2109-2108-2107-2106-2105-2104-2103-2102-2101-2100-2099-2098-2097-2096-2095-2094-2093-2092-2091-2090-2089-2088-2087-2086-2085-2084-2083-2082-2081-2080-2079-2078-2077-2076-2075-2074-2073-2072-2071-2070-2069-2068-2067-2066-2065-2064-2063-2062-2061-2060-2059-2058-2057-2056-2055-2054-2053-2052-2051-2050-2049-2048-2047-2046-2045-2044-2043-2042-2041-2040-2039-2038-2037-2036-2035-2034-2033-2032-2031-2030-2029-2028-2027-2026-2025-2024-2023-2022-2021-2020-2019-2018-2017-2016-2015-2014-2013-2012-2011-2010-2009-2008-2007-2006-2005-2004-2003-2002-2001-2000-1999-1998-1997-1996-1995-1994-1993-1992-1991-1990-1989-1988-1987-1986-1985-1984-1983-1982-1981-1980-1979-1978-1977-1976-1975-1974-1973-1972-1971-1970-1969-1968-1967-1966-1965-1964-1963-1962-1961-1960-1959-1958-1957-1956-1955-1954-1953-1952-1951-1950-1949-1948-1947-1946-1945-
[matlab][INFO] 正在获取文件: 1d_res.txt 的所有参数行和数据行...
[matlab][INFO] 正在提取文件: 1d_res.txt 的参数值...
[matlab][INFO] 正在计算文件: 1d_res.txt 的色散数据...
[matlab][INFO] 正在将genericParam写入数据库...
[sql][INFO][CRUCIAL] 本次录入将文件1d_res.txt的通用参数部分录入表genericunitsprmt, 详情id如下:
!! 1d_res.txt-genericunitsprmt-8-
[matlab][INFO] 正在为ParamArr匹配外键...
[matlab][INFO] 正在将ParamArr写入数据库...
[sql][INFO][CRUCIAL] 本次录入将文件1d_res.txt的特定参数部分录入表cylinderunitsprmt, 详情id如下:
!! 1d_res.txt-cylinderunitsprmt-4-3-2-1-
[matlab][INFO] 未检测到近红外NIR数据, 跳过
[matlab][INFO] 未检测到中红外MIR数据, 跳过
[matlab][INFO] 正在为DataArr_FIR匹配外键...
[matlab][INFO] 正在将DataArr_FIR写入数据库, 该操作可能需要一段时间...
[sql][INFO][CRUCIAL] 本次录入将文件1d_res.txt的远红外数据部分录入表cylinderunitsfreqresp_fir, 详情id如下:
!! 1d_res.txt-cylinderunitsfreqresp_fir-324-323-322-321-320-319-318-317-316-315-314-313-312-311-310-309-308-307-306-305-304-303-302-301-300-299-298-297-296-295-294-293-292-291-290-289-288-287-286-285-284-283-282-281-280-279-278-277-276-275-274-273-272-271-270-269-268-267-266-265-264-263-262-261-260-259-258-257-256-255-254-253-252-251-250-249-248-247-246-245-244-243-242-241-240-239-238-237-236-235-234-233-232-231-230-229-228-227-226-225-224-223-222-221-220-219-218-217-216-215-214-213-212-211-210-209-208-207-206-205-204-203-202-201-200-199-198-197-196-195-194-193-192-191-190-189-188-187-186-185-184-183-182-181-180-179-178-177-176-175-174-173-172-171-170-169-168-167-166-165-164-163-162-161-160-159-158-157-156-155-154-153-152-151-150-149-148-147-146-145-144-143-142-141-140-139-138-137-136-135-134-133-132-131-130-129-128-127-126-125-124-123-122-121-120-119-118-117-116-115-114-113-112-111-110-109-108-107-106-105-104-103-102-101-100-99-98-97-96-95-94-93-92-91-90-89-88-87-86-85-84-83-82-81-80-79-78-77-76-75-74-73-72-71-70-69-68-67-66-65-64-63-62-61-60-59-58-57-56-55-54-53-52-51-50-49-48-47-46-45-44-43-42-41-40-39-38-37-36-35-34-33-32-31-30-29-28-27-26-25-24-23-22-21-20-19-18-17-16-15-14-13-12-11-10-9-8-7-6-5-4-3-2-1-
[matlab][INFO] 正在获取文件: 1d_result.txt 的所有参数行和数据行...
[matlab][INFO] 正在提取文件: 1d_result.txt 的参数值...
[matlab][INFO] 正在计算文件: 1d_result.txt 的色散数据...
[matlab][INFO] 正在将genericParam写入数据库...
[sql][INFO][CRUCIAL] 本次录入将文件1d_result.txt的通用参数部分录入表genericunitsprmt, 详情id如下:
!! 1d_result.txt-genericunitsprmt-9-
[matlab][INFO] 正在为ParamArr匹配外键...
[matlab][INFO] 正在将ParamArr写入数据库...
[sql][INFO][CRUCIAL] 本次录入将文件1d_result.txt的特定参数部分录入表squarecuboidunitsprmt, 详情id如下:
!! 1d_result.txt-squarecuboidunitsprmt-32-31-30-29-
[matlab][INFO] 未检测到近红外NIR数据, 跳过
[matlab][INFO] 未检测到中红外MIR数据, 跳过
[matlab][INFO] 正在为DataArr_FIR匹配外键...
[matlab][INFO] 正在将DataArr_FIR写入数据库, 该操作可能需要一段时间...
[sql][INFO][CRUCIAL] 本次录入将文件1d_result.txt的远红外数据部分录入表squarecuboidunitsfreqresp_fir, 详情id如下:
!! 1d_result.txt-squarecuboidunitsfreqresp_fir-2592-2591-2590-2589-2588-2587-2586-2585-2584-2583-2582-2581-2580-2579-2578-2577-2576-2575-2574-2573-2572-2571-2570-2569-2568-2567-2566-2565-2564-2563-2562-2561-2560-2559-2558-2557-2556-2555-2554-2553-2552-2551-2550-2549-2548-2547-2546-2545-2544-2543-2542-2541-2540-2539-2538-2537-2536-2535-2534-2533-2532-2531-2530-2529-2528-2527-2526-2525-2524-2523-2522-2521-2520-2519-2518-2517-2516-2515-2514-2513-2512-2511-2510-2509-2508-2507-2506-2505-2504-2503-2502-2501-2500-2499-2498-2497-2496-2495-2494-2493-2492-2491-2490-2489-2488-2487-2486-2485-2484-2483-2482-2481-2480-2479-2478-2477-2476-2475-2474-2473-2472-2471-2470-2469-2468-2467-2466-2465-2464-2463-2462-2461-2460-2459-2458-2457-2456-2455-2454-2453-2452-2451-2450-2449-2448-2447-2446-2445-2444-2443-2442-2441-2440-2439-2438-2437-2436-2435-2434-2433-2432-2431-2430-2429-2428-2427-2426-2425-2424-2423-2422-2421-2420-2419-2418-2417-2416-2415-2414-2413-2412-2411-2410-2409-2408-2407-2406-2405-2404-2403-2402-2401-2400-2399-2398-2397-2396-2395-2394-2393-2392-2391-2390-2389-2388-2387-2386-2385-2384-2383-2382-2381-2380-2379-2378-2377-2376-2375-2374-2373-2372-2371-2370-2369-2368-2367-2366-2365-2364-2363-2362-2361-2360-2359-2358-2357-2356-2355-2354-2353-2352-2351-2350-2349-2348-2347-2346-2345-2344-2343-2342-2341-2340-2339-2338-2337-2336-2335-2334-2333-2332-2331-2330-2329-2328-2327-2326-2325-2324-2323-2322-2321-2320-2319-2318-2317-2316-2315-2314-2313-2312-2311-2310-2309-2308-2307-2306-2305-2304-2303-2302-2301-2300-2299-2298-2297-2296-2295-2294-2293-2292-2291-2290-2289-2288-2287-2286-2285-2284-2283-2282-2281-2280-2279-2278-2277-2276-2275-2274-2273-2272-2271-2270-2269-
importGUI_v1
