[matlab][INFO] 正在加载配置文件和库函数...
[matlab][INFO] 本次导入属性如下:
                            DataSrc: 'Metasurface_demo_db'
                               User: 'root'
                                Pwd: '123456'
    minimum_innodb_buffer_pool_size: '1073741824'
                       local_infile: '1'
                              N_MIR: '119.9170'
                              M_FIR: '59.9585'
                    ignoreThickness: '1'
                   defaultThickness: '500'
                       ignoreETheta: '0'
                      defaultETheta: '90'
                           language: 'zh_CN'

[matlab][INFO] 正在连接数据库...
[matlab][INFO] 成功连接到数据库
[matlab][INFO] 正在读取数据库中的S参数信息...
[matlab][INFO] 正在初始化文件信息其他部分...
[matlab][INFO] 初始化完成
[matlab][INFO] 以下文件将被处理并导入:
||=============================================================||
->1d_.txt
->1d_res.txt
->1d_result.txt
||=============================================================||
 
[matlab][INFO] 正在读取分析文件: 1d_.txt
[matlab][INFO] 第1个文件, 共3个文件
[matlab][INFO] 正在读取分析文件: 1d_res.txt
[matlab][INFO] 第2个文件, 共3个文件
[matlab][INFO] 正在读取分析文件: 1d_result.txt
[matlab][INFO] 第3个文件, 共3个文件
[matlab][INFO] 文件扫描完成
<a href="matlab: opentoline('C:\Users\27950\Desktop\DbMatlab\cst2mysql_V2.0\Src\filePropertiesBrowser.m',211,1)">211 </a>            guidata(hObject, handles);
handles.mainHandle

ans = 

  <a href="matlab:helpPopup matlab.ui.control.UIControl" style="font-weight:bold">UIControl</a> (scanStart) - 属性:

              Style: 'pushbutton'
             String: '正在分析文件...'
    BackgroundColor: [0.9400 0.9400 0.9400]
           Callback: @(hObject,eventdata)importGUI_v1('scanStart_Callback',hObject,eventdata,guidata(hObject))
              Value: 0
           Position: [46.7500 0.6364 29 2.6364]
              Units: 'characters'

  显示 <a href="matlab:if exist('ans', 'var'), matlab.graphics.internal.getForDisplay('ans', ans, 'matlab.ui.control.UIControl'), else, matlab.graphics.internal.getForDisplay('ans'), end">所有属性</a>

handles

handles = 

  包含以下字段的 <a href="matlab:helpPopup struct" style="font-weight:bold">struct</a>:

                    figure1: [1×1 Figure]
    filePropertiesBrowseBox: [1×1 Panel]
                pushbutton2: [1×1 UIControl]
                  checkbox1: [1×1 UIControl]
                      text5: [1×1 UIControl]
                   baseMtrl: [1×1 UIControl]
                      text4: [1×1 UIControl]
                   cellMtrl: [1×1 UIControl]
                      text3: [1×1 UIControl]
                      text2: [1×1 UIControl]
           filePropertiesOK: [1×1 UIControl]
                  shapeName: [1×1 UIControl]
                     output: [1×1 Figure]
                 mainHandle: [1×1 UIControl]
                   nextFile: 1
                   fileInfo: [3×1 struct]
                  shapeInfo: [5×1 struct]
                   mtrlInfo: [3×1 struct]
                 properties: [1×1 struct]
                        siz: 3
                  paramInfo: [12×1 struct]
              shapeNameCell: {'正方形截面柱型'  '圆柱型'}
                   shapesID: [3 4]

guidata(handles.mainHandle)

ans = 

  包含以下字段的 <a href="matlab:helpPopup struct" style="font-weight:bold">struct</a>:

           cst2mysql: [1×1 Figure]
             mainBox: [1×1 Panel]
              text22: [1×1 UIControl]
              text16: [1×1 UIControl]
               text2: [1×1 UIControl]
          pathBrowse: [1×1 UIControl]
           scanStart: [1×1 UIControl]
               text1: [1×1 UIControl]
              output: [1×1 Figure]
             DataSrc: 'Metasurface_demo_db'
                User: 'root'
                 Pwd: '123456'
            filePath: 'C:\Users\27950\Desktop\DbMatlab\cst2mysql_V2.0\Src'
            rootPath: 'C:\Users\27950\Desktop\DbMatlab\cst2mysql_V2.0'
          properties: [1×1 struct]
               N_MIR: 119.9170
               M_FIR: 59.9585
           shapeInfo: [5×1 struct]
           paramInfo: [12×1 struct]
            mtrlInfo: [3×1 struct]
            ShapeNum: 4
                time: '20240515T171836'
          sparamInfo: {9×3 cell}
            language: 'zh_CN'
    genericParamsNum: 7
                Path: 'C:\Users\27950\Desktop\DbMatlab\test files\new'
                 siz: 3
            fileInfo: [3×1 struct]
            nextFile: 1

if system_dependent('IsDebugMode')==1, dbquit; end
importGUI_v1
