[matlab][INFO] Loading configuration files and user libraries...
[matlab][INFO] Loading import.properties...
                            DataSrc: 'Metasurface_demo_db'
                               User: 'root'
                                Pwd: '123456'
    minimum_innodb_buffer_pool_size: '1073741824'
                       local_infile: '1'
                              N_MIR: '119.9170'
                              M_FIR: '59.9585'
                    ignoreThickness: '0'
                   defaultThickness: '500'
                       ignoreETheta: '1'
                      defaultETheta: '90'
                           language: 'zh_CN'

[matlab][INFO] Connecting to the database...
[matlab][INFO] Database connection successful
[matlab][INFO] Reading SParameter information from the database...
[matlab][INFO] Selected path of cst result: C:\Users\pc\Desktop\test files\new
[matlab][INFO] Initializing FileInfoStrct...
[matlab][INFO] Initializing done
[matlab][INFO] The following files are detected: 
||=============================================================||
->1d_.txt
->1d_res.txt
->1d_result.txt
->1d_resultres.txt
||=============================================================||
 
[matlab][INFO] Reading and Analysing: 1d_.txt
[matlab][INFO] No.1/4
[matlab][INFO] Reading and Analysing: 1d_res.txt
[matlab][INFO] No.2/4
[matlab][INFO] Reading and Analysing: 1d_result.txt
[matlab][INFO] No.3/4
[matlab][INFO] Reading and Analysing: 1d_resultres.txt
[matlab][INFO] No.4/4
[matlab][INFO] File scanning done
[user][INFO] The properties of the file 1d_.txt are set to:
             Shape: SquareCuboid
             Base Material: Silicon
             Cell Material: Silicon
             Unit: 1 (1 -> nm, 2 -> um, 3 -> mm)
[user][INFO] The properties of the file 1d_res.txt are automatically set to:
             Shape: SquareCuboid
             Base Material: Silicon
             Cell Material: Silicon
             Unit: 1 (1 -> nm, 2 -> um, 3 -> mm)
[user][INFO] The properties of the file 1d_result.txt are automatically set to:
             Shape: SquareCuboid
             Base Material: Silicon
             Cell Material: Silicon
             Unit: 1 (1 -> nm, 2 -> um, 3 -> mm)
[user][INFO] The properties of the file 1d_resultres.txt are automatically set to:
             Shape: SquareCuboid
             Base Material: Silicon
             Cell Material: Silicon
             Unit: 1 (1 -> nm, 2 -> um, 3 -> mm)



metalensdesign
[INFO] 正在加载配置文件和库函数...
[INFO] 正在连接数据库...
[INFO] 成功连接到数据库
