[matlab][INFO] Loading configuration files and user libraries...
[matlab][INFO] Loading import.properties...
                            DataSrc: 'mcb_test'
                               User: 'root'
                                Pwd: 'Metasurface331.'
    minimum_innodb_buffer_pool_size: '1073741824'
                       local_infile: '1'
                              N_MIR: '119.9170'
                              M_FIR: '59.9585'
                    ignoreThickness: '0'
                   defaultThickness: '500'
                       ignoreETheta: '1'
                      defaultETheta: '90'
                           language: 'zh_CN'

[matlab][INFO] Connecting to the database...
[matlab][INFO] Database connection successful
[matlab][INFO] Reading SParameter information from the database...
[matlab][INFO] Selected path of cst result: D:\Users\TxBuffer\cstfiles
[matlab][INFO] Initializing FileInfoStrct...
[matlab][INFO] Initializing done
[matlab][INFO] The following files are detected: 
||=============================================================||
->h=400.txt
->h=450.txt
->h=500.txt
->h=550.txt
->h=600.txt
->h=650.txt
->h=700.txt
->h=750.txt
->h=800.txt
->h=850.txt
->h=900.txt
->h=950.txt
||=============================================================||
 
[matlab][INFO] Reading and Analysing: h=400.txt
[matlab][INFO] No.1/12
[matlab][INFO] Reading and Analysing: h=450.txt
[matlab][INFO] No.2/12
[matlab][INFO] Reading and Analysing: h=500.txt
[matlab][INFO] No.3/12
[matlab][INFO] Reading and Analysing: h=550.txt
[matlab][INFO] No.4/12
[matlab][INFO] Reading and Analysing: h=600.txt
[matlab][INFO] No.5/12
[matlab][INFO] Reading and Analysing: h=650.txt
[matlab][INFO] No.6/12
[matlab][INFO] Reading and Analysing: h=700.txt
[matlab][INFO] No.7/12
[matlab][INFO] Reading and Analysing: h=750.txt
[matlab][INFO] No.8/12
[matlab][INFO] Reading and Analysing: h=800.txt
[matlab][INFO] No.9/12
[matlab][INFO] Reading and Analysing: h=850.txt
[matlab][INFO] No.10/12
[matlab][INFO] Reading and Analysing: h=900.txt
[matlab][INFO] No.11/12
[matlab][INFO] Reading and Analysing: h=950.txt
[matlab][INFO] No.12/12
[matlab][INFO] File scanning done
[user][INFO] The properties of the file h=400.txt are set to:
             Shape: SquareCuboid
             Base Material: Silicon Dioxide
             Cell Material: Silicon
             Unit: 1 (1 -> nm, 2 -> um, 3 -> mm)
[user][INFO] The properties of the file h=450.txt are automatically set to:
             Shape: SquareCuboid
             Base Material: Silicon Dioxide
             Cell Material: Silicon
             Unit: 1 (1 -> nm, 2 -> um, 3 -> mm)
[user][INFO] The properties of the file h=500.txt are automatically set to:
             Shape: SquareCuboid
             Base Material: Silicon Dioxide
             Cell Material: Silicon
             Unit: 1 (1 -> nm, 2 -> um, 3 -> mm)
[user][INFO] The properties of the file h=550.txt are automatically set to:
             Shape: SquareCuboid
             Base Material: Silicon Dioxide
             Cell Material: Silicon
             Unit: 1 (1 -> nm, 2 -> um, 3 -> mm)
[user][INFO] The properties of the file h=600.txt are automatically set to:
             Shape: SquareCuboid
             Base Material: Silicon Dioxide
             Cell Material: Silicon
             Unit: 1 (1 -> nm, 2 -> um, 3 -> mm)
[user][INFO] The properties of the file h=650.txt are automatically set to:
             Shape: SquareCuboid
             Base Material: Silicon Dioxide
             Cell Material: Silicon
             Unit: 1 (1 -> nm, 2 -> um, 3 -> mm)
[user][INFO] The properties of the file h=700.txt are automatically set to:
             Shape: SquareCuboid
             Base Material: Silicon Dioxide
             Cell Material: Silicon
             Unit: 1 (1 -> nm, 2 -> um, 3 -> mm)
[user][INFO] The properties of the file h=750.txt are automatically set to:
             Shape: SquareCuboid
             Base Material: Silicon Dioxide
             Cell Material: Silicon
             Unit: 1 (1 -> nm, 2 -> um, 3 -> mm)
[user][INFO] The properties of the file h=800.txt are automatically set to:
             Shape: SquareCuboid
             Base Material: Silicon Dioxide
             Cell Material: Silicon
             Unit: 1 (1 -> nm, 2 -> um, 3 -> mm)
[user][INFO] The properties of the file h=850.txt are automatically set to:
             Shape: SquareCuboid
             Base Material: Silicon Dioxide
             Cell Material: Silicon
             Unit: 1 (1 -> nm, 2 -> um, 3 -> mm)
[user][INFO] The properties of the file h=900.txt are automatically set to:
             Shape: SquareCuboid
             Base Material: Silicon Dioxide
             Cell Material: Silicon
             Unit: 1 (1 -> nm, 2 -> um, 3 -> mm)
[user][INFO] The properties of the file h=950.txt are automatically set to:
             Shape: SquareCuboid
             Base Material: Silicon Dioxide
             Cell Material: Silicon
             Unit: 1 (1 -> nm, 2 -> um, 3 -> mm)
[matlab][INFO] Getting all parameter lines of file: h=400.txt...
[matlab][INFO] Getting all data lines and data description lines of file: h=400.txt...
[matlab][INFO] Extracting parameter values for file: h=400.txt
[matlab][INFO] Scanning S-parameter ID for file h=400.txt
[matlab][INFO] Calculating dispersion data for file h=400.txt
[matlab][INFO] Connecting to database...
[matlab][ERROR] Database connection failed, please check the database connection information, program terminated
{错误使用 <a href="matlab:matlab.internal.language.introspective.errorDocCallback('ErrFb', 'C:\Users\pc\Desktop\cst2mysql_V2.0\lib\ErrFb.m', 8)" style="font-weight:bold">ErrFb</a> (<a href="matlab: opentoline('C:\Users\pc\Desktop\cst2mysql_V2.0\lib\ErrFb.m',8,0)">第 8 行</a>)
Error occurred, program terminated! Please view more specific information in the command line window

出错 <a href="matlab:matlab.internal.language.introspective.errorDocCallback('dataImport', 'C:\Users\pc\Desktop\cst2mysql_V2.0\lib\dataImport.m', 263)" style="font-weight:bold">dataImport</a> (<a href="matlab: opentoline('C:\Users\pc\Desktop\cst2mysql_V2.0\lib\dataImport.m',263,0)">第 263 行</a>)
            ErrFb();

出错 <a href="matlab:matlab.internal.language.introspective.errorDocCallback('filePropertiesBrowser>filePropertiesOK_Callback', 'C:\Users\pc\Desktop\cst2mysql_V2.0\dev\filePropertiesBrowser.m', 305)" style="font-weight:bold">filePropertiesBrowser>filePropertiesOK_Callback</a> (<a href="matlab: opentoline('C:\Users\pc\Desktop\cst2mysql_V2.0\dev\filePropertiesBrowser.m',305,0)">第 305 行</a>)
    handles = dataImport(handles, fileInfo);

出错 <a href="matlab:matlab.internal.language.introspective.errorDocCallback('gui_mainfcn', 'D:\design\MATLAB_version2021\toolbox\matlab\guide\gui_mainfcn.m', 95)" style="font-weight:bold">gui_mainfcn</a> (<a href="matlab: opentoline('D:\design\MATLAB_version2021\toolbox\matlab\guide\gui_mainfcn.m',95,0)">第 95 行</a>)
        feval(varargin{:});

出错 <a href="matlab:matlab.internal.language.introspective.errorDocCallback('filePropertiesBrowser', 'C:\Users\pc\Desktop\cst2mysql_V2.0\dev\filePropertiesBrowser.m', 43)" style="font-weight:bold">filePropertiesBrowser</a> (<a href="matlab: opentoline('C:\Users\pc\Desktop\cst2mysql_V2.0\dev\filePropertiesBrowser.m',43,0)">第 43 行</a>)
    gui_mainfcn(gui_State, varargin{:});

出错 <a href="matlab:matlab.internal.language.introspective.errorDocCallback('matlab.graphics.internal.figfile.FigFile/read>@(hObject,eventdata)filePropertiesBrowser(''filePropertiesOK_Callback'',hObject,eventdata,guidata(hObject))')" style="font-weight:bold">matlab.graphics.internal.figfile.FigFile/read>@(hObject,eventdata)filePropertiesBrowser('filePropertiesOK_Callback',hObject,eventdata,guidata(hObject))</a>
} 
计算 UIControl Callback 时出错。

cst2mysql_v2
