[matlab][INFO] 正在加载配置文件和库函数...
[matlab][INFO] 本次导入属性如下:
    minimum_innodb_buffer_pool_size: '1073741824'
                            DataSrc: 'Metasurface_demo_db'
                               User: 'root'
                                Pwd: '123456'
                              N_MIR: '119.9170'
                              M_FIR: '59.9585'

[matlab][INFO] 正在连接数据库...
[matlab][INFO] 成功连接到数据库
[matlab][INFO] 正在初始化文件信息其他部分...
[matlab][INFO] 初始化完成
[matlab][INFO] 以下文件将被处理并导入:
||=============================================================||
->SquareCuboid h=1000.txt
->SquareCuboid h=450.txt
->SquareCuboid h=500.txt
->SquareCuboid h=700-non-standard.txt
->SquareCuboid h=850.txt
->SquareCuboid h=950.txt
->SquareCuboid resample_p=460.txt
->SquareCuboidawd mnjfy akjnwd h=400.txt
->h=550.txt
->resample_p=200.txt
->resample_p=220.txt
->resample_p=240.txt
->resample_p=260.txt
->resample_p=280.txt
->resample_p=300.txt
->resample_p=320.txt
->resample_p=340.txt
||=============================================================||
 
[matlab][INFO] 正在读取分析文件: SquareCuboid h=1000.txt
[matlab][INFO] 第1个文件, 共17个文件
[matlab][INFO] 正在读取分析文件: SquareCuboid h=450.txt
[matlab][INFO] 第2个文件, 共17个文件
[matlab][INFO] 正在读取分析文件: SquareCuboid h=500.txt
[matlab][INFO] 第3个文件, 共17个文件
[matlab][INFO] 正在读取分析文件: SquareCuboid h=700-non-standard.txt
[matlab][INFO] 第4个文件, 共17个文件
[matlab][INFO] 正在读取分析文件: SquareCuboid h=850.txt
[matlab][INFO] 第5个文件, 共17个文件
[matlab][INFO] 正在读取分析文件: SquareCuboid h=950.txt
[matlab][INFO] 第6个文件, 共17个文件
[matlab][INFO] 正在读取分析文件: SquareCuboid resample_p=460.txt
[matlab][INFO] 第7个文件, 共17个文件
[matlab][INFO] 正在读取分析文件: SquareCuboidawd mnjfy akjnwd h=400.txt
[matlab][INFO] 第8个文件, 共17个文件
[matlab][INFO] 正在读取分析文件: h=550.txt
[matlab][INFO] 第9个文件, 共17个文件
[matlab][INFO] 正在读取分析文件: resample_p=200.txt
[matlab][INFO] 第10个文件, 共17个文件
[matlab][INFO] 正在读取分析文件: resample_p=220.txt
[matlab][INFO] 第11个文件, 共17个文件
[matlab][INFO] 正在读取分析文件: resample_p=240.txt
[matlab][INFO] 第12个文件, 共17个文件
[matlab][INFO] 正在读取分析文件: resample_p=260.txt
[matlab][INFO] 第13个文件, 共17个文件
[matlab][INFO] 正在读取分析文件: resample_p=280.txt
[matlab][INFO] 第14个文件, 共17个文件
[matlab][INFO] 正在读取分析文件: resample_p=300.txt
[matlab][INFO] 第15个文件, 共17个文件
[matlab][INFO] 正在读取分析文件: resample_p=320.txt
[matlab][INFO] 第16个文件, 共17个文件
[matlab][INFO] 正在读取分析文件: resample_p=340.txt
[matlab][INFO] 第17个文件, 共17个文件
[matlab][INFO] 文件扫描完成
[matlab][INFO] 正在获取文件: SquareCuboid h=1000.txt 的所有参数行和数据行...
[matlab][INFO] 正在提取文件: SquareCuboid h=1000.txt 的参数值...
[matlab][INFO] 正在计算文件: SquareCuboid h=1000.txt 的色散数据...
[matlab][INFO] 正在连接数据库...
[matlab][INFO] 数据库连接成功
[sql][INFO][CRUCIAL] 表genericunitsprmt的起始ID为NaN, 录入长度为540, 其原文件为SquareCuboid h=1000.txt
!! genericunitsprmt-NaN-540-SquareCuboid h=1000.txt
[sql][INFO][CRUCIAL] 表squarecuboidunitsprmt的起始ID为NaN, 录入长度为540, 其原文件为SquareCuboid h=1000.txt
!! squarecuboidunitsprmt-NaN-540-SquareCuboid h=1000.txt
[sql][INFO][CRUCIAL] 表squarecuboidunitsfreqresp_nir的起始ID为NaN, 录入长度为540540, 其原文件为SquareCuboid h=1000.txt
!! squarecuboidunitsfreqresp_nir-NaN-540540-SquareCuboid h=1000.txt
[matlab][INFO] 正在将数据写入中间文件...
[matlab][INFO] 正在操作genericParam表...
[matlab][INFO] 正在操作ParamArr表...
[matlab][INFO] 正在操作DataArr各表...
[matlab][INFO] 该操作可能需要较长时间, 请耐心等待...
[matlab][INFO] 未检测到中红外MIR数据, 跳过
[matlab][INFO] 未检测到远红外FIR数据, 跳过
[matlab][INFO] 正在获取文件: SquareCuboid h=450.txt 的所有参数行和数据行...
[matlab][INFO] 正在提取文件: SquareCuboid h=450.txt 的参数值...
[matlab][INFO] 正在计算文件: SquareCuboid h=450.txt 的色散数据...
[sql][INFO][CRUCIAL] 表genericunitsprmt的起始ID为15, 录入长度为546, 其原文件为SquareCuboid h=450.txt
!! genericunitsprmt-15-546-SquareCuboid h=450.txt
[sql][INFO][CRUCIAL] 表squarecuboidunitsprmt的起始ID为NaN, 录入长度为546, 其原文件为SquareCuboid h=450.txt
!! squarecuboidunitsprmt-NaN-546-SquareCuboid h=450.txt
[sql][INFO][CRUCIAL] 表squarecuboidunitsfreqresp_nir的起始ID为NaN, 录入长度为546546, 其原文件为SquareCuboid h=450.txt
!! squarecuboidunitsfreqresp_nir-NaN-546546-SquareCuboid h=450.txt
[matlab][INFO] 正在将数据写入中间文件...
[matlab][INFO] 正在操作genericParam表...
[matlab][INFO] 正在操作ParamArr表...
[matlab][INFO] 正在操作DataArr各表...
[matlab][INFO] 该操作可能需要较长时间, 请耐心等待...
[matlab][INFO] 未检测到中红外MIR数据, 跳过
[matlab][INFO] 未检测到远红外FIR数据, 跳过
[matlab][INFO] 正在获取文件: SquareCuboid h=500.txt 的所有参数行和数据行...
[matlab][INFO] 正在提取文件: SquareCuboid h=500.txt 的参数值...
[matlab][INFO] 正在计算文件: SquareCuboid h=500.txt 的色散数据...
[sql][INFO][CRUCIAL] 表genericunitsprmt的起始ID为30, 录入长度为546, 其原文件为SquareCuboid h=500.txt
!! genericunitsprmt-30-546-SquareCuboid h=500.txt
[sql][INFO][CRUCIAL] 表squarecuboidunitsprmt的起始ID为535, 录入长度为546, 其原文件为SquareCuboid h=500.txt
!! squarecuboidunitsprmt-535-546-SquareCuboid h=500.txt
[sql][INFO][CRUCIAL] 表squarecuboidunitsfreqresp_nir的起始ID为NaN, 录入长度为546546, 其原文件为SquareCuboid h=500.txt
!! squarecuboidunitsfreqresp_nir-NaN-546546-SquareCuboid h=500.txt
[matlab][INFO] 正在将数据写入中间文件...
[matlab][INFO] 正在操作genericParam表...
[matlab][INFO] 正在操作ParamArr表...
[matlab][INFO] 正在操作DataArr各表...
[matlab][INFO] 该操作可能需要较长时间, 请耐心等待...
[matlab][INFO] 未检测到中红外MIR数据, 跳过
[matlab][INFO] 未检测到远红外FIR数据, 跳过
[matlab][INFO] 正在获取文件: SquareCuboid h=700-non-standard.txt 的所有参数行和数据行...
[matlab][INFO] 正在提取文件: SquareCuboid h=700-non-standard.txt 的参数值...
[matlab][INFO] 正在计算文件: SquareCuboid h=700-non-standard.txt 的色散数据...
[sql][INFO][CRUCIAL] 表genericunitsprmt的起始ID为45, 录入长度为546, 其原文件为SquareCuboid h=700-non-standard.txt
!! genericunitsprmt-45-546-SquareCuboid h=700-non-standard.txt
[sql][INFO][CRUCIAL] 表squarecuboidunitsprmt的起始ID为1558, 录入长度为546, 其原文件为SquareCuboid h=700-non-standard.txt
!! squarecuboidunitsprmt-1558-546-SquareCuboid h=700-non-standard.txt
[sql][INFO][CRUCIAL] 表squarecuboidunitsfreqresp_nir的起始ID为56059, 录入长度为546546, 其原文件为SquareCuboid h=700-non-standard.txt
!! squarecuboidunitsfreqresp_nir-56059-546546-SquareCuboid h=700-non-standard.txt
[matlab][INFO] 正在将数据写入中间文件...
[matlab][INFO] 正在操作genericParam表...
[matlab][INFO] 正在操作ParamArr表...
[matlab][INFO] 正在操作DataArr各表...
[matlab][INFO] 该操作可能需要较长时间, 请耐心等待...
[matlab][INFO] 未检测到中红外MIR数据, 跳过
[matlab][INFO] 未检测到远红外FIR数据, 跳过
[matlab][INFO] 正在获取文件: SquareCuboid h=850.txt 的所有参数行和数据行...
[matlab][INFO] 正在提取文件: SquareCuboid h=850.txt 的参数值...
[matlab][INFO] 正在计算文件: SquareCuboid h=850.txt 的色散数据...
[sql][INFO][CRUCIAL] 表genericunitsprmt的起始ID为60, 录入长度为546, 其原文件为SquareCuboid h=850.txt
!! genericunitsprmt-60-546-SquareCuboid h=850.txt
[sql][INFO][CRUCIAL] 表squarecuboidunitsprmt的起始ID为2581, 录入长度为546, 其原文件为SquareCuboid h=850.txt
!! squarecuboidunitsprmt-2581-546-SquareCuboid h=850.txt
[sql][INFO][CRUCIAL] 表squarecuboidunitsfreqresp_nir的起始ID为121594, 录入长度为546546, 其原文件为SquareCuboid h=850.txt
!! squarecuboidunitsfreqresp_nir-121594-546546-SquareCuboid h=850.txt
[matlab][INFO] 正在将数据写入中间文件...
[matlab][INFO] 正在操作genericParam表...
[matlab][INFO] 正在操作ParamArr表...
[matlab][INFO] 正在操作DataArr各表...
[matlab][INFO] 该操作可能需要较长时间, 请耐心等待...
[matlab][INFO] 未检测到中红外MIR数据, 跳过
[matlab][INFO] 未检测到远红外FIR数据, 跳过
[matlab][INFO] 正在获取文件: SquareCuboid h=950.txt 的所有参数行和数据行...
[matlab][INFO] 正在提取文件: SquareCuboid h=950.txt 的参数值...
[matlab][INFO] 正在计算文件: SquareCuboid h=950.txt 的色散数据...
[sql][INFO][CRUCIAL] 表genericunitsprmt的起始ID为75, 录入长度为546, 其原文件为SquareCuboid h=950.txt
!! genericunitsprmt-75-546-SquareCuboid h=950.txt
[sql][INFO][CRUCIAL] 表squarecuboidunitsprmt的起始ID为3604, 录入长度为546, 其原文件为SquareCuboid h=950.txt
!! squarecuboidunitsprmt-3604-546-SquareCuboid h=950.txt
[sql][INFO][CRUCIAL] 表squarecuboidunitsfreqresp_nir的起始ID为187129, 录入长度为546546, 其原文件为SquareCuboid h=950.txt
!! squarecuboidunitsfreqresp_nir-187129-546546-SquareCuboid h=950.txt
[matlab][INFO] 正在将数据写入中间文件...
[matlab][INFO] 正在操作genericParam表...
[matlab][INFO] 正在操作ParamArr表...
[matlab][INFO] 正在操作DataArr各表...
[matlab][INFO] 该操作可能需要较长时间, 请耐心等待...
[matlab][INFO] 未检测到中红外MIR数据, 跳过
[matlab][INFO] 未检测到远红外FIR数据, 跳过
[matlab][INFO] 正在获取文件: SquareCuboid resample_p=460.txt 的所有参数行和数据行...
[matlab][INFO] 正在提取文件: SquareCuboid resample_p=460.txt 的参数值...
[matlab][INFO] 正在计算文件: SquareCuboid resample_p=460.txt 的色散数据...
[sql][INFO][CRUCIAL] 表genericunitsprmt的起始ID为90, 录入长度为839, 其原文件为SquareCuboid resample_p=460.txt
!! genericunitsprmt-90-839-SquareCuboid resample_p=460.txt
[sql][INFO][CRUCIAL] 表squarecuboidunitsprmt的起始ID为4627, 录入长度为839, 其原文件为SquareCuboid resample_p=460.txt
!! squarecuboidunitsprmt-4627-839-SquareCuboid resample_p=460.txt
[sql][INFO][CRUCIAL] 表squarecuboidunitsfreqresp_nir的起始ID为252664, 录入长度为114104, 其原文件为SquareCuboid resample_p=460.txt
!! squarecuboidunitsfreqresp_nir-252664-114104-SquareCuboid resample_p=460.txt
[matlab][INFO] 正在将数据写入中间文件...
[matlab][INFO] 正在操作genericParam表...
[matlab][INFO] 正在操作ParamArr表...
[matlab][INFO] 正在操作DataArr各表...
[matlab][INFO] 该操作可能需要较长时间, 请耐心等待...
[matlab][INFO] 未检测到中红外MIR数据, 跳过
[matlab][INFO] 未检测到远红外FIR数据, 跳过
[matlab][INFO] 正在获取文件: SquareCuboidawd mnjfy akjnwd h=400.txt 的所有参数行和数据行...
[matlab][INFO] 正在提取文件: SquareCuboidawd mnjfy akjnwd h=400.txt 的参数值...
[matlab][INFO] 正在计算文件: SquareCuboidawd mnjfy akjnwd h=400.txt 的色散数据...
[sql][INFO][CRUCIAL] 表genericunitsprmt的起始ID为104, 录入长度为546, 其原文件为SquareCuboidawd mnjfy akjnwd h=400.txt
!! genericunitsprmt-104-546-SquareCuboidawd mnjfy akjnwd h=400.txt
[sql][INFO][CRUCIAL] 表squarecuboidunitsprmt的起始ID为5891, 录入长度为546, 其原文件为SquareCuboidawd mnjfy akjnwd h=400.txt
!! squarecuboidunitsprmt-5891-546-SquareCuboidawd mnjfy akjnwd h=400.txt
[sql][INFO][CRUCIAL] 表squarecuboidunitsfreqresp_nir的起始ID为309607, 录入长度为546546, 其原文件为SquareCuboidawd mnjfy akjnwd h=400.txt
!! squarecuboidunitsfreqresp_nir-309607-546546-SquareCuboidawd mnjfy akjnwd h=400.txt
[matlab][INFO] 正在将数据写入中间文件...
[matlab][INFO] 正在操作genericParam表...
[matlab][INFO] 正在操作ParamArr表...
[matlab][INFO] 正在操作DataArr各表...
[matlab][INFO] 该操作可能需要较长时间, 请耐心等待...
[matlab][INFO] 未检测到中红外MIR数据, 跳过
[matlab][INFO] 未检测到远红外FIR数据, 跳过
[matlab][INFO] 正在获取文件: h=550.txt 的所有参数行和数据行...
[matlab][INFO] 正在提取文件: h=550.txt 的参数值...
[matlab][INFO] 正在计算文件: h=550.txt 的色散数据...
[sql][INFO][CRUCIAL] 表genericunitsprmt的起始ID为121, 录入长度为546, 其原文件为h=550.txt
!! genericunitsprmt-121-546-h=550.txt
[sql][INFO][CRUCIAL] 表squarecuboidunitsprmt的起始ID为6656, 录入长度为546, 其原文件为h=550.txt
!! squarecuboidunitsprmt-6656-546-h=550.txt
[sql][INFO][CRUCIAL] 表squarecuboidunitsfreqresp_nir的起始ID为624975, 录入长度为546546, 其原文件为h=550.txt
!! squarecuboidunitsfreqresp_nir-624975-546546-h=550.txt
[matlab][INFO] 正在将数据写入中间文件...
[matlab][INFO] 正在操作genericParam表...
[matlab][INFO] 正在操作ParamArr表...
[matlab][INFO] 正在操作DataArr各表...
[matlab][INFO] 该操作可能需要较长时间, 请耐心等待...
[matlab][INFO] 未检测到中红外MIR数据, 跳过
[matlab][INFO] 未检测到远红外FIR数据, 跳过
[matlab][INFO] 正在获取文件: resample_p=200.txt 的所有参数行和数据行...
[matlab][INFO] 正在提取文件: resample_p=200.txt 的参数值...
[matlab][INFO] 正在计算文件: resample_p=200.txt 的色散数据...
[sql][INFO][CRUCIAL] 表genericunitsprmt的起始ID为135, 录入长度为169, 其原文件为resample_p=200.txt
!! genericunitsprmt-135-169-resample_p=200.txt
[sql][INFO][CRUCIAL] 表squarecuboidunitsprmt的起始ID为7709, 录入长度为169, 其原文件为resample_p=200.txt
!! squarecuboidunitsprmt-7709-169-resample_p=200.txt
[sql][INFO][CRUCIAL] 表squarecuboidunitsfreqresp_nir的起始ID为694392, 录入长度为22984, 其原文件为resample_p=200.txt
!! squarecuboidunitsfreqresp_nir-694392-22984-resample_p=200.txt
[matlab][INFO] 正在将数据写入中间文件...
[matlab][INFO] 正在操作genericParam表...
[matlab][INFO] 正在操作ParamArr表...
[matlab][INFO] 正在操作DataArr各表...
[matlab][INFO] 该操作可能需要较长时间, 请耐心等待...
[matlab][INFO] 未检测到中红外MIR数据, 跳过
[matlab][INFO] 未检测到远红外FIR数据, 跳过
[matlab][INFO] 正在获取文件: resample_p=220.txt 的所有参数行和数据行...
[matlab][INFO] 正在提取文件: resample_p=220.txt 的参数值...
[matlab][INFO] 正在计算文件: resample_p=220.txt 的色散数据...
[sql][INFO][CRUCIAL] 表genericunitsprmt的起始ID为149, 录入长度为221, 其原文件为resample_p=220.txt
!! genericunitsprmt-149-221-resample_p=220.txt
[sql][INFO][CRUCIAL] 表squarecuboidunitsprmt的起始ID为8342, 录入长度为221, 其原文件为resample_p=220.txt
!! squarecuboidunitsprmt-8342-221-resample_p=220.txt
[sql][INFO][CRUCIAL] 表squarecuboidunitsfreqresp_nir的起始ID为694392, 录入长度为30056, 其原文件为resample_p=220.txt
!! squarecuboidunitsfreqresp_nir-694392-30056-resample_p=220.txt
[matlab][INFO] 正在将数据写入中间文件...
[matlab][INFO] 正在操作genericParam表...
[matlab][INFO] 正在操作ParamArr表...
[matlab][INFO] 正在操作DataArr各表...
[matlab][INFO] 该操作可能需要较长时间, 请耐心等待...
[matlab][INFO] 未检测到中红外MIR数据, 跳过
[matlab][INFO] 未检测到远红外FIR数据, 跳过
[matlab][INFO] 正在获取文件: resample_p=240.txt 的所有参数行和数据行...
[matlab][INFO] 正在提取文件: resample_p=240.txt 的参数值...
[matlab][INFO] 正在计算文件: resample_p=240.txt 的色散数据...
[sql][INFO][CRUCIAL] 表genericunitsprmt的起始ID为164, 录入长度为273, 其原文件为resample_p=240.txt
!! genericunitsprmt-164-273-resample_p=240.txt
[sql][INFO][CRUCIAL] 表squarecuboidunitsprmt的起始ID为8628, 录入长度为273, 其原文件为resample_p=240.txt
!! squarecuboidunitsprmt-8628-273-resample_p=240.txt
[sql][INFO][CRUCIAL] 表squarecuboidunitsfreqresp_nir的起始ID为737481, 录入长度为37128, 其原文件为resample_p=240.txt
!! squarecuboidunitsfreqresp_nir-737481-37128-resample_p=240.txt
[matlab][INFO] 正在将数据写入中间文件...
[matlab][INFO] 正在操作genericParam表...
[matlab][INFO] 正在操作ParamArr表...
[matlab][INFO] 正在操作DataArr各表...
[matlab][INFO] 该操作可能需要较长时间, 请耐心等待...
[matlab][INFO] 未检测到中红外MIR数据, 跳过
[matlab][INFO] 未检测到远红外FIR数据, 跳过
[matlab][INFO] 正在获取文件: resample_p=260.txt 的所有参数行和数据行...
[matlab][INFO] 正在提取文件: resample_p=260.txt 的参数值...
[matlab][INFO] 正在计算文件: resample_p=260.txt 的色散数据...
[sql][INFO][CRUCIAL] 表genericunitsprmt的起始ID为179, 录入长度为325, 其原文件为resample_p=260.txt
!! genericunitsprmt-179-325-resample_p=260.txt
[sql][INFO][CRUCIAL] 表squarecuboidunitsprmt的起始ID为8927, 录入长度为325, 其原文件为resample_p=260.txt
!! squarecuboidunitsprmt-8927-325-resample_p=260.txt
[sql][INFO][CRUCIAL] 表squarecuboidunitsfreqresp_nir的起始ID为781536, 录入长度为44200, 其原文件为resample_p=260.txt
!! squarecuboidunitsfreqresp_nir-781536-44200-resample_p=260.txt
[matlab][INFO] 正在将数据写入中间文件...
[matlab][INFO] 正在操作genericParam表...
[matlab][INFO] 正在操作ParamArr表...
[matlab][INFO] 正在操作DataArr各表...
[matlab][INFO] 该操作可能需要较长时间, 请耐心等待...
[matlab][INFO] 未检测到中红外MIR数据, 跳过
[matlab][INFO] 未检测到远红外FIR数据, 跳过
[matlab][INFO] 正在获取文件: resample_p=280.txt 的所有参数行和数据行...
[matlab][INFO] 正在提取文件: resample_p=280.txt 的参数值...
[matlab][INFO] 正在计算文件: resample_p=280.txt 的色散数据...
[sql][INFO][CRUCIAL] 表genericunitsprmt的起始ID为194, 录入长度为377, 其原文件为resample_p=280.txt
!! genericunitsprmt-194-377-resample_p=280.txt
[sql][INFO][CRUCIAL] 表squarecuboidunitsprmt的起始ID为9226, 录入长度为377, 其原文件为resample_p=280.txt
!! squarecuboidunitsprmt-9226-377-resample_p=280.txt
[sql][INFO][CRUCIAL] 表squarecuboidunitsfreqresp_nir的起始ID为823823, 录入长度为51272, 其原文件为resample_p=280.txt
!! squarecuboidunitsfreqresp_nir-823823-51272-resample_p=280.txt
[matlab][INFO] 正在将数据写入中间文件...
[matlab][INFO] 正在操作genericParam表...
[matlab][INFO] 正在操作ParamArr表...
[matlab][INFO] 正在操作DataArr各表...
[matlab][INFO] 该操作可能需要较长时间, 请耐心等待...
[matlab][INFO] 未检测到中红外MIR数据, 跳过
[matlab][INFO] 未检测到远红外FIR数据, 跳过
[matlab][INFO] 正在获取文件: resample_p=300.txt 的所有参数行和数据行...
[matlab][INFO] 正在提取文件: resample_p=300.txt 的参数值...
[matlab][INFO] 正在计算文件: resample_p=300.txt 的色散数据...
[sql][INFO][CRUCIAL] 表genericunitsprmt的起始ID为209, 录入长度为429, 其原文件为resample_p=300.txt
!! genericunitsprmt-209-429-resample_p=300.txt
[sql][INFO][CRUCIAL] 表squarecuboidunitsprmt的起始ID为9781, 录入长度为429, 其原文件为resample_p=300.txt
!! squarecuboidunitsprmt-9781-429-resample_p=300.txt
[sql][INFO][CRUCIAL] 表squarecuboidunitsfreqresp_nir的起始ID为871134, 录入长度为58344, 其原文件为resample_p=300.txt
!! squarecuboidunitsfreqresp_nir-871134-58344-resample_p=300.txt
[matlab][INFO] 正在将数据写入中间文件...
[matlab][INFO] 正在操作genericParam表...
[matlab][INFO] 正在操作ParamArr表...
[matlab][INFO] 正在操作DataArr各表...
[matlab][INFO] 该操作可能需要较长时间, 请耐心等待...
[matlab][INFO] 未检测到中红外MIR数据, 跳过
[matlab][INFO] 未检测到远红外FIR数据, 跳过
[matlab][INFO] 正在获取文件: resample_p=320.txt 的所有参数行和数据行...
[matlab][INFO] 正在提取文件: resample_p=320.txt 的参数值...
[matlab][INFO] 正在计算文件: resample_p=320.txt 的色散数据...
[sql][INFO][CRUCIAL] 表genericunitsprmt的起始ID为225, 录入长度为481, 其原文件为resample_p=320.txt
!! genericunitsprmt-225-481-resample_p=320.txt
[sql][INFO][CRUCIAL] 表squarecuboidunitsprmt的起始ID为10337, 录入长度为481, 其原文件为resample_p=320.txt
!! squarecuboidunitsprmt-10337-481-resample_p=320.txt
[sql][INFO][CRUCIAL] 表squarecuboidunitsfreqresp_nir的起始ID为916957, 录入长度为65416, 其原文件为resample_p=320.txt
!! squarecuboidunitsfreqresp_nir-916957-65416-resample_p=320.txt
[matlab][INFO] 正在将数据写入中间文件...
[matlab][INFO] 正在操作genericParam表...
[matlab][INFO] 正在操作ParamArr表...
[matlab][INFO] 正在操作DataArr各表...
[matlab][INFO] 该操作可能需要较长时间, 请耐心等待...
[matlab][INFO] 未检测到中红外MIR数据, 跳过
[matlab][INFO] 未检测到远红外FIR数据, 跳过
[matlab][INFO] 正在获取文件: resample_p=340.txt 的所有参数行和数据行...
[matlab][INFO] 正在提取文件: resample_p=340.txt 的参数值...
[matlab][INFO] 正在计算文件: resample_p=340.txt 的色散数据...
[sql][INFO][CRUCIAL] 表genericunitsprmt的起始ID为239, 录入长度为533, 其原文件为resample_p=340.txt
!! genericunitsprmt-239-533-resample_p=340.txt
[sql][INFO][CRUCIAL] 表squarecuboidunitsprmt的起始ID为10928, 录入长度为533, 其原文件为resample_p=340.txt
!! squarecuboidunitsprmt-10928-533-resample_p=340.txt
[sql][INFO][CRUCIAL] 表squarecuboidunitsfreqresp_nir的起始ID为962916, 录入长度为72488, 其原文件为resample_p=340.txt
!! squarecuboidunitsfreqresp_nir-962916-72488-resample_p=340.txt
[matlab][INFO] 正在将数据写入中间文件...
[matlab][INFO] 正在操作genericParam表...
[matlab][INFO] 正在操作ParamArr表...
[matlab][INFO] 正在操作DataArr各表...
[matlab][INFO] 该操作可能需要较长时间, 请耐心等待...
[matlab][INFO] 未检测到中红外MIR数据, 跳过
[matlab][INFO] 未检测到远红外FIR数据, 跳过
