[matlab][INFO] 正在加载配置文件和库函数...
[matlab][INFO] 本次导入属性如下:
                            DataSrc: 'Metasurface_demo_db'
                               User: 'root'
                                Pwd: '123456'
    minimum_innodb_buffer_pool_size: '1073741824'
                       local_infile: '1'
                              N_MIR: '119.9170'
                              M_FIR: '59.9585'
                    ignoreThickness: '1'
                   defaultThickness: '500'
                       ignoreETheta: '0'
                      defaultETheta: '90'
                           language: 'zh_CN'

[matlab][INFO] 正在连接数据库...
[matlab][INFO] 成功连接到数据库
[matlab][INFO] 正在读取数据库中的S参数信息...
[matlab][INFO] 正在初始化文件信息其他部分...
[matlab][INFO] 初始化完成
[matlab][INFO] 以下文件将被处理并导入:
||=============================================================||
->1d_.txt
->1d_res.txt
->1d_result.txt
||=============================================================||
 
[matlab][INFO] 正在读取分析文件: 1d_.txt
[matlab][INFO] 第1个文件, 共3个文件
[matlab][INFO] 正在读取分析文件: 1d_res.txt
[matlab][INFO] 第2个文件, 共3个文件
[matlab][INFO] 正在读取分析文件: 1d_result.txt
[matlab][INFO] 第3个文件, 共3个文件
[matlab][INFO] 文件扫描完成
<a href="matlab: opentoline('C:\Users\pc\Desktop\cst2mysql_V2.0\Src\paramsBrowser.m',122,1)">122 </a>set(handles.paramBrowseBox,'visible','off');
handles.mainUI

ans = 

  <a href="matlab:helpPopup matlab.ui.control.UIControl" style="font-weight:bold">UIControl</a> (scanStart) - 属性:

              Style: 'pushbutton'
             String: '正在分析文件...'
    BackgroundColor: [0.9400 0.9400 0.9400]
           Callback: @(hObject,eventdata)cst2mysql_v2('scanStart_Callback',hObject,eventdata,guidata(hObject))
              Value: 0
           Position: [46.7500 0.6364 29 2.6364]
              Units: 'characters'

  显示 <a href="matlab:if exist('ans', 'var'), matlab.graphics.internal.getForDisplay('ans', ans, 'matlab.ui.control.UIControl'), else, matlab.graphics.internal.getForDisplay('ans'), end">所有属性</a>

if system_dependent('IsDebugMode')==1, dbquit; end
close('all', 'force')
