[matlab][INFO] 正在加载配置文件和库函数...
[matlab][INFO] 本次导入属性如下:
    minimum_innodb_buffer_pool_size: '1073741824'
                            DataSrc: 'Metasurface_demo_db'
                               User: 'root'
                                Pwd: '123456'
                              N_MIR: '119.9170'
                              M_FIR: '59.9585'

[matlab][INFO] 正在连接数据库...
[matlab][INFO] 成功连接到数据库
[matlab][INFO] 正在初始化文件信息其他部分...
[matlab][INFO] 初始化完成
[matlab][INFO] 以下文件将被处理并导入:
||=============================================================||
->SquareCuboid h=500.txt
->SquareCuboid h=850.txt
->SquareCuboid h=950.txt
->SquareCuboidawd mnjfy akjnwd h=400.txt
->_tst.txt
->resample_p=460.txt
->zSqboid h=1000.txt
||=============================================================||
 
[matlab][INFO] 正在读取分析文件: SquareCuboid h=500.txt
[matlab][INFO] 第1个文件, 共7个文件
[matlab][INFO] 正在读取分析文件: SquareCuboid h=850.txt
[matlab][INFO] 第2个文件, 共7个文件
[matlab][INFO] 正在读取分析文件: SquareCuboid h=950.txt
[matlab][INFO] 第3个文件, 共7个文件
[matlab][INFO] 正在读取分析文件: SquareCuboidawd mnjfy akjnwd h=400.txt
[matlab][INFO] 第4个文件, 共7个文件
[matlab][INFO] 正在读取分析文件: _tst.txt
[matlab][INFO] 第5个文件, 共7个文件
[matlab][INFO] 正在读取分析文件: resample_p=460.txt
[matlab][INFO] 第6个文件, 共7个文件
[matlab][INFO] 正在读取分析文件: zSqboid h=1000.txt
[matlab][INFO] 第7个文件, 共7个文件
[matlab][INFO] 文件扫描完成
<a href="matlab: opentoline('C:\Users\pc\Desktop\cst2mysql_V1.0\Src\importGUI_v1.m',408,1)">408 </a>    fileInfo(fileNum) = paramStandardization(fileInfo(fileNum), ...
if system_dependent('IsDebugMode')==1, dbquit; end
