[matlab][INFO] 正在加载配置文件和库函数...
[matlab][INFO] 本次导入属性如下:
    minimum_innodb_buffer_pool_size: '1073741824'
                            DataSrc: 'Metasurface_demo_db'
                               User: 'root'
                                Pwd: '123456'
                              N_MIR: '119.9170'
                              M_FIR: '59.9585'

[matlab][INFO] 正在连接数据库...
[matlab][INFO] 成功连接到数据库
[matlab][INFO] 正在初始化文件信息其他部分...
[matlab][INFO] 初始化完成
[matlab][INFO] 以下文件将被处理并导入:
||=============================================================||
->SquareCuboid h notstandard.txt
->SquareCuboid h=1000.txt
->SquareCuboid h=500.txt
->SquareCuboid h=850.txt
->SquareCuboid h=950.txt
||=============================================================||
 
[matlab][INFO] 正在读取分析文件: SquareCuboid h notstandard.txt
[matlab][INFO] 第1个文件, 共5个文件
[matlab][INFO] 正在读取分析文件: SquareCuboid h=1000.txt
[matlab][INFO] 第2个文件, 共5个文件
[matlab][INFO] 正在读取分析文件: SquareCuboid h=500.txt
[matlab][INFO] 第3个文件, 共5个文件
[matlab][INFO] 正在读取分析文件: SquareCuboid h=850.txt
[matlab][INFO] 第4个文件, 共5个文件
[matlab][INFO] 正在读取分析文件: SquareCuboid h=950.txt
[matlab][INFO] 第5个文件, 共5个文件
[matlab][INFO] 文件扫描完成
{数组索引必须为正整数或逻辑值。

出错 <a href="matlab:matlab.internal.language.introspective.errorDocCallback('importGUI_v1>paramOK_Callback', 'C:\Users\pc\Desktop\cst2mysql_V1.0\Src\importGUI_v1.m', 293)" style="font-weight:bold">importGUI_v1>paramOK_Callback</a> (<a href="matlab: opentoline('C:\Users\pc\Desktop\cst2mysql_V1.0\Src\importGUI_v1.m',293,0)">第 293 行</a>)
        fileInfo(nextFile).ParamMap(posTmp(1)) = i;

出错 <a href="matlab:matlab.internal.language.introspective.errorDocCallback('gui_mainfcn', 'D:\design\MATLAB_version2021\toolbox\matlab\guide\gui_mainfcn.m', 95)" style="font-weight:bold">gui_mainfcn</a> (<a href="matlab: opentoline('D:\design\MATLAB_version2021\toolbox\matlab\guide\gui_mainfcn.m',95,0)">第 95 行</a>)
        feval(varargin{:});

出错 <a href="matlab:matlab.internal.language.introspective.errorDocCallback('importGUI_v1', 'C:\Users\pc\Desktop\cst2mysql_V1.0\Src\importGUI_v1.m', 42)" style="font-weight:bold">importGUI_v1</a> (<a href="matlab: opentoline('C:\Users\pc\Desktop\cst2mysql_V1.0\Src\importGUI_v1.m',42,0)">第 42 行</a>)
    gui_mainfcn(gui_State, varargin{:});

出错 <a href="matlab:matlab.internal.language.introspective.errorDocCallback('matlab.graphics.internal.figfile.FigFile/read>@(hObject,eventdata)importGUI_v1(''paramOK_Callback'',hObject,eventdata,guidata(hObject))')" style="font-weight:bold">matlab.graphics.internal.figfile.FigFile/read>@(hObject,eventdata)importGUI_v1('paramOK_Callback',hObject,eventdata,guidata(hObject))</a>
} 
计算 UIControl Callback 时出错。

opentoline('C:\Users\pc\Desktop\cst2mysql_V1.0\Src\importGUI_v1.m',293,0)
