[matlab][INFO] Loading configuration files and user libraries...
[matlab][INFO] Loading import.properties...
                            DataSrc: 'Metasurface_demo_db'
                               User: 'root'
                                Pwd: '123456'
    minimum_innodb_buffer_pool_size: '1073741824'
                       local_infile: '1'
                              N_MIR: '119.9170'
                              M_FIR: '59.9585'
                    ignoreThickness: '0'
                   defaultThickness: '500'
                       ignoreETheta: '1'
                      defaultETheta: '90'
                           language: 'zh_CN'

[matlab][INFO] Connecting to the database...
[matlab][INFO] Database connection successful
[matlab][INFO] Reading SParameter information from the database...
[matlab][INFO] Selected path of cst result: C:\Users\pc\Desktop\test files\new
[matlab][INFO] Initializing FileInfoStrct...
[matlab][INFO] Initializing done
[matlab][INFO] The following files are detected: 
||=============================================================||
->1d_.txt
->1d_res.txt
->1d_result.txt
->1d_resultres.txt
||=============================================================||
 
[matlab][INFO] Reading and Analysing: 1d_.txt
[matlab][INFO] No.1/4
[matlab][INFO] Reading and Analysing: 1d_res.txt
[matlab][INFO] No.2/4
[matlab][INFO] Reading and Analysing: 1d_result.txt
[matlab][INFO] No.3/4
[matlab][INFO] Reading and Analysing: 1d_resultres.txt
[matlab][INFO] No.4/4
[matlab][INFO] File scanning done
[user][INFO] The properties of the file 1d_.txt are set to:
             Shape: SquareCuboid
             Base Material: Silicon
             Cell Material: Silicon
             Unit: 1 (1 -> nm, 2 -> um, 3 -> mm)
[user][INFO] The properties of the file 1d_res.txt are automatically set to:
             Shape: SquareCuboid
             Base Material: Silicon
             Cell Material: Silicon
             Unit: 1 (1 -> nm, 2 -> um, 3 -> mm)
[user][INFO] The properties of the file 1d_result.txt are automatically set to:
             Shape: SquareCuboid
             Base Material: Silicon
             Cell Material: Silicon
             Unit: 1 (1 -> nm, 2 -> um, 3 -> mm)
[user][INFO] The properties of the file 1d_resultres.txt are automatically set to:
             Shape: SquareCuboid
             Base Material: Silicon
             Cell Material: Silicon
             Unit: 1 (1 -> nm, 2 -> um, 3 -> mm)
[matlab][INFO] Getting all parameter lines of file: 1d_.txt...
[matlab][INFO] Getting all data lines and data description lines of file: 1d_.txt...
[matlab][INFO] Extracting parameter values for file: 1d_.txt
[matlab][INFO] Scanning S-parameter ID for file 1d_.txt
[matlab][INFO] Calculating dispersion data for file 1d_.txt
[matlab][INFO] Connecting to database...
[matlab][INFO] Database connected successfully
[matlab][INFO] Writing generic Parameters to database...
[sql][INFO][CRUCIAL] This time the file 1d_.txt is entered into the table genericunitsprmt, the details of the id are as follows:
!! 1d_.txt-genericunitsprmt-89-88-87-86-
[matlab][INFO] Matching foreign keys for ParamArr...
[matlab][INFO] Writing ParamArr to database...
[sql][INFO][CRUCIAL] This time the file 1d_.txt is entered into the table squarecuboidunitsprmt, the details of the id are as follows:
!! 1d_.txt-squarecuboidunitsprmt-1142-1141-1140-1139-
[matlab][INFO] No near infrared (NIR) data detected, skipping
[matlab][INFO] No mid infrared (MIR) data detected, skipping
[matlab][INFO] Matching foreign keys for DataArr(FIR)...
[matlab][INFO] Writing DataArr to database, this operation may take some time...
[sql][INFO][CRUCIAL] This time the file 1d_.txt is entered into the table squarecuboidunitsfreqresp_fir, the details of the id are as follows:
!! 1d_.txt-squarecuboidunitsfreqresp_fir-4536-4535-4534-4533-4532-4531-4530-4529-4528-4527-4526-4525-4524-4523-4522-4521-4520-4519-4518-4517-4516-4515-4514-4513-4512-4511-4510-4509-4508-4507-4506-4505-4504-4503-4502-4501-4500-4499-4498-4497-4496-4495-4494-4493-4492-4491-4490-4489-4488-4487-4486-4485-4484-4483-4482-4481-4480-4479-4478-4477-4476-4475-4474-4473-4472-4471-4470-4469-4468-4467-4466-4465-4464-4463-4462-4461-4460-4459-4458-4457-4456-4455-4454-4453-4452-4451-4450-4449-4448-4447-4446-4445-4444-4443-4442-4441-4440-4439-4438-4437-4436-4435-4434-4433-4432-4431-4430-4429-4428-4427-4426-4425-4424-4423-4422-4421-4420-4419-4418-4417-4416-4415-4414-4413-4412-4411-4410-4409-4408-4407-4406-4405-4404-4403-4402-4401-4400-4399-4398-4397-4396-4395-4394-4393-4392-4391-4390-4389-4388-4387-4386-4385-4384-4383-4382-4381-4380-4379-4378-4377-4376-4375-4374-4373-4372-4371-4370-4369-4368-4367-4366-4365-4364-4363-4362-4361-4360-4359-4358-4357-4356-4355-4354-4353-4352-4351-4350-4349-4348-4347-4346-4345-4344-4343-4342-4341-4340-4339-4338-4337-4336-4335-4334-4333-4332-4331-4330-4329-4328-4327-4326-4325-4324-4323-4322-4321-4320-4319-4318-4317-4316-4315-4314-4313-4312-4311-4310-4309-4308-4307-4306-4305-4304-4303-4302-4301-4300-4299-4298-4297-4296-4295-4294-4293-4292-4291-4290-4289-4288-4287-4286-4285-4284-4283-4282-4281-4280-4279-4278-4277-4276-4275-4274-4273-4272-4271-4270-4269-4268-4267-4266-4265-4264-4263-4262-4261-4260-4259-4258-4257-4256-4255-4254-4253-4252-4251-4250-4249-4248-4247-4246-4245-4244-4243-4242-4241-4240-4239-4238-4237-4236-4235-4234-4233-4232-4231-4230-4229-4228-4227-4226-4225-4224-4223-4222-4221-4220-4219-4218-4217-4216-4215-4214-4213-
[matlab][INFO] Getting all parameter lines of file: 1d_res.txt...
[matlab][INFO] Getting all data lines and data description lines of file: 1d_res.txt...
[matlab][INFO] Extracting parameter values for file: 1d_res.txt
[matlab][INFO] Scanning S-parameter ID for file 1d_res.txt
[matlab][INFO] Calculating dispersion data for file 1d_res.txt
[matlab][INFO] Writing generic Parameters to database...
[sql][INFO][CRUCIAL] This time the file 1d_res.txt is entered into the table genericunitsprmt, the details of the id are as follows:
!! 1d_res.txt-genericunitsprmt-93-92-91-90-
[matlab][INFO] Matching foreign keys for ParamArr...
[matlab][INFO] Writing ParamArr to database...
[sql][INFO][CRUCIAL] This time the file 1d_res.txt is entered into the table squarecuboidunitsprmt, the details of the id are as follows:
!! 1d_res.txt-squarecuboidunitsprmt-1146-1145-1144-1143-
[matlab][INFO] No near infrared (NIR) data detected, skipping
[matlab][INFO] No mid infrared (MIR) data detected, skipping
[matlab][INFO] Matching foreign keys for DataArr(FIR)...
[matlab][INFO] Writing DataArr to database, this operation may take some time...
[sql][INFO][CRUCIAL] This time the file 1d_res.txt is entered into the table squarecuboidunitsfreqresp_fir, the details of the id are as follows:
!! 1d_res.txt-squarecuboidunitsfreqresp_fir-4860-4859-4858-4857-4856-4855-4854-4853-4852-4851-4850-4849-4848-4847-4846-4845-4844-4843-4842-4841-4840-4839-4838-4837-4836-4835-4834-4833-4832-4831-4830-4829-4828-4827-4826-4825-4824-4823-4822-4821-4820-4819-4818-4817-4816-4815-4814-4813-4812-4811-4810-4809-4808-4807-4806-4805-4804-4803-4802-4801-4800-4799-4798-4797-4796-4795-4794-4793-4792-4791-4790-4789-4788-4787-4786-4785-4784-4783-4782-4781-4780-4779-4778-4777-4776-4775-4774-4773-4772-4771-4770-4769-4768-4767-4766-4765-4764-4763-4762-4761-4760-4759-4758-4757-4756-4755-4754-4753-4752-4751-4750-4749-4748-4747-4746-4745-4744-4743-4742-4741-4740-4739-4738-4737-4736-4735-4734-4733-4732-4731-4730-4729-4728-4727-4726-4725-4724-4723-4722-4721-4720-4719-4718-4717-4716-4715-4714-4713-4712-4711-4710-4709-4708-4707-4706-4705-4704-4703-4702-4701-4700-4699-4698-4697-4696-4695-4694-4693-4692-4691-4690-4689-4688-4687-4686-4685-4684-4683-4682-4681-4680-4679-4678-4677-4676-4675-4674-4673-4672-4671-4670-4669-4668-4667-4666-4665-4664-4663-4662-4661-4660-4659-4658-4657-4656-4655-4654-4653-4652-4651-4650-4649-4648-4647-4646-4645-4644-4643-4642-4641-4640-4639-4638-4637-4636-4635-4634-4633-4632-4631-4630-4629-4628-4627-4626-4625-4624-4623-4622-4621-4620-4619-4618-4617-4616-4615-4614-4613-4612-4611-4610-4609-4608-4607-4606-4605-4604-4603-4602-4601-4600-4599-4598-4597-4596-4595-4594-4593-4592-4591-4590-4589-4588-4587-4586-4585-4584-4583-4582-4581-4580-4579-4578-4577-4576-4575-4574-4573-4572-4571-4570-4569-4568-4567-4566-4565-4564-4563-4562-4561-4560-4559-4558-4557-4556-4555-4554-4553-4552-4551-4550-4549-4548-4547-4546-4545-4544-4543-4542-4541-4540-4539-4538-4537-
[matlab][INFO] Getting all parameter lines of file: 1d_result.txt...
[matlab][INFO] Getting all data lines and data description lines of file: 1d_result.txt...
[matlab][INFO] Extracting parameter values for file: 1d_result.txt
[matlab][INFO] Scanning S-parameter ID for file 1d_result.txt
[matlab][INFO] Calculating dispersion data for file 1d_result.txt
[matlab][INFO] Writing generic Parameters to database...
[sql][INFO][CRUCIAL] This time the file 1d_result.txt is entered into the table genericunitsprmt, the details of the id are as follows:
!! 1d_result.txt-genericunitsprmt-97-96-95-94-
[matlab][INFO] Matching foreign keys for ParamArr...
[matlab][INFO] Writing ParamArr to database...
[sql][INFO][CRUCIAL] This time the file 1d_result.txt is entered into the table squarecuboidunitsprmt, the details of the id are as follows:
!! 1d_result.txt-squarecuboidunitsprmt-1150-1149-1148-1147-
[matlab][INFO] No near infrared (NIR) data detected, skipping
[matlab][INFO] No mid infrared (MIR) data detected, skipping
[matlab][INFO] Matching foreign keys for DataArr(FIR)...
[matlab][INFO] Writing DataArr to database, this operation may take some time...
[sql][INFO][CRUCIAL] This time the file 1d_result.txt is entered into the table squarecuboidunitsfreqresp_fir, the details of the id are as follows:
!! 1d_result.txt-squarecuboidunitsfreqresp_fir-5184-5183-5182-5181-5180-5179-5178-5177-5176-5175-5174-5173-5172-5171-5170-5169-5168-5167-5166-5165-5164-5163-5162-5161-5160-5159-5158-5157-5156-5155-5154-5153-5152-5151-5150-5149-5148-5147-5146-5145-5144-5143-5142-5141-5140-5139-5138-5137-5136-5135-5134-5133-5132-5131-5130-5129-5128-5127-5126-5125-5124-5123-5122-5121-5120-5119-5118-5117-5116-5115-5114-5113-5112-5111-5110-5109-5108-5107-5106-5105-5104-5103-5102-5101-5100-5099-5098-5097-5096-5095-5094-5093-5092-5091-5090-5089-5088-5087-5086-5085-5084-5083-5082-5081-5080-5079-5078-5077-5076-5075-5074-5073-5072-5071-5070-5069-5068-5067-5066-5065-5064-5063-5062-5061-5060-5059-5058-5057-5056-5055-5054-5053-5052-5051-5050-5049-5048-5047-5046-5045-5044-5043-5042-5041-5040-5039-5038-5037-5036-5035-5034-5033-5032-5031-5030-5029-5028-5027-5026-5025-5024-5023-5022-5021-5020-5019-5018-5017-5016-5015-5014-5013-5012-5011-5010-5009-5008-5007-5006-5005-5004-5003-5002-5001-5000-4999-4998-4997-4996-4995-4994-4993-4992-4991-4990-4989-4988-4987-4986-4985-4984-4983-4982-4981-4980-4979-4978-4977-4976-4975-4974-4973-4972-4971-4970-4969-4968-4967-4966-4965-4964-4963-4962-4961-4960-4959-4958-4957-4956-4955-4954-4953-4952-4951-4950-4949-4948-4947-4946-4945-4944-4943-4942-4941-4940-4939-4938-4937-4936-4935-4934-4933-4932-4931-4930-4929-4928-4927-4926-4925-4924-4923-4922-4921-4920-4919-4918-4917-4916-4915-4914-4913-4912-4911-4910-4909-4908-4907-4906-4905-4904-4903-4902-4901-4900-4899-4898-4897-4896-4895-4894-4893-4892-4891-4890-4889-4888-4887-4886-4885-4884-4883-4882-4881-4880-4879-4878-4877-4876-4875-4874-4873-4872-4871-4870-4869-4868-4867-4866-4865-4864-4863-4862-4861-
[matlab][INFO] Getting all parameter lines of file: 1d_resultres.txt...
[matlab][INFO] Getting all data lines and data description lines of file: 1d_resultres.txt...
[matlab][INFO] Extracting parameter values for file: 1d_resultres.txt
[matlab][INFO] Scanning S-parameter ID for file 1d_resultres.txt
[matlab][INFO] Calculating dispersion data for file 1d_resultres.txt
[matlab][INFO] Writing generic Parameters to database...
[sql][INFO][CRUCIAL] This time the file 1d_resultres.txt is entered into the table genericunitsprmt, the details of the id are as follows:
!! 1d_resultres.txt-genericunitsprmt-101-100-99-98-
[matlab][INFO] Matching foreign keys for ParamArr...
[matlab][INFO] Writing ParamArr to database...
[sql][INFO][CRUCIAL] This time the file 1d_resultres.txt is entered into the table squarecuboidunitsprmt, the details of the id are as follows:
!! 1d_resultres.txt-squarecuboidunitsprmt-1154-1153-1152-1151-
[matlab][INFO] No near infrared (NIR) data detected, skipping
[matlab][INFO] No mid infrared (MIR) data detected, skipping
[matlab][INFO] Matching foreign keys for DataArr(FIR)...
[matlab][INFO] Writing DataArr to database, this operation may take some time...
[sql][INFO][CRUCIAL] This time the file 1d_resultres.txt is entered into the table squarecuboidunitsfreqresp_fir, the details of the id are as follows:
!! 1d_resultres.txt-squarecuboidunitsfreqresp_fir-5508-5507-5506-5505-5504-5503-5502-5501-5500-5499-5498-5497-5496-5495-5494-5493-5492-5491-5490-5489-5488-5487-5486-5485-5484-5483-5482-5481-5480-5479-5478-5477-5476-5475-5474-5473-5472-5471-5470-5469-5468-5467-5466-5465-5464-5463-5462-5461-5460-5459-5458-5457-5456-5455-5454-5453-5452-5451-5450-5449-5448-5447-5446-5445-5444-5443-5442-5441-5440-5439-5438-5437-5436-5435-5434-5433-5432-5431-5430-5429-5428-5427-5426-5425-5424-5423-5422-5421-5420-5419-5418-5417-5416-5415-5414-5413-5412-5411-5410-5409-5408-5407-5406-5405-5404-5403-5402-5401-5400-5399-5398-5397-5396-5395-5394-5393-5392-5391-5390-5389-5388-5387-5386-5385-5384-5383-5382-5381-5380-5379-5378-5377-5376-5375-5374-5373-5372-5371-5370-5369-5368-5367-5366-5365-5364-5363-5362-5361-5360-5359-5358-5357-5356-5355-5354-5353-5352-5351-5350-5349-5348-5347-5346-5345-5344-5343-5342-5341-5340-5339-5338-5337-5336-5335-5334-5333-5332-5331-5330-5329-5328-5327-5326-5325-5324-5323-5322-5321-5320-5319-5318-5317-5316-5315-5314-5313-5312-5311-5310-5309-5308-5307-5306-5305-5304-5303-5302-5301-5300-5299-5298-5297-5296-5295-5294-5293-5292-5291-5290-5289-5288-5287-5286-5285-5284-5283-5282-5281-5280-5279-5278-5277-5276-5275-5274-5273-5272-5271-5270-5269-5268-5267-5266-5265-5264-5263-5262-5261-5260-5259-5258-5257-5256-5255-5254-5253-5252-5251-5250-5249-5248-5247-5246-5245-5244-5243-5242-5241-5240-5239-5238-5237-5236-5235-5234-5233-5232-5231-5230-5229-5228-5227-5226-5225-5224-5223-5222-5221-5220-5219-5218-5217-5216-5215-5214-5213-5212-5211-5210-5209-5208-5207-5206-5205-5204-5203-5202-5201-5200-5199-5198-5197-5196-5195-5194-5193-5192-5191-5190-5189-5188-5187-5186-5185-
= [matlab][INFO] ====================================================================================
=>  Data import success!                                                                          <==
=====================================================================================================
[matlab][INFO] Selected path of cst result: D:\Users\TxBuffer\cstfiles
[matlab][INFO] Initializing FileInfoStrct...
[matlab][INFO] Initializing done
[matlab][INFO] The following files are detected: 
||=============================================================||
->h=400.txt
->h=450.txt
->h=500.txt
->h=550.txt
->h=600.txt
->h=650.txt
->h=700.txt
->h=750.txt
->h=800.txt
->h=850.txt
->h=900.txt
->h=950.txt
||=============================================================||
 
[matlab][INFO] Reading and Analysing: h=400.txt
[matlab][INFO] No.1/12
[matlab][INFO] Reading and Analysing: h=450.txt
[matlab][INFO] No.2/12
[matlab][INFO] Reading and Analysing: h=500.txt
[matlab][INFO] No.3/12
[matlab][INFO] Reading and Analysing: h=550.txt
[matlab][INFO] No.4/12
[matlab][INFO] Reading and Analysing: h=600.txt
[matlab][INFO] No.5/12
[matlab][INFO] Reading and Analysing: h=650.txt
[matlab][INFO] No.6/12
[matlab][INFO] Reading and Analysing: h=700.txt
[matlab][INFO] No.7/12
[matlab][INFO] Reading and Analysing: h=750.txt
[matlab][INFO] No.8/12
[matlab][INFO] Reading and Analysing: h=800.txt
[matlab][INFO] No.9/12
[matlab][INFO] Reading and Analysing: h=850.txt
[matlab][INFO] No.10/12
[matlab][INFO] Reading and Analysing: h=900.txt
[matlab][INFO] No.11/12
[matlab][INFO] Reading and Analysing: h=950.txt
[matlab][INFO] No.12/12
[matlab][INFO] File scanning done
[user][INFO] The properties of the file h=400.txt are set to:
             Shape: SquareCuboid
             Base Material: Silicon Dioxide
             Cell Material: Silicon
             Unit: 1 (1 -> nm, 2 -> um, 3 -> mm)
[user][INFO] The properties of the file h=450.txt are automatically set to:
             Shape: SquareCuboid
             Base Material: Silicon Dioxide
             Cell Material: Silicon
             Unit: 1 (1 -> nm, 2 -> um, 3 -> mm)
[user][INFO] The properties of the file h=500.txt are automatically set to:
             Shape: SquareCuboid
             Base Material: Silicon Dioxide
             Cell Material: Silicon
             Unit: 1 (1 -> nm, 2 -> um, 3 -> mm)
[user][INFO] The properties of the file h=550.txt are automatically set to:
             Shape: SquareCuboid
             Base Material: Silicon Dioxide
             Cell Material: Silicon
             Unit: 1 (1 -> nm, 2 -> um, 3 -> mm)
[user][INFO] The properties of the file h=600.txt are automatically set to:
             Shape: SquareCuboid
             Base Material: Silicon Dioxide
             Cell Material: Silicon
             Unit: 1 (1 -> nm, 2 -> um, 3 -> mm)
[user][INFO] The properties of the file h=650.txt are automatically set to:
             Shape: SquareCuboid
             Base Material: Silicon Dioxide
             Cell Material: Silicon
             Unit: 1 (1 -> nm, 2 -> um, 3 -> mm)
[user][INFO] The properties of the file h=700.txt are automatically set to:
             Shape: SquareCuboid
             Base Material: Silicon Dioxide
             Cell Material: Silicon
             Unit: 1 (1 -> nm, 2 -> um, 3 -> mm)
[user][INFO] The properties of the file h=750.txt are automatically set to:
             Shape: SquareCuboid
             Base Material: Silicon Dioxide
             Cell Material: Silicon
             Unit: 1 (1 -> nm, 2 -> um, 3 -> mm)
[user][INFO] The properties of the file h=800.txt are automatically set to:
             Shape: SquareCuboid
             Base Material: Silicon Dioxide
             Cell Material: Silicon
             Unit: 1 (1 -> nm, 2 -> um, 3 -> mm)
[user][INFO] The properties of the file h=850.txt are automatically set to:
             Shape: SquareCuboid
             Base Material: Silicon Dioxide
             Cell Material: Silicon
             Unit: 1 (1 -> nm, 2 -> um, 3 -> mm)
[user][INFO] The properties of the file h=900.txt are automatically set to:
             Shape: SquareCuboid
             Base Material: Silicon Dioxide
             Cell Material: Silicon
             Unit: 1 (1 -> nm, 2 -> um, 3 -> mm)
[user][INFO] The properties of the file h=950.txt are automatically set to:
             Shape: SquareCuboid
             Base Material: Silicon Dioxide
             Cell Material: Silicon
             Unit: 1 (1 -> nm, 2 -> um, 3 -> mm)
[matlab][INFO] Getting all parameter lines of file: h=400.txt...
[matlab][INFO] Getting all data lines and data description lines of file: h=400.txt...
[matlab][INFO] Extracting parameter values for file: h=400.txt
[matlab][INFO] Scanning S-parameter ID for file h=400.txt
[matlab][INFO] Calculating dispersion data for file h=400.txt
[matlab][INFO] Connecting to database...
[matlab][INFO] Database connected successfully
[matlab][INFO] Writing generic Parameters to database...
[sql][INFO][CRUCIAL] This time the file h=400.txt is entered into the table genericunitsprmt, the details of the id are as follows:
!! h=400.txt-genericunitsprmt-116-115-114-113-112-111-110-109-108-107-106-105-104-103-102-
[matlab][INFO] Matching foreign keys for ParamArr...
[matlab][INFO] Writing ParamArr to database...
[sql][INFO][CRUCIAL] This time the file h=400.txt is entered into the table squarecuboidunitsprmt, the details of the id are as follows:
!! h=400.txt-squarecuboidunitsprmt-1700-1699-1698-1697-1696-1695-1694-1693-1692-1691-1690-1689-1688-1687-1686-1685-1684-1683-1682-1681-1680-1679-1678-1677-1676-1675-1674-1673-1672-1671-1670-1669-1668-1667-1666-1665-1664-1663-1662-1661-1660-1659-1658-1657-1656-1655-1654-1653-1652-1651-1650-1649-1648-1647-1646-1645-1644-1643-1642-1641-1640-1639-1638-1637-1636-1635-1634-1633-1632-1631-1630-1629-1628-1627-1626-1625-1624-1623-1622-1621-1620-1619-1618-1617-1616-1615-1614-1613-1612-1611-1610-1609-1608-1607-1606-1605-1604-1603-1602-1601-1600-1599-1598-1597-1596-1595-1594-1593-1592-1591-1590-1589-1588-1587-1586-1585-1584-1583-1582-1581-1580-1579-1578-1577-1576-1575-1574-1573-1572-1571-1570-1569-1568-1567-1566-1565-1564-1563-1562-1561-1560-1559-1558-1557-1556-1555-1554-1553-1552-1551-1550-1549-1548-1547-1546-1545-1544-1543-1542-1541-1540-1539-1538-1537-1536-1535-1534-1533-1532-1531-1530-1529-1528-1527-1526-1525-1524-1523-1522-1521-1520-1519-1518-1517-1516-1515-1514-1513-1512-1511-1510-1509-1508-1507-1506-1505-1504-1503-1502-1501-1500-1499-1498-1497-1496-1495-1494-1493-1492-1491-1490-1489-1488-1487-1486-1485-1484-1483-1482-1481-1480-1479-1478-1477-1476-1475-1474-1473-1472-1471-1470-1469-1468-1467-1466-1465-1464-1463-1462-1461-1460-1459-1458-1457-1456-1455-1454-1453-1452-1451-1450-1449-1448-1447-1446-1445-1444-1443-1442-1441-1440-1439-1438-1437-1436-1435-1434-1433-1432-1431-1430-1429-1428-1427-1426-1425-1424-1423-1422-1421-1420-1419-1418-1417-1416-1415-1414-1413-1412-1411-1410-1409-1408-1407-1406-1405-1404-1403-1402-1401-1400-1399-1398-1397-1396-1395-1394-1393-1392-1391-1390-1389-1388-1387-1386-1385-1384-1383-1382-1381-1380-1379-1378-1377-1376-1375-1374-1373-1372-1371-1370-1369-1368-1367-1366-1365-1364-1363-1362-1361-1360-1359-1358-1357-1356-1355-1354-1353-1352-1351-1350-1349-1348-1347-1346-1345-1344-1343-1342-1341-1340-1339-1338-1337-1336-1335-1334-1333-1332-1331-1330-1329-1328-1327-1326-1325-1324-1323-1322-1321-1320-1319-1318-1317-1316-1315-1314-1313-1312-1311-1310-1309-1308-1307-1306-1305-1304-1303-1302-1301-1300-1299-1298-1297-1296-1295-1294-1293-1292-1291-1290-1289-1288-1287-1286-1285-1284-1283-1282-1281-1280-1279-1278-1277-1276-1275-1274-1273-1272-1271-1270-1269-1268-1267-1266-1265-1264-1263-1262-1261-1260-1259-1258-1257-1256-1255-1254-1253-1252-1251-1250-1249-1248-1247-1246-1245-1244-1243-1242-1241-1240-1239-1238-1237-1236-1235-1234-1233-1232-1231-1230-1229-1228-1227-1226-1225-1224-1223-1222-1221-1220-1219-1218-1217-1216-1215-1214-1213-1212-1211-1210-1209-1208-1207-1206-1205-1204-1203-1202-1201-1200-1199-1198-1197-1196-1195-1194-1193-1192-1191-1190-1189-1188-1187-1186-1185-1184-1183-1182-1181-1180-1179-1178-1177-1176-1175-1174-1173-1172-1171-1170-1169-1168-1167-1166-1165-1164-1163-1162-1161-1160-1159-1158-1157-1156-1155-
[matlab][INFO] Matching foreign keys for DataArr(NIR)...
[matlab][INFO] Writing DataArr to database, this operation may take some time...
{错误使用 <a href="matlab:matlab.internal.language.introspective.errorDocCallback('database.odbc.connection/sqlwrite', 'D:\design\MATLAB_version2021\toolbox\database\database\+database\+odbc\@connection\sqlwrite.m', 256)" style="font-weight:bold">database.odbc.connection/sqlwrite</a> (<a href="matlab: opentoline('D:\design\MATLAB_version2021\toolbox\database\database\+database\+odbc\@connection\sqlwrite.m',256,0)">第 256 行</a>)
ODBC Error: ODBC Driver Error: .

出错 <a href="matlab:matlab.internal.language.introspective.errorDocCallback('dataImport', 'C:\Users\pc\Desktop\cst2mysql_V2.0\lib\dataImport.m', 330)" style="font-weight:bold">dataImport</a> (<a href="matlab: opentoline('C:\Users\pc\Desktop\cst2mysql_V2.0\lib\dataImport.m',330,0)">第 330 行</a>)
        sqlwrite(conn, dbTable, DataArr_NIR);

出错 <a href="matlab:matlab.internal.language.introspective.errorDocCallback('filePropertiesBrowser>filePropertiesOK_Callback', 'C:\Users\pc\Desktop\cst2mysql_V2.0\dev\filePropertiesBrowser.m', 304)" style="font-weight:bold">filePropertiesBrowser>filePropertiesOK_Callback</a> (<a href="matlab: opentoline('C:\Users\pc\Desktop\cst2mysql_V2.0\dev\filePropertiesBrowser.m',304,0)">第 304 行</a>)
    handles = dataImport(handles, fileInfo);

出错 <a href="matlab:matlab.internal.language.introspective.errorDocCallback('gui_mainfcn', 'D:\design\MATLAB_version2021\toolbox\matlab\guide\gui_mainfcn.m', 95)" style="font-weight:bold">gui_mainfcn</a> (<a href="matlab: opentoline('D:\design\MATLAB_version2021\toolbox\matlab\guide\gui_mainfcn.m',95,0)">第 95 行</a>)
        feval(varargin{:});

出错 <a href="matlab:matlab.internal.language.introspective.errorDocCallback('filePropertiesBrowser', 'C:\Users\pc\Desktop\cst2mysql_V2.0\dev\filePropertiesBrowser.m', 42)" style="font-weight:bold">filePropertiesBrowser</a> (<a href="matlab: opentoline('C:\Users\pc\Desktop\cst2mysql_V2.0\dev\filePropertiesBrowser.m',42,0)">第 42 行</a>)
    gui_mainfcn(gui_State, varargin{:});

出错 <a href="matlab:matlab.internal.language.introspective.errorDocCallback('matlab.graphics.internal.figfile.FigFile/read>@(hObject,eventdata)filePropertiesBrowser(''filePropertiesOK_Callback'',hObject,eventdata,guidata(hObject))')" style="font-weight:bold">matlab.graphics.internal.figfile.FigFile/read>@(hObject,eventdata)filePropertiesBrowser('filePropertiesOK_Callback',hObject,eventdata,guidata(hObject))</a>
} 
计算 UIControl Callback 时出错。

100 * 1024 * 1024

ans =

   104857600

128 * 1024 * 1024

ans =

   134217728

