[matlab][INFO] 正在加载配置文件和库函数...
[matlab][INFO] 本次导入属性如下:
                            DataSrc: 'Metasurface_demo_db'
                               User: 'root'
                                Pwd: '123456'
    minimum_innodb_buffer_pool_size: '1073741824'
                       local_infile: '1'
                              N_MIR: '119.9170'
                              M_FIR: '59.9585'
                    ignoreThickness: '1'
                   defaultThickness: '500'
                       ignoreETheta: '0'
                      defaultETheta: '90'
                           language: 'zh_CN'

[matlab][INFO] 正在连接数据库...
[matlab][INFO] 成功连接到数据库
[matlab][INFO] 正在读取数据库中的S参数信息...
[matlab][INFO] 正在初始化文件信息其他部分...
[matlab][INFO] 初始化完成
[matlab][INFO] 以下文件将被处理并导入:
||=============================================================||
->SquareCuboid-Silicon-Titanium Dioxide-1d_.txt
->SquareCuboid-Silicon-Titanium Dioxide-1d_res_nostrd.txt
->SquareCuboid-Silicon-Titanium Dioxide-1d_result.txt
||=============================================================||
 
[matlab][INFO] 正在读取分析文件: SquareCuboid-Silicon-Titanium Dioxide-1d_.txt
[matlab][INFO] 第1个文件, 共3个文件
[matlab][INFO] 正在读取分析文件: SquareCuboid-Silicon-Titanium Dioxide-1d_res_nostrd.txt
[matlab][INFO] 第2个文件, 共3个文件
[matlab][INFO] 正在读取分析文件: SquareCuboid-Silicon-Titanium Dioxide-1d_result.txt
[matlab][INFO] 第3个文件, 共3个文件
[matlab][INFO] 文件扫描完成
[matlab][INFO] 正在获取文件: SquareCuboid-Silicon-Titanium Dioxide-1d_.txt 的所有参数行和数据行...
[matlab][INFO] 正在获取文件: SquareCuboid-Silicon-Titanium Dioxide-1d_.txt 的所有数据行和数据描述行...
[matlab][INFO] 正在提取文件: SquareCuboid-Silicon-Titanium Dioxide-1d_.txt 的参数值...
[matlab][INFO] 正在扫描文件 SquareCuboid-Silicon-Titanium Dioxide-1d_.txt 的S参数ID...
<a href="matlab: opentoline('C:\Users\27950\Desktop\DbMatlab\cst2mysql_V2.0\lib\dataImport.m',138,1)">138 </a>    ParamArr(:, 3) = num2str(sparams);
sparams

sparams =

     2
     9
    10
    11

sparams(:) = 2

sparams =

     2
     2
     2
     2

if system_dependent('IsDebugMode')==1, dbcont; end
[matlab][INFO] 正在计算文件: SquareCuboid-Silicon-Titanium Dioxide-1d_.txt 的色散数据...
[matlab][INFO] 正在连接数据库...
[matlab][INFO] 数据库连接成功
[matlab][INFO] 正在将genericParam写入数据库...
[sql][INFO][CRUCIAL] 本次录入将文件SquareCuboid-Silicon-Titanium Dioxide-1d_.txt的通用参数部分录入表genericunitsprmt, 详情id如下:
!! SquareCuboid-Silicon-Titanium Dioxide-1d_.txt-genericunitsprmt-1-
[matlab][INFO] 正在为ParamArr匹配外键...
{数组索引必须为正整数或逻辑值。

出错 <a href="matlab:matlab.internal.language.introspective.errorDocCallback('dataImport', 'C:\Users\27950\Desktop\DbMatlab\cst2mysql_V2.0\lib\dataImport.m', 280)" style="font-weight:bold">dataImport</a> (<a href="matlab: opentoline('C:\Users\27950\Desktop\DbMatlab\cst2mysql_V2.0\lib\dataImport.m',280,0)">第 280 行</a>)
        ParamArr(i, end) = lID(gen_l - ParamArr(i, end) + 1);

出错 <a href="matlab:matlab.internal.language.introspective.errorDocCallback('paramsBrowser>paramOK_Callback', 'C:\Users\27950\Desktop\DbMatlab\cst2mysql_V2.0\Src\paramsBrowser.m', 164)" style="font-weight:bold">paramsBrowser>paramOK_Callback</a> (<a href="matlab: opentoline('C:\Users\27950\Desktop\DbMatlab\cst2mysql_V2.0\Src\paramsBrowser.m',164,0)">第 164 行</a>)
handles = dataImport(handles, fileInfo);

出错 <a href="matlab:matlab.internal.language.introspective.errorDocCallback('gui_mainfcn', 'C:\Program Files\Polyspace\R2021a\toolbox\matlab\guide\gui_mainfcn.m', 95)" style="font-weight:bold">gui_mainfcn</a> (<a href="matlab: opentoline('C:\Program Files\Polyspace\R2021a\toolbox\matlab\guide\gui_mainfcn.m',95,0)">第 95 行</a>)
        feval(varargin{:});

出错 <a href="matlab:matlab.internal.language.introspective.errorDocCallback('paramsBrowser', 'C:\Users\27950\Desktop\DbMatlab\cst2mysql_V2.0\Src\paramsBrowser.m', 42)" style="font-weight:bold">paramsBrowser</a> (<a href="matlab: opentoline('C:\Users\27950\Desktop\DbMatlab\cst2mysql_V2.0\Src\paramsBrowser.m',42,0)">第 42 行</a>)
    gui_mainfcn(gui_State, varargin{:});

出错 <a href="matlab:matlab.internal.language.introspective.errorDocCallback('matlab.graphics.internal.figfile.FigFile/read>@(hObject,eventdata)paramsBrowser(''paramOK_Callback'',hObject,eventdata,guidata(hObject))')" style="font-weight:bold">matlab.graphics.internal.figfile.FigFile/read>@(hObject,eventdata)paramsBrowser('paramOK_Callback',hObject,eventdata,guidata(hObject))</a>
} 
计算 UIControl Callback 时出错。

opentoline('C:\Users\27950\Desktop\DbMatlab\cst2mysql_V2.0\lib\dataImport.m',280,0)
importGUI_v1
