[matlab][INFO] 正在加载配置文件和库函数...
[matlab][INFO] 本次导入属性如下:
                            DataSrc: 'Metasurface_demo_db'
                               User: 'root'
                                Pwd: '123456'
    minimum_innodb_buffer_pool_size: '1073741824'
                       local_infile: '1'
                              N_MIR: '119.9170'
                              M_FIR: '59.9585'
                    ignoreThickness: '1'
                   defaultThickness: '500'
                       ignoreETheta: '0'
                      defaultETheta: '90'
                           language: 'zh_CN'

[matlab][INFO] 正在连接数据库...
[matlab][INFO] 成功连接到数据库
[matlab][INFO] 正在读取数据库中的S参数信息...
[matlab][INFO] 正在初始化文件信息其他部分...
[matlab][INFO] 初始化完成
[matlab][INFO] 以下文件将被处理并导入:
||=============================================================||
->SquareCuboid-Silicon-Titanium Dioxide-1d_result.txt
||=============================================================||
 
[matlab][INFO] 正在读取分析文件: SquareCuboid-Silicon-Titanium Dioxide-1d_result.txt
[matlab][INFO] 第1个文件, 共1个文件
[matlab][INFO] 文件扫描完成
[matlab][INFO] 正在获取文件: SquareCuboid-Silicon-Titanium Dioxide-1d_result.txt 的所有参数行和数据行...
[matlab][INFO] 正在获取文件: SquareCuboid-Silicon-Titanium Dioxide-1d_result.txt 的所有数据行和数据描述行...
[matlab][INFO] 正在提取文件: SquareCuboid-Silicon-Titanium Dioxide-1d_result.txt 的参数值...
[matlab][INFO] 正在扫描文件 SquareCuboid-Silicon-Titanium Dioxide-1d_result.txt 的S参数ID...
[matlab][INFO] 正在计算文件: SquareCuboid-Silicon-Titanium Dioxide-1d_result.txt 的色散数据...
[matlab][INFO] 正在连接数据库...
[matlab][INFO] 数据库连接成功
[matlab][INFO] 正在将genericParam写入数据库...
[sql][INFO][CRUCIAL] 本次录入将文件SquareCuboid-Silicon-Titanium Dioxide-1d_result.txt的通用参数部分录入表genericunitsprmt, 详情id如下:
!! SquareCuboid-Silicon-Titanium Dioxide-1d_result.txt-genericunitsprmt-12-11-10-9-
[matlab][INFO] 正在为ParamArr匹配外键...
[matlab][INFO] 正在将ParamArr写入数据库...
[sql][INFO][CRUCIAL] 本次录入将文件SquareCuboid-Silicon-Titanium Dioxide-1d_result.txt的特定参数部分录入表squarecuboidunitsprmt, 详情id如下:
!! SquareCuboid-Silicon-Titanium Dioxide-1d_result.txt-squarecuboidunitsprmt-12-11-10-9-
[matlab][INFO] 未检测到近红外NIR数据, 跳过
[matlab][INFO] 未检测到中红外MIR数据, 跳过
[matlab][INFO] 正在为DataArr_FIR匹配外键...
[matlab][INFO] 正在将DataArr_FIR写入数据库, 该操作可能需要一段时间...
[sql][INFO][CRUCIAL] 本次录入将文件SquareCuboid-Silicon-Titanium Dioxide-1d_result.txt的远红外数据部分录入表squarecuboidunitsfreqresp_fir, 详情id如下:
!! SquareCuboid-Silicon-Titanium Dioxide-1d_result.txt-squarecuboidunitsfreqresp_fir-972-971-970-969-968-967-966-965-964-963-962-961-960-959-958-957-956-955-954-953-952-951-950-949-948-947-946-945-944-943-942-941-940-939-938-937-936-935-934-933-932-931-930-929-928-927-926-925-924-923-922-921-920-919-918-917-916-915-914-913-912-911-910-909-908-907-906-905-904-903-902-901-900-899-898-897-896-895-894-893-892-891-890-889-888-887-886-885-884-883-882-881-880-879-878-877-876-875-874-873-872-871-870-869-868-867-866-865-864-863-862-861-860-859-858-857-856-855-854-853-852-851-850-849-848-847-846-845-844-843-842-841-840-839-838-837-836-835-834-833-832-831-830-829-828-827-826-825-824-823-822-821-820-819-818-817-816-815-814-813-812-811-810-809-808-807-806-805-804-803-802-801-800-799-798-797-796-795-794-793-792-791-790-789-788-787-786-785-784-783-782-781-780-779-778-777-776-775-774-773-772-771-770-769-768-767-766-765-764-763-762-761-760-759-758-757-756-755-754-753-752-751-750-749-748-747-746-745-744-743-742-741-740-739-738-737-736-735-734-733-732-731-730-729-728-727-726-725-724-723-722-721-720-719-718-717-716-715-714-713-712-711-710-709-708-707-706-705-704-703-702-701-700-699-698-697-696-695-694-693-692-691-690-689-688-687-686-685-684-683-682-681-680-679-678-677-676-675-674-673-672-671-670-669-668-667-666-665-664-663-662-661-660-659-658-657-656-655-654-653-652-651-650-649-
[matlab][INFO] 正在初始化文件信息其他部分...
[matlab][INFO] 初始化完成
[matlab][INFO] 以下文件将被处理并导入:
||=============================================================||
->1d_.txt
->1d_res.txt
->1d_result.txt
||=============================================================||
 
[matlab][INFO] 正在读取分析文件: 1d_.txt
[matlab][INFO] 第1个文件, 共3个文件
[matlab][INFO] 正在读取分析文件: 1d_res.txt
[matlab][INFO] 第2个文件, 共3个文件
[matlab][INFO] 正在读取分析文件: 1d_result.txt
[matlab][INFO] 第3个文件, 共3个文件
[matlab][INFO] 文件扫描完成
{输入参数的数目不足。

出错 <a href="matlab:matlab.internal.language.introspective.errorDocCallback('dataImport', 'C:\Users\pc\Desktop\cst2mysql_V2.0\lib\dataImport.m', 25)" style="font-weight:bold">dataImport</a> (<a href="matlab: opentoline('C:\Users\pc\Desktop\cst2mysql_V2.0\lib\dataImport.m',25,0)">第 25 行</a>)
    DataLength =        fileInfo(fileNum).DataLength;

出错 <a href="matlab:matlab.internal.language.introspective.errorDocCallback('filePropertiesBrowser>filePropertiesOK_Callback', 'C:\Users\pc\Desktop\cst2mysql_V2.0\Src\filePropertiesBrowser.m', 235)" style="font-weight:bold">filePropertiesBrowser>filePropertiesOK_Callback</a> (<a href="matlab: opentoline('C:\Users\pc\Desktop\cst2mysql_V2.0\Src\filePropertiesBrowser.m',235,0)">第 235 行</a>)
    handles = dataImport(handles);

出错 <a href="matlab:matlab.internal.language.introspective.errorDocCallback('gui_mainfcn', 'D:\design\MATLAB_version2021\toolbox\matlab\guide\gui_mainfcn.m', 95)" style="font-weight:bold">gui_mainfcn</a> (<a href="matlab: opentoline('D:\design\MATLAB_version2021\toolbox\matlab\guide\gui_mainfcn.m',95,0)">第 95 行</a>)
        feval(varargin{:});

出错 <a href="matlab:matlab.internal.language.introspective.errorDocCallback('filePropertiesBrowser', 'C:\Users\pc\Desktop\cst2mysql_V2.0\Src\filePropertiesBrowser.m', 42)" style="font-weight:bold">filePropertiesBrowser</a> (<a href="matlab: opentoline('C:\Users\pc\Desktop\cst2mysql_V2.0\Src\filePropertiesBrowser.m',42,0)">第 42 行</a>)
    gui_mainfcn(gui_State, varargin{:});

出错 <a href="matlab:matlab.internal.language.introspective.errorDocCallback('matlab.graphics.internal.figfile.FigFile/read>@(hObject,eventdata)filePropertiesBrowser(''filePropertiesOK_Callback'',hObject,eventdata,guidata(hObject))')" style="font-weight:bold">matlab.graphics.internal.figfile.FigFile/read>@(hObject,eventdata)filePropertiesBrowser('filePropertiesOK_Callback',hObject,eventdata,guidata(hObject))</a>
} 
计算 UIControl Callback 时出错。

matlab.internal.language.introspective.errorDocCallback('dataImport', 'C:\Users\pc\Desktop\cst2mysql_V2.0\lib\dataImport.m', 25)
cst2mysql_v2
