[matlab][INFO] Loading configuration files and user libraries...
[matlab][INFO] Loading import.properties...
                            DataSrc: 'mcb_test'
                               User: 'root'
                                Pwd: 'Metasurface331.'
    minimum_innodb_buffer_pool_size: '1073741824'
                       local_infile: '1'
                              N_MIR: '119.9170'
                              M_FIR: '59.9585'
                    ignoreThickness: '0'
                   defaultThickness: '500'
                       ignoreETheta: '1'
                      defaultETheta: '90'
                           language: 'zh_CN'

[matlab][INFO] Connecting to the database...
[matlab][INFO] Database connection successful
[matlab][INFO] Reading SParameter information from the database...
[matlab][INFO] Selected path of cst result: D:\Users\TxBuffer\cstfiles
[matlab][INFO] Initializing FileInfoStrct...
[matlab][INFO] Initializing done
[matlab][INFO] The following files are detected: 
||=============================================================||
->h=400.txt
->h=450.txt
->h=500.txt
->h=550.txt
->h=600.txt
->h=650.txt
->h=700.txt
->h=750.txt
->h=800.txt
->h=850.txt
->h=900.txt
->h=950.txt
||=============================================================||
 
[matlab][INFO] Reading and Analysing: h=400.txt
[matlab][INFO] No.1/12
[matlab][INFO] Reading and Analysing: h=450.txt
[matlab][INFO] No.2/12
[matlab][INFO] Reading and Analysing: h=500.txt
[matlab][INFO] No.3/12
[matlab][INFO] Reading and Analysing: h=550.txt
[matlab][INFO] No.4/12
[matlab][INFO] Reading and Analysing: h=600.txt
[matlab][INFO] No.5/12
[matlab][INFO] Reading and Analysing: h=650.txt
[matlab][INFO] No.6/12
[matlab][INFO] Reading and Analysing: h=700.txt
[matlab][INFO] No.7/12
[matlab][INFO] Reading and Analysing: h=750.txt
[matlab][INFO] No.8/12
[matlab][INFO] Reading and Analysing: h=800.txt
[matlab][INFO] No.9/12
[matlab][INFO] Reading and Analysing: h=850.txt
[matlab][INFO] No.10/12
[matlab][INFO] Reading and Analysing: h=900.txt
[matlab][INFO] No.11/12
[matlab][INFO] Reading and Analysing: h=950.txt
[matlab][INFO] No.12/12
[matlab][INFO] File scanning done
[user][INFO] The properties of the file h=400.txt are set to:
             Shape: SquareCuboid
             Base Material: Silicon Dioxide
             Cell Material: Silicon
             Unit: 1 (1 -> nm, 2 -> um, 3 -> mm)
[user][INFO] The properties of the file h=450.txt are automatically set to:
             Shape: SquareCuboid
             Base Material: Silicon Dioxide
             Cell Material: Silicon
             Unit: 1 (1 -> nm, 2 -> um, 3 -> mm)
[user][INFO] The properties of the file h=500.txt are automatically set to:
             Shape: SquareCuboid
             Base Material: Silicon Dioxide
             Cell Material: Silicon
             Unit: 1 (1 -> nm, 2 -> um, 3 -> mm)
[user][INFO] The properties of the file h=550.txt are automatically set to:
             Shape: SquareCuboid
             Base Material: Silicon Dioxide
             Cell Material: Silicon
             Unit: 1 (1 -> nm, 2 -> um, 3 -> mm)
[user][INFO] The properties of the file h=600.txt are automatically set to:
             Shape: SquareCuboid
             Base Material: Silicon Dioxide
             Cell Material: Silicon
             Unit: 1 (1 -> nm, 2 -> um, 3 -> mm)
[user][INFO] The properties of the file h=650.txt are automatically set to:
             Shape: SquareCuboid
             Base Material: Silicon Dioxide
             Cell Material: Silicon
             Unit: 1 (1 -> nm, 2 -> um, 3 -> mm)
[user][INFO] The properties of the file h=700.txt are automatically set to:
             Shape: SquareCuboid
             Base Material: Silicon Dioxide
             Cell Material: Silicon
             Unit: 1 (1 -> nm, 2 -> um, 3 -> mm)
[user][INFO] The properties of the file h=750.txt are automatically set to:
             Shape: SquareCuboid
             Base Material: Silicon Dioxide
             Cell Material: Silicon
             Unit: 1 (1 -> nm, 2 -> um, 3 -> mm)
[user][INFO] The properties of the file h=800.txt are automatically set to:
             Shape: SquareCuboid
             Base Material: Silicon Dioxide
             Cell Material: Silicon
             Unit: 1 (1 -> nm, 2 -> um, 3 -> mm)
[user][INFO] The properties of the file h=850.txt are automatically set to:
             Shape: SquareCuboid
             Base Material: Silicon Dioxide
             Cell Material: Silicon
             Unit: 1 (1 -> nm, 2 -> um, 3 -> mm)
[user][INFO] The properties of the file h=900.txt are automatically set to:
             Shape: SquareCuboid
             Base Material: Silicon Dioxide
             Cell Material: Silicon
             Unit: 1 (1 -> nm, 2 -> um, 3 -> mm)
[user][INFO] The properties of the file h=950.txt are automatically set to:
             Shape: SquareCuboid
             Base Material: Silicon Dioxide
             Cell Material: Silicon
             Unit: 1 (1 -> nm, 2 -> um, 3 -> mm)
[matlab][INFO] Getting all parameter lines of file: h=400.txt...
[matlab][INFO] Getting all data lines and data description lines of file: h=400.txt...
[matlab][INFO] Extracting parameter values for file: h=400.txt
[matlab][INFO] Scanning S-parameter ID for file h=400.txt
[matlab][INFO] Calculating dispersion data for file h=400.txt
[matlab][INFO] Connecting to database...
[matlab][INFO] Database connected successfully
[matlab][INFO] Writing generic Parameters to database...
[sql][INFO][CRUCIAL] This time the file h=400.txt is entered into the table genericunitsprmt, the details of the id are as follows:
!! h=400.txt-genericunitsprmt-106-105-104-103-102-101-100-99-98-97-96-95-94-93-92-
[matlab][INFO] Matching foreign keys for ParamArr...
[matlab][INFO] Writing ParamArr to database...
[sql][INFO][CRUCIAL] This time the file h=400.txt is entered into the table squarecuboidunitsprmt, the details of the id are as follows:
!! h=400.txt-squarecuboidunitsprmt-3292-3291-3290-3289-3288-3287-3286-3285-3284-3283-3282-3281-3280-3279-3278-3277-3276-3275-3274-3273-3272-3271-3270-3269-3268-3267-3266-3265-3264-3263-3262-3261-3260-3259-3258-3257-3256-3255-3254-3253-3252-3251-3250-3249-3248-3247-3246-3245-3244-3243-3242-3241-3240-3239-3238-3237-3236-3235-3234-3233-3232-3231-3230-3229-3228-3227-3226-3225-3224-3223-3222-3221-3220-3219-3218-3217-3216-3215-3214-3213-3212-3211-3210-3209-3208-3207-3206-3205-3204-3203-3202-3201-3200-3199-3198-3197-3196-3195-3194-3193-3192-3191-3190-3189-3188-3187-3186-3185-3184-3183-3182-3181-3180-3179-3178-3177-3176-3175-3174-3173-3172-3171-3170-3169-3168-3167-3166-3165-3164-3163-3162-3161-3160-3159-3158-3157-3156-3155-3154-3153-3152-3151-3150-3149-3148-3147-3146-3145-3144-3143-3142-3141-3140-3139-3138-3137-3136-3135-3134-3133-3132-3131-3130-3129-3128-3127-3126-3125-3124-3123-3122-3121-3120-3119-3118-3117-3116-3115-3114-3113-3112-3111-3110-3109-3108-3107-3106-3105-3104-3103-3102-3101-3100-3099-3098-3097-3096-3095-3094-3093-3092-3091-3090-3089-3088-3087-3086-3085-3084-3083-3082-3081-3080-3079-3078-3077-3076-3075-3074-3073-3072-3071-3070-3069-3068-3067-3066-3065-3064-3063-3062-3061-3060-3059-3058-3057-3056-3055-3054-3053-3052-3051-3050-3049-3048-3047-3046-3045-3044-3043-3042-3041-3040-3039-3038-3037-3036-3035-3034-3033-3032-3031-3030-3029-3028-3027-3026-3025-3024-3023-3022-3021-3020-3019-3018-3017-3016-3015-3014-3013-3012-3011-3010-3009-3008-3007-3006-3005-3004-3003-3002-3001-3000-2999-2998-2997-2996-2995-2994-2993-2992-2991-2990-2989-2988-2987-2986-2985-2984-2983-2982-2981-2980-2979-2978-2977-2976-2975-2974-2973-2972-2971-2970-2969-2968-2967-2966-2965-2964-2963-2962-2961-2960-2959-2958-2957-2956-2955-2954-2953-2952-2951-2950-2949-2948-2947-2946-2945-2944-2943-2942-2941-2940-2939-2938-2937-2936-2935-2934-2933-2932-2931-2930-2929-2928-2927-2926-2925-2924-2923-2922-2921-2920-2919-2918-2917-2916-2915-2914-2913-2912-2911-2910-2909-2908-2907-2906-2905-2904-2903-2902-2901-2900-2899-2898-2897-2896-2895-2894-2893-2892-2891-2890-2889-2888-2887-2886-2885-2884-2883-2882-2881-2880-2879-2878-2877-2876-2875-2874-2873-2872-2871-2870-2869-2868-2867-2866-2865-2864-2863-2862-2861-2860-2859-2858-2857-2856-2855-2854-2853-2852-2851-2850-2849-2848-2847-2846-2845-2844-2843-2842-2841-2840-2839-2838-2837-2836-2835-2834-2833-2832-2831-2830-2829-2828-2827-2826-2825-2824-2823-2822-2821-2820-2819-2818-2817-2816-2815-2814-2813-2812-2811-2810-2809-2808-2807-2806-2805-2804-2803-2802-2801-2800-2799-2798-2797-2796-2795-2794-2793-2792-2791-2790-2789-2788-2787-2786-2785-2784-2783-2782-2781-2780-2779-2778-2777-2776-2775-2774-2773-2772-2771-2770-2769-2768-2767-2766-2765-2764-2763-2762-2761-2760-2759-2758-2757-2756-2755-2754-2753-2752-2751-2750-2749-2748-2747-
[matlab][INFO] Matching foreign keys for DataArr(NIR)...
[matlab][INFO] Writing DataArr to database, this operation may take some time...
{错误使用 <a href="matlab:matlab.internal.language.introspective.errorDocCallback('database.odbc.connection/sqlwrite', 'D:\design\MATLAB_version2021\toolbox\database\database\+database\+odbc\@connection\sqlwrite.m', 256)" style="font-weight:bold">database.odbc.connection/sqlwrite</a> (<a href="matlab: opentoline('D:\design\MATLAB_version2021\toolbox\database\database\+database\+odbc\@connection\sqlwrite.m',256,0)">第 256 行</a>)
ODBC Error: ODBC Driver Error: .

出错 <a href="matlab:matlab.internal.language.introspective.errorDocCallback('dataImport', 'C:\Users\pc\Desktop\cst2mysql_V2.0\lib\dataImport.m', 330)" style="font-weight:bold">dataImport</a> (<a href="matlab: opentoline('C:\Users\pc\Desktop\cst2mysql_V2.0\lib\dataImport.m',330,0)">第 330 行</a>)
        sqlwrite(conn, dbTable, DataArr_NIR);

出错 <a href="matlab:matlab.internal.language.introspective.errorDocCallback('filePropertiesBrowser>filePropertiesOK_Callback', 'C:\Users\pc\Desktop\cst2mysql_V2.0\dev\filePropertiesBrowser.m', 305)" style="font-weight:bold">filePropertiesBrowser>filePropertiesOK_Callback</a> (<a href="matlab: opentoline('C:\Users\pc\Desktop\cst2mysql_V2.0\dev\filePropertiesBrowser.m',305,0)">第 305 行</a>)
    handles = dataImport(handles, fileInfo);

出错 <a href="matlab:matlab.internal.language.introspective.errorDocCallback('gui_mainfcn', 'D:\design\MATLAB_version2021\toolbox\matlab\guide\gui_mainfcn.m', 95)" style="font-weight:bold">gui_mainfcn</a> (<a href="matlab: opentoline('D:\design\MATLAB_version2021\toolbox\matlab\guide\gui_mainfcn.m',95,0)">第 95 行</a>)
        feval(varargin{:});

出错 <a href="matlab:matlab.internal.language.introspective.errorDocCallback('filePropertiesBrowser', 'C:\Users\pc\Desktop\cst2mysql_V2.0\dev\filePropertiesBrowser.m', 43)" style="font-weight:bold">filePropertiesBrowser</a> (<a href="matlab: opentoline('C:\Users\pc\Desktop\cst2mysql_V2.0\dev\filePropertiesBrowser.m',43,0)">第 43 行</a>)
    gui_mainfcn(gui_State, varargin{:});

出错 <a href="matlab:matlab.internal.language.introspective.errorDocCallback('matlab.graphics.internal.figfile.FigFile/read>@(hObject,eventdata)filePropertiesBrowser(''filePropertiesOK_Callback'',hObject,eventdata,guidata(hObject))')" style="font-weight:bold">matlab.graphics.internal.figfile.FigFile/read>@(hObject,eventdata)filePropertiesBrowser('filePropertiesOK_Callback',hObject,eventdata,guidata(hObject))</a>
} 
计算 UIControl Callback 时出错。

opentoline('C:\Users\pc\Desktop\cst2mysql_V2.0\lib\dataImport.m',330,0)
cst2mysql_v2
