[matlab][INFO] 请输入操作者称谓: 
->guwudx
 
[matlab][INFO] 正在加载配置文件和库函数...
[matlab][INFO] 本次导入属性如下:
    minimum_innodb_buffer_pool_size: '1073741824'
                            DataSrc: 'Metasurface_demo_db'
                               User: 'root'
                                Pwd: '123456'
                              N_MIR: '119.9170'
                              M_FIR: '59.9585'

[matlab][INFO] 正在连接数据库...
[matlab][INFO] 成功连接到数据库
[matlab][INFO] 请输入待导入数据文件路径: C:\Users\pc\Desktop\QAQ\Org\重采样后数据
[matlab][INFO] 正在扫描数据文件(txt)...
[matlab][INFO] 正在初始化文件信息其他部分...
[matlab][INFO] 初始化完成
[matlab][INFO] 以下文件将被处理并导入:
||=============================================================||
->SquareCuboid resample_p=460.txt
->SquareCuboidresample_p=200.txt
->SquareCuboidresample_p=220.txt
->SquareCuboidresample_p=240.txt
->SquareCuboidresample_p=260.txt
->SquareCuboidresample_p=280.txt
->SquareCuboidresample_p=300.txt
->SquareCuboidresample_p=320.txt
->SquareCuboidresample_p=340.txt
->SquareCuboidresample_p=360.txt
->SquareCuboidresample_p=380.txt
->SquareCuboidresample_p=400.txt
->SquareCuboidresample_p=420.txt
->SquareCuboidresample_p=440.txt
||=============================================================||
 
[matlab][INFO] 正在读取分析文件: SquareCuboid resample_p=460.txt
[matlab][INFO] 第1个文件, 共14个文件
[matlab][INFO] 正在读取分析文件: SquareCuboidresample_p=200.txt
[matlab][INFO] 第2个文件, 共14个文件
[matlab][INFO] 正在读取分析文件: SquareCuboidresample_p=220.txt
[matlab][INFO] 第3个文件, 共14个文件
[matlab][INFO] 正在读取分析文件: SquareCuboidresample_p=240.txt
[matlab][INFO] 第4个文件, 共14个文件
[matlab][INFO] 正在读取分析文件: SquareCuboidresample_p=260.txt
[matlab][INFO] 第5个文件, 共14个文件
[matlab][INFO] 正在读取分析文件: SquareCuboidresample_p=280.txt
[matlab][INFO] 第6个文件, 共14个文件
[matlab][INFO] 正在读取分析文件: SquareCuboidresample_p=300.txt
[matlab][INFO] 第7个文件, 共14个文件
[matlab][INFO] 正在读取分析文件: SquareCuboidresample_p=320.txt
[matlab][INFO] 第8个文件, 共14个文件
[matlab][INFO] 正在读取分析文件: SquareCuboidresample_p=340.txt
[matlab][INFO] 第9个文件, 共14个文件
[matlab][INFO] 正在读取分析文件: SquareCuboidresample_p=360.txt
[matlab][INFO] 第10个文件, 共14个文件
[matlab][INFO] 正在读取分析文件: SquareCuboidresample_p=380.txt
[matlab][INFO] 第11个文件, 共14个文件
[matlab][INFO] 正在读取分析文件: SquareCuboidresample_p=400.txt
[matlab][INFO] 第12个文件, 共14个文件
[matlab][INFO] 正在读取分析文件: SquareCuboidresample_p=420.txt
[matlab][INFO] 第13个文件, 共14个文件
[matlab][INFO] 正在读取分析文件: SquareCuboidresample_p=440.txt
[matlab][INFO] 第14个文件, 共14个文件
[matlab][INFO] 检测到文件: SquareCuboidresample_p=200.txt 的参数信息与文件: SquareCuboid resample_p=460.txt 一致, 已跳过
[matlab][INFO] 检测到文件: SquareCuboidresample_p=220.txt 的参数信息与文件: SquareCuboid resample_p=460.txt 一致, 已跳过
[matlab][INFO] 检测到文件: SquareCuboidresample_p=240.txt 的参数信息与文件: SquareCuboid resample_p=460.txt 一致, 已跳过
[matlab][INFO] 检测到文件: SquareCuboidresample_p=260.txt 的参数信息与文件: SquareCuboid resample_p=460.txt 一致, 已跳过
[matlab][INFO] 检测到文件: SquareCuboidresample_p=280.txt 的参数信息与文件: SquareCuboid resample_p=460.txt 一致, 已跳过
[matlab][INFO] 检测到文件: SquareCuboidresample_p=300.txt 的参数信息与文件: SquareCuboid resample_p=460.txt 一致, 已跳过
[matlab][INFO] 检测到文件: SquareCuboidresample_p=320.txt 的参数信息与文件: SquareCuboid resample_p=460.txt 一致, 已跳过
[matlab][INFO] 检测到文件: SquareCuboidresample_p=340.txt 的参数信息与文件: SquareCuboid resample_p=460.txt 一致, 已跳过
[matlab][INFO] 检测到文件: SquareCuboidresample_p=360.txt 的参数信息与文件: SquareCuboid resample_p=460.txt 一致, 已跳过
[matlab][INFO] 检测到文件: SquareCuboidresample_p=380.txt 的参数信息与文件: SquareCuboid resample_p=460.txt 一致, 已跳过
[matlab][INFO] 检测到文件: SquareCuboidresample_p=400.txt 的参数信息与文件: SquareCuboid resample_p=460.txt 一致, 已跳过
[matlab][INFO] 检测到文件: SquareCuboidresample_p=420.txt 的参数信息与文件: SquareCuboid resample_p=460.txt 一致, 已跳过
[matlab][INFO] 检测到文件: SquareCuboidresample_p=440.txt 的参数信息与文件: SquareCuboid resample_p=460.txt 一致, 已跳过
[matlab][INFO] 正在获取文件: SquareCuboid resample_p=460.txt 的所有参数行和数据行...
[matlab][INFO] 正在提取文件: SquareCuboid resample_p=460.txt 的参数值...
[matlab][INFO] 正在计算文件: SquareCuboid resample_p=460.txt 的色散数据...
[matlab][INFO] 正在连接数据库...
[matlab][INFO] 数据库连接成功
[sql][INFO][CRUCIAL] 表genericunitsprmt的起始ID为2, 录入长度为839, 其原文件为SquareCuboid resample_p=460.txt
!! genericunitsprmt-2-839-SquareCuboid resample_p=460.txt
[sql][INFO][CRUCIAL] 表squarecuboidunitsprmt的起始ID为2, 录入长度为839, 其原文件为SquareCuboid resample_p=460.txt
!! squarecuboidunitsprmt-2-839-SquareCuboid resample_p=460.txt
[sql][INFO][CRUCIAL] 表squarecuboidunitsfreqresp_nir的起始ID为2, 录入长度为114104, 其原文件为SquareCuboid resample_p=460.txt
!! squarecuboidunitsfreqresp_nir-2-114104-SquareCuboid resample_p=460.txt
[matlab][INFO] 正在将数据写入中间文件...
[matlab][INFO] 正在操作genericParam表...
[matlab][INFO] 正在操作ParamArr表...
[matlab][INFO] 正在操作DataArr各表...
[matlab][INFO] 该操作可能需要较长时间, 请耐心等待...
[matlab][INFO] 未检测到中红外MIR数据, 跳过
[matlab][INFO] 未检测到远红外FIR数据, 跳过
[matlab][INFO] 正在获取文件: SquareCuboidresample_p=200.txt 的所有参数行和数据行...
[matlab][INFO] 正在提取文件: SquareCuboidresample_p=200.txt 的参数值...
[matlab][INFO] 正在计算文件: SquareCuboidresample_p=200.txt 的色散数据...
[sql][INFO][CRUCIAL] 表genericunitsprmt的起始ID为15, 录入长度为169, 其原文件为SquareCuboidresample_p=200.txt
!! genericunitsprmt-15-169-SquareCuboidresample_p=200.txt
[sql][INFO][CRUCIAL] 表squarecuboidunitsprmt的起始ID为841, 录入长度为169, 其原文件为SquareCuboidresample_p=200.txt
!! squarecuboidunitsprmt-841-169-SquareCuboidresample_p=200.txt
[sql][INFO][CRUCIAL] 表squarecuboidunitsfreqresp_nir的起始ID为114106, 录入长度为22984, 其原文件为SquareCuboidresample_p=200.txt
!! squarecuboidunitsfreqresp_nir-114106-22984-SquareCuboidresample_p=200.txt
[matlab][INFO] 正在将数据写入中间文件...
[matlab][INFO] 正在操作genericParam表...
[matlab][INFO] 正在操作ParamArr表...
[matlab][INFO] 正在操作DataArr各表...
[matlab][INFO] 该操作可能需要较长时间, 请耐心等待...
[matlab][INFO] 未检测到中红外MIR数据, 跳过
[matlab][INFO] 未检测到远红外FIR数据, 跳过
[matlab][INFO] 正在获取文件: SquareCuboidresample_p=220.txt 的所有参数行和数据行...
[matlab][INFO] 正在提取文件: SquareCuboidresample_p=220.txt 的参数值...
[matlab][INFO] 正在计算文件: SquareCuboidresample_p=220.txt 的色散数据...
[sql][INFO][CRUCIAL] 表genericunitsprmt的起始ID为30, 录入长度为221, 其原文件为SquareCuboidresample_p=220.txt
!! genericunitsprmt-30-221-SquareCuboidresample_p=220.txt
[sql][INFO][CRUCIAL] 表squarecuboidunitsprmt的起始ID为1168, 录入长度为221, 其原文件为SquareCuboidresample_p=220.txt
!! squarecuboidunitsprmt-1168-221-SquareCuboidresample_p=220.txt
[sql][INFO][CRUCIAL] 表squarecuboidunitsfreqresp_nir的起始ID为114106, 录入长度为30056, 其原文件为SquareCuboidresample_p=220.txt
!! squarecuboidunitsfreqresp_nir-114106-30056-SquareCuboidresample_p=220.txt
[matlab][INFO] 正在将数据写入中间文件...
[matlab][INFO] 正在操作genericParam表...
[matlab][INFO] 正在操作ParamArr表...
[matlab][INFO] 正在操作DataArr各表...
[matlab][INFO] 该操作可能需要较长时间, 请耐心等待...
[matlab][INFO] 未检测到中红外MIR数据, 跳过
[matlab][INFO] 未检测到远红外FIR数据, 跳过
[matlab][INFO] 正在获取文件: SquareCuboidresample_p=240.txt 的所有参数行和数据行...
[matlab][INFO] 正在提取文件: SquareCuboidresample_p=240.txt 的参数值...
[matlab][INFO] 正在计算文件: SquareCuboidresample_p=240.txt 的色散数据...
[sql][INFO][CRUCIAL] 表genericunitsprmt的起始ID为45, 录入长度为273, 其原文件为SquareCuboidresample_p=240.txt
!! genericunitsprmt-45-273-SquareCuboidresample_p=240.txt
[sql][INFO][CRUCIAL] 表squarecuboidunitsprmt的起始ID为1467, 录入长度为273, 其原文件为SquareCuboidresample_p=240.txt
!! squarecuboidunitsprmt-1467-273-SquareCuboidresample_p=240.txt
[sql][INFO][CRUCIAL] 表squarecuboidunitsfreqresp_nir的起始ID为145897, 录入长度为37128, 其原文件为SquareCuboidresample_p=240.txt
!! squarecuboidunitsfreqresp_nir-145897-37128-SquareCuboidresample_p=240.txt
[matlab][INFO] 正在将数据写入中间文件...
[matlab][INFO] 正在操作genericParam表...
[matlab][INFO] 正在操作ParamArr表...
[matlab][INFO] 正在操作DataArr各表...
[matlab][INFO] 该操作可能需要较长时间, 请耐心等待...
[matlab][INFO] 未检测到中红外MIR数据, 跳过
[matlab][INFO] 未检测到远红外FIR数据, 跳过
[matlab][INFO] 正在获取文件: SquareCuboidresample_p=260.txt 的所有参数行和数据行...
[matlab][INFO] 正在提取文件: SquareCuboidresample_p=260.txt 的参数值...
[matlab][INFO] 正在计算文件: SquareCuboidresample_p=260.txt 的色散数据...
[sql][INFO][CRUCIAL] 表genericunitsprmt的起始ID为60, 录入长度为325, 其原文件为SquareCuboidresample_p=260.txt
!! genericunitsprmt-60-325-SquareCuboidresample_p=260.txt
[sql][INFO][CRUCIAL] 表squarecuboidunitsprmt的起始ID为1766, 录入长度为325, 其原文件为SquareCuboidresample_p=260.txt
!! squarecuboidunitsprmt-1766-325-SquareCuboidresample_p=260.txt
[sql][INFO][CRUCIAL] 表squarecuboidunitsfreqresp_nir的起始ID为175336, 录入长度为44200, 其原文件为SquareCuboidresample_p=260.txt
!! squarecuboidunitsfreqresp_nir-175336-44200-SquareCuboidresample_p=260.txt
[matlab][INFO] 正在将数据写入中间文件...
[matlab][INFO] 正在操作genericParam表...
[matlab][INFO] 正在操作ParamArr表...
[matlab][INFO] 正在操作DataArr各表...
[matlab][INFO] 该操作可能需要较长时间, 请耐心等待...
[matlab][INFO] 未检测到中红外MIR数据, 跳过
[matlab][INFO] 未检测到远红外FIR数据, 跳过
[matlab][INFO] 正在获取文件: SquareCuboidresample_p=280.txt 的所有参数行和数据行...
[matlab][INFO] 正在提取文件: SquareCuboidresample_p=280.txt 的参数值...
[matlab][INFO] 正在计算文件: SquareCuboidresample_p=280.txt 的色散数据...
[sql][INFO][CRUCIAL] 表genericunitsprmt的起始ID为75, 录入长度为377, 其原文件为SquareCuboidresample_p=280.txt
!! genericunitsprmt-75-377-SquareCuboidresample_p=280.txt
[sql][INFO][CRUCIAL] 表squarecuboidunitsprmt的起始ID为2065, 录入长度为377, 其原文件为SquareCuboidresample_p=280.txt
!! squarecuboidunitsprmt-2065-377-SquareCuboidresample_p=280.txt
[sql][INFO][CRUCIAL] 表squarecuboidunitsfreqresp_nir的起始ID为217623, 录入长度为51272, 其原文件为SquareCuboidresample_p=280.txt
!! squarecuboidunitsfreqresp_nir-217623-51272-SquareCuboidresample_p=280.txt
[matlab][INFO] 正在将数据写入中间文件...
[matlab][INFO] 正在操作genericParam表...
[matlab][INFO] 正在操作ParamArr表...
[matlab][INFO] 正在操作DataArr各表...
[matlab][INFO] 该操作可能需要较长时间, 请耐心等待...
[matlab][INFO] 未检测到中红外MIR数据, 跳过
[matlab][INFO] 未检测到远红外FIR数据, 跳过
[matlab][INFO] 正在获取文件: SquareCuboidresample_p=300.txt 的所有参数行和数据行...
[matlab][INFO] 正在提取文件: SquareCuboidresample_p=300.txt 的参数值...
[matlab][INFO] 正在计算文件: SquareCuboidresample_p=300.txt 的色散数据...
[sql][INFO][CRUCIAL] 表genericunitsprmt的起始ID为90, 录入长度为429, 其原文件为SquareCuboidresample_p=300.txt
!! genericunitsprmt-90-429-SquareCuboidresample_p=300.txt
[sql][INFO][CRUCIAL] 表squarecuboidunitsprmt的起始ID为2620, 录入长度为429, 其原文件为SquareCuboidresample_p=300.txt
!! squarecuboidunitsprmt-2620-429-SquareCuboidresample_p=300.txt
[sql][INFO][CRUCIAL] 表squarecuboidunitsfreqresp_nir的起始ID为264934, 录入长度为58344, 其原文件为SquareCuboidresample_p=300.txt
!! squarecuboidunitsfreqresp_nir-264934-58344-SquareCuboidresample_p=300.txt
[matlab][INFO] 正在将数据写入中间文件...
[matlab][INFO] 正在操作genericParam表...
[matlab][INFO] 正在操作ParamArr表...
[matlab][INFO] 正在操作DataArr各表...
[matlab][INFO] 该操作可能需要较长时间, 请耐心等待...
[matlab][INFO] 未检测到中红外MIR数据, 跳过
[matlab][INFO] 未检测到远红外FIR数据, 跳过
[matlab][INFO] 正在获取文件: SquareCuboidresample_p=320.txt 的所有参数行和数据行...
[matlab][INFO] 正在提取文件: SquareCuboidresample_p=320.txt 的参数值...
[matlab][INFO] 正在计算文件: SquareCuboidresample_p=320.txt 的色散数据...
[sql][INFO][CRUCIAL] 表genericunitsprmt的起始ID为106, 录入长度为481, 其原文件为SquareCuboidresample_p=320.txt
!! genericunitsprmt-106-481-SquareCuboidresample_p=320.txt
[sql][INFO][CRUCIAL] 表squarecuboidunitsprmt的起始ID为3176, 录入长度为481, 其原文件为SquareCuboidresample_p=320.txt
!! squarecuboidunitsprmt-3176-481-SquareCuboidresample_p=320.txt
[sql][INFO][CRUCIAL] 表squarecuboidunitsfreqresp_nir的起始ID为310757, 录入长度为65416, 其原文件为SquareCuboidresample_p=320.txt
!! squarecuboidunitsfreqresp_nir-310757-65416-SquareCuboidresample_p=320.txt
[matlab][INFO] 正在将数据写入中间文件...
[matlab][INFO] 正在操作genericParam表...
[matlab][INFO] 正在操作ParamArr表...
[matlab][INFO] 正在操作DataArr各表...
[matlab][INFO] 该操作可能需要较长时间, 请耐心等待...
[matlab][INFO] 未检测到中红外MIR数据, 跳过
[matlab][INFO] 未检测到远红外FIR数据, 跳过
[matlab][INFO] 正在获取文件: SquareCuboidresample_p=340.txt 的所有参数行和数据行...
[matlab][INFO] 正在提取文件: SquareCuboidresample_p=340.txt 的参数值...
[matlab][INFO] 正在计算文件: SquareCuboidresample_p=340.txt 的色散数据...
[sql][INFO][CRUCIAL] 表genericunitsprmt的起始ID为120, 录入长度为533, 其原文件为SquareCuboidresample_p=340.txt
!! genericunitsprmt-120-533-SquareCuboidresample_p=340.txt
[sql][INFO][CRUCIAL] 表squarecuboidunitsprmt的起始ID为3767, 录入长度为533, 其原文件为SquareCuboidresample_p=340.txt
!! squarecuboidunitsprmt-3767-533-SquareCuboidresample_p=340.txt
[sql][INFO][CRUCIAL] 表squarecuboidunitsfreqresp_nir的起始ID为356716, 录入长度为72488, 其原文件为SquareCuboidresample_p=340.txt
!! squarecuboidunitsfreqresp_nir-356716-72488-SquareCuboidresample_p=340.txt
[matlab][INFO] 正在将数据写入中间文件...
[matlab][INFO] 正在操作genericParam表...
[matlab][INFO] 正在操作ParamArr表...
[matlab][INFO] 正在操作DataArr各表...
[matlab][INFO] 该操作可能需要较长时间, 请耐心等待...
[matlab][INFO] 未检测到中红外MIR数据, 跳过
[matlab][INFO] 未检测到远红外FIR数据, 跳过
[matlab][INFO] 正在获取文件: SquareCuboidresample_p=360.txt 的所有参数行和数据行...
[matlab][INFO] 正在提取文件: SquareCuboidresample_p=360.txt 的参数值...
[matlab][INFO] 正在计算文件: SquareCuboidresample_p=360.txt 的色散数据...
[sql][INFO][CRUCIAL] 表genericunitsprmt的起始ID为135, 录入长度为585, 其原文件为SquareCuboidresample_p=360.txt
!! genericunitsprmt-135-585-SquareCuboidresample_p=360.txt
[sql][INFO][CRUCIAL] 表squarecuboidunitsprmt的起始ID为4285, 录入长度为585, 其原文件为SquareCuboidresample_p=360.txt
!! squarecuboidunitsprmt-4285-585-SquareCuboidresample_p=360.txt
[sql][INFO][CRUCIAL] 表squarecuboidunitsfreqresp_nir的起始ID为438163, 录入长度为79560, 其原文件为SquareCuboidresample_p=360.txt
!! squarecuboidunitsfreqresp_nir-438163-79560-SquareCuboidresample_p=360.txt
[matlab][INFO] 正在将数据写入中间文件...
[matlab][INFO] 正在操作genericParam表...
[matlab][INFO] 正在操作ParamArr表...
[matlab][INFO] 正在操作DataArr各表...
[matlab][INFO] 该操作可能需要较长时间, 请耐心等待...
[matlab][INFO] 未检测到中红外MIR数据, 跳过
[matlab][INFO] 未检测到远红外FIR数据, 跳过
[matlab][INFO] 正在获取文件: SquareCuboidresample_p=380.txt 的所有参数行和数据行...
[matlab][INFO] 正在提取文件: SquareCuboidresample_p=380.txt 的参数值...
[matlab][INFO] 正在计算文件: SquareCuboidresample_p=380.txt 的色散数据...
[sql][INFO][CRUCIAL] 表genericunitsprmt的起始ID为150, 录入长度为637, 其原文件为SquareCuboidresample_p=380.txt
!! genericunitsprmt-150-637-SquareCuboidresample_p=380.txt
[sql][INFO][CRUCIAL] 表squarecuboidunitsprmt的起始ID为4840, 录入长度为637, 其原文件为SquareCuboidresample_p=380.txt
!! squarecuboidunitsprmt-4840-637-SquareCuboidresample_p=380.txt
[sql][INFO][CRUCIAL] 表squarecuboidunitsfreqresp_nir的起始ID为509682, 录入长度为86632, 其原文件为SquareCuboidresample_p=380.txt
!! squarecuboidunitsfreqresp_nir-509682-86632-SquareCuboidresample_p=380.txt
[matlab][INFO] 正在将数据写入中间文件...
[matlab][INFO] 正在操作genericParam表...
[matlab][INFO] 正在操作ParamArr表...
[matlab][INFO] 正在操作DataArr各表...
[matlab][INFO] 该操作可能需要较长时间, 请耐心等待...
[matlab][INFO] 未检测到中红外MIR数据, 跳过
[matlab][INFO] 未检测到远红外FIR数据, 跳过
[matlab][INFO] 正在获取文件: SquareCuboidresample_p=400.txt 的所有参数行和数据行...
[matlab][INFO] 正在提取文件: SquareCuboidresample_p=400.txt 的参数值...
[matlab][INFO] 正在计算文件: SquareCuboidresample_p=400.txt 的色散数据...
[sql][INFO][CRUCIAL] 表genericunitsprmt的起始ID为165, 录入长度为689, 其原文件为SquareCuboidresample_p=400.txt
!! genericunitsprmt-165-689-SquareCuboidresample_p=400.txt
[sql][INFO][CRUCIAL] 表squarecuboidunitsprmt的起始ID为5395, 录入长度为689, 其原文件为SquareCuboidresample_p=400.txt
!! squarecuboidunitsprmt-5395-689-SquareCuboidresample_p=400.txt
[sql][INFO][CRUCIAL] 表squarecuboidunitsfreqresp_nir的起始ID为646736, 录入长度为93704, 其原文件为SquareCuboidresample_p=400.txt
!! squarecuboidunitsfreqresp_nir-646736-93704-SquareCuboidresample_p=400.txt
[matlab][INFO] 正在将数据写入中间文件...
[matlab][INFO] 正在操作genericParam表...
[matlab][INFO] 正在操作ParamArr表...
[matlab][INFO] 正在操作DataArr各表...
[matlab][INFO] 该操作可能需要较长时间, 请耐心等待...
[matlab][INFO] 未检测到中红外MIR数据, 跳过
[matlab][INFO] 未检测到远红外FIR数据, 跳过
[matlab][INFO] 正在获取文件: SquareCuboidresample_p=420.txt 的所有参数行和数据行...
[matlab][INFO] 正在提取文件: SquareCuboidresample_p=420.txt 的参数值...
[matlab][INFO] 正在计算文件: SquareCuboidresample_p=420.txt 的色散数据...
[sql][INFO][CRUCIAL] 表genericunitsprmt的起始ID为180, 录入长度为741, 其原文件为SquareCuboidresample_p=420.txt
!! genericunitsprmt-180-741-SquareCuboidresample_p=420.txt
[sql][INFO][CRUCIAL] 表squarecuboidunitsprmt的起始ID为6462, 录入长度为741, 其原文件为SquareCuboidresample_p=420.txt
!! squarecuboidunitsprmt-6462-741-SquareCuboidresample_p=420.txt
[sql][INFO][CRUCIAL] 表squarecuboidunitsfreqresp_nir的起始ID为732382, 录入长度为100776, 其原文件为SquareCuboidresample_p=420.txt
!! squarecuboidunitsfreqresp_nir-732382-100776-SquareCuboidresample_p=420.txt
[matlab][INFO] 正在将数据写入中间文件...
[matlab][INFO] 正在操作genericParam表...
[matlab][INFO] 正在操作ParamArr表...
[matlab][INFO] 正在操作DataArr各表...
[matlab][INFO] 该操作可能需要较长时间, 请耐心等待...
[matlab][INFO] 未检测到中红外MIR数据, 跳过
[matlab][INFO] 未检测到远红外FIR数据, 跳过
[matlab][INFO] 正在获取文件: SquareCuboidresample_p=440.txt 的所有参数行和数据行...
[matlab][INFO] 正在提取文件: SquareCuboidresample_p=440.txt 的参数值...
[matlab][INFO] 正在计算文件: SquareCuboidresample_p=440.txt 的色散数据...
[sql][INFO][CRUCIAL] 表genericunitsprmt的起始ID为195, 录入长度为793, 其原文件为SquareCuboidresample_p=440.txt
!! genericunitsprmt-195-793-SquareCuboidresample_p=440.txt
[sql][INFO][CRUCIAL] 表squarecuboidunitsprmt的起始ID为7529, 录入长度为793, 其原文件为SquareCuboidresample_p=440.txt
!! squarecuboidunitsprmt-7529-793-SquareCuboidresample_p=440.txt
[sql][INFO][CRUCIAL] 表squarecuboidunitsfreqresp_nir的起始ID为778205, 录入长度为107848, 其原文件为SquareCuboidresample_p=440.txt
!! squarecuboidunitsfreqresp_nir-778205-107848-SquareCuboidresample_p=440.txt
[matlab][INFO] 正在将数据写入中间文件...
[matlab][INFO] 正在操作genericParam表...
[matlab][INFO] 正在操作ParamArr表...
[matlab][INFO] 正在操作DataArr各表...
[matlab][INFO] 该操作可能需要较长时间, 请耐心等待...
[matlab][INFO] 未检测到中红外MIR数据, 跳过
[matlab][INFO] 未检测到远红外FIR数据, 跳过
[matlab][INFO] 是否需要删除中间文件? (Y/N): Y
[matlab][INFO] 正在删除中间文件...
[matlab][INFO] 中间文件删除成功
[matlab][INFO] 数据导入完成
