[matlab][INFO] 正在加载配置文件和库函数...
[matlab][INFO] 本次导入属性如下:
                            DataSrc: 'Metasurface_demo_db'
                               User: 'root'
                                Pwd: '123456'
    minimum_innodb_buffer_pool_size: '1073741824'
                       local_infile: '1'
                              N_MIR: '119.9170'
                              M_FIR: '59.9585'
                    ignoreThickness: '1'
                   defaultThickness: '500'
                       ignoreETheta: '0'
                      defaultETheta: '90'
                           language: 'zh_CN'

[matlab][INFO] 正在连接数据库...
[matlab][INFO] 成功连接到数据库
[matlab][INFO] 正在读取数据库中的S参数信息...
<a href="matlab: opentoline('C:\Users\27950\Desktop\DbMatlab\cst2mysql_V2.0\Src\cst2mysql_v2.m',67,1)">67  </a>guidata(hObject, handles);
if system_dependent('IsDebugMode')==1, dbquit; end
[警告: 以后的版本中将会删除 GUIDE。请改用 APPDESIGNER。] 
2^8

ans =

   256

2^12

ans =

        4096

23 / 4095

ans =

    0.0056

2^8

ans =

   256

