[matlab][INFO] 正在加载配置文件和库函数...
[matlab][INFO] 本次导入属性如下:
                            DataSrc: 'Metasurface_demo_db'
                               User: 'root'
                                Pwd: '123456'
    minimum_innodb_buffer_pool_size: '1073741824'
                       local_infile: '1'
                              N_MIR: '119.9170'
                              M_FIR: '59.9585'
                    ignoreThickness: '1'
                   defaultThickness: '500'
                       ignoreETheta: '0'
                      defaultETheta: '90'
                           language: 'zh_CN'

[matlab][INFO] 正在连接数据库...
[matlab][INFO] 成功连接到数据库
[matlab][INFO] 正在读取数据库中的S参数信息...
[matlab][INFO] 正在初始化文件信息其他部分...
[matlab][INFO] 初始化完成
[matlab][INFO] 以下文件将被处理并导入:
||=============================================================||
->SquareCuboid-Silicon-Titanium Dioxide-1d_.txt
->SquareCuboid-Silicon-Titanium Dioxide-1d_res_nostrd.txt
->SquareCuboid-Silicon-Titanium Dioxide-1d_result.txt
||=============================================================||
 
[matlab][INFO] 正在读取分析文件: SquareCuboid-Silicon-Titanium Dioxide-1d_.txt
[matlab][INFO] 第1个文件, 共3个文件
[matlab][INFO] 正在读取分析文件: SquareCuboid-Silicon-Titanium Dioxide-1d_res_nostrd.txt
[matlab][INFO] 第2个文件, 共3个文件
[matlab][INFO] 正在读取分析文件: SquareCuboid-Silicon-Titanium Dioxide-1d_result.txt
[matlab][INFO] 第3个文件, 共3个文件
[matlab][INFO] 文件扫描完成
[matlab][INFO] 正在获取文件: SquareCuboid-Silicon-Titanium Dioxide-1d_.txt 的所有参数行和数据行...
[matlab][INFO] 正在获取文件: SquareCuboid-Silicon-Titanium Dioxide-1d_.txt 的所有数据行和数据描述行...
[matlab][INFO] 正在提取文件: SquareCuboid-Silicon-Titanium Dioxide-1d_.txt 的参数值...
[matlab][INFO] 正在扫描文件 SquareCuboid-Silicon-Titanium Dioxide-1d_.txt 的S参数ID...
[matlab][INFO] 正在计算文件: SquareCuboid-Silicon-Titanium Dioxide-1d_.txt 的色散数据...
<a href="matlab: opentoline('C:\Users\27950\Desktop\DbMatlab\cst2mysql_V2.0\lib\dataImport.m',195,1)">195 </a>    genericParam(k, :) = ParamArr(end, 1:7);
if system_dependent('IsDebugMode')==1, dbstep; end
if system_dependent('IsDebugMode')==1, dbstep; end
if system_dependent('IsDebugMode')==1, dbstep; end
if system_dependent('IsDebugMode')==1, dbcont; end
[matlab][INFO] 正在连接数据库...
[matlab][INFO] 数据库连接成功
if system_dependent('IsDebugMode')==1, dbcont; end
[matlab][INFO] 正在将genericParam写入数据库...
[sql][INFO][CRUCIAL] 本次录入将文件SquareCuboid-Silicon-Titanium Dioxide-1d_.txt的通用参数部分录入表genericunitsprmt, 详情id如下:
!! SquareCuboid-Silicon-Titanium Dioxide-1d_.txt-genericunitsprmt-4-3-2-1-
[matlab][INFO] 正在为ParamArr匹配外键...
[matlab][INFO] 正在将ParamArr写入数据库...
[sql][INFO][CRUCIAL] 本次录入将文件SquareCuboid-Silicon-Titanium Dioxide-1d_.txt的特定参数部分录入表squarecuboidunitsprmt, 详情id如下:
!! SquareCuboid-Silicon-Titanium Dioxide-1d_.txt-squarecuboidunitsprmt-4-3-2-1-
[matlab][INFO] 未检测到近红外NIR数据, 跳过
[matlab][INFO] 未检测到中红外MIR数据, 跳过
[matlab][INFO] 正在为DataArr_FIR匹配外键...
[matlab][INFO] 正在将DataArr_FIR写入数据库, 该操作可能需要一段时间...
[sql][INFO][CRUCIAL] 本次录入将文件SquareCuboid-Silicon-Titanium Dioxide-1d_.txt的远红外数据部分录入表squarecuboidunitsfreqresp_fir, 详情id如下:
!! SquareCuboid-Silicon-Titanium Dioxide-1d_.txt-squarecuboidunitsfreqresp_fir-324-323-322-321-320-319-318-317-316-315-314-313-312-311-310-309-308-307-306-305-304-303-302-301-300-299-298-297-296-295-294-293-292-291-290-289-288-287-286-285-284-283-282-281-280-279-278-277-276-275-274-273-272-271-270-269-268-267-266-265-264-263-262-261-260-259-258-257-256-255-254-253-252-251-250-249-248-247-246-245-244-243-242-241-240-239-238-237-236-235-234-233-232-231-230-229-228-227-226-225-224-223-222-221-220-219-218-217-216-215-214-213-212-211-210-209-208-207-206-205-204-203-202-201-200-199-198-197-196-195-194-193-192-191-190-189-188-187-186-185-184-183-182-181-180-179-178-177-176-175-174-173-172-171-170-169-168-167-166-165-164-163-162-161-160-159-158-157-156-155-154-153-152-151-150-149-148-147-146-145-144-143-142-141-140-139-138-137-136-135-134-133-132-131-130-129-128-127-126-125-124-123-122-121-120-119-118-117-116-115-114-113-112-111-110-109-108-107-106-105-104-103-102-101-100-99-98-97-96-95-94-93-92-91-90-89-88-87-86-85-84-83-82-81-80-79-78-77-76-75-74-73-72-71-70-69-68-67-66-65-64-63-62-61-60-59-58-57-56-55-54-53-52-51-50-49-48-47-46-45-44-43-42-41-40-39-38-37-36-35-34-33-32-31-30-29-28-27-26-25-24-23-22-21-20-19-18-17-16-15-14-13-12-11-10-9-8-7-6-5-4-3-2-1-
[matlab][INFO] 正在获取文件: SquareCuboid-Silicon-Titanium Dioxide-1d_res_nostrd.txt 的所有参数行和数据行...
[matlab][INFO] 正在获取文件: SquareCuboid-Silicon-Titanium Dioxide-1d_res_nostrd.txt 的所有数据行和数据描述行...
[matlab][INFO] 正在提取文件: SquareCuboid-Silicon-Titanium Dioxide-1d_res_nostrd.txt 的参数值...
[matlab][INFO] 正在扫描文件 SquareCuboid-Silicon-Titanium Dioxide-1d_res_nostrd.txt 的S参数ID...
[matlab][INFO] 正在计算文件: SquareCuboid-Silicon-Titanium Dioxide-1d_res_nostrd.txt 的色散数据...
if system_dependent('IsDebugMode')==1, dbcont; end
if system_dependent('IsDebugMode')==1, dbcont; end
if system_dependent('IsDebugMode')==1, dbstep; end
if system_dependent('IsDebugMode')==1, dbstep; end
num2str(size(genericParam, 1))

ans =

    '4'

if system_dependent('IsDebugMode')==1, dbquit; end
