[matlab][INFO] 正在加载配置文件和库函数...
[matlab][INFO] 本次导入属性如下:
                            DataSrc: 'Metasurface_demo_db'
                               User: 'root'
                                Pwd: '123456'
    minimum_innodb_buffer_pool_size: '1073741824'
                       local_infile: '1'
                              N_MIR: '119.9170'
                              M_FIR: '59.9585'
                    ignoreThickness: '1'
                   defaultThickness: '500'
                       ignoreETheta: '0'
                      defaultETheta: '90'
                           language: 'zh_CN'

[matlab][INFO] 正在连接数据库...
[matlab][INFO] 成功连接到数据库
[matlab][INFO] 正在读取数据库中的S参数信息...
<a href="matlab: opentoline('C:\Users\27950\Desktop\DbMatlab\cst2mysql_V2.0\Src\importGUI_v1.m',589,1)">589 </a>    close(conn);
if system_dependent('IsDebugMode')==1, dbstep; end
if system_dependent('IsDebugMode')==1, dbstep; end
if system_dependent('IsDebugMode')==1, dbstep; end
if system_dependent('IsDebugMode')==1, dbstep; end
if system_dependent('IsDebugMode')==1, dbstep; end
<a href="matlab: opentoline('C:\Program Files\Polyspace\R2021a\toolbox\matlab\guide\guidefunc.m',164,1)">164 </a>catch me
if system_dependent('IsDebugMode')==1, dbquit; end
com.mathworks.jmi.MatlabException: DebugQuitException
	at com.mathworks.jmi.NativeMatlab.SendMatlabMessage(Native Method)
	at com.mathworks.jmi.NativeMatlab.sendMatlabMessage(NativeMatlab.java:273)
	at com.mathworks.jmi.MatlabLooper.sendMatlabMessage(MatlabLooper.java:120)
	at com.mathworks.jmi.Matlab.mtFevalConsoleOutput(Matlab.java:1835)
	at com.mathworks.jmi.MatlabWorker.feval(MatlabWorker.java:195)
	at com.mathworks.jmi.MatlabWorker.feval(MatlabWorker.java:172)
	at com.mathworks.toolbox.matlab.guide.utils.LayoutWorker.runOnMatlabThread(LayoutWorker.java:51)
	at com.mathworks.jmi.MatlabWorker$2.run(MatlabWorker.java:79)
importGUI_v1
