[matlab][INFO] 正在加载配置文件和库函数...
[matlab][INFO] 本次导入属性如下:
                            DataSrc: 'Metasurface_demo_db'
                               User: 'root'
                                Pwd: '123456'
    minimum_innodb_buffer_pool_size: '1073741824'
                       local_infile: '1'
                              N_MIR: '119.9170'
                              M_FIR: '59.9585'
                    ignoreThickness: '1'
                   defaultThickness: '500'
                       ignoreETheta: '0'
                      defaultETheta: '90'
                           language: 'zh_CN'

[matlab][INFO] 正在连接数据库...
[matlab][INFO] 成功连接到数据库
[matlab][INFO] 正在读取数据库中的S参数信息...
[matlab][INFO] 正在初始化文件信息其他部分...
[matlab][INFO] 初始化完成
[matlab][INFO] 以下文件将被处理并导入:
||=============================================================||
->SquareCuboid-Silicon-Titanium Dioxide-1d_result.txt
||=============================================================||
 
[matlab][INFO] 正在读取分析文件: SquareCuboid-Silicon-Titanium Dioxide-1d_result.txt
[matlab][INFO] 第1个文件, 共1个文件
[matlab][INFO] 文件扫描完成
{无法识别的字段名称 "language"。

出错 <a href="matlab:matlab.internal.language.introspective.errorDocCallback('popupmenuSet', 'C:\Users\27950\Desktop\DbMatlab\cst2mysql_V2.0\lib\popupmenuSet.m', 5)" style="font-weight:bold">popupmenuSet</a> (<a href="matlab: opentoline('C:\Users\27950\Desktop\DbMatlab\cst2mysql_V2.0\lib\popupmenuSet.m',5,0)">第 5 行</a>)
    switch handles.language

出错 <a href="matlab:matlab.internal.language.introspective.errorDocCallback('paramsBrowser>paramsBrowser_OpeningFcn', 'C:\Users\27950\Desktop\DbMatlab\cst2mysql_V2.0\Src\paramsBrowser.m', 75)" style="font-weight:bold">paramsBrowser>paramsBrowser_OpeningFcn</a> (<a href="matlab: opentoline('C:\Users\27950\Desktop\DbMatlab\cst2mysql_V2.0\Src\paramsBrowser.m',75,0)">第 75 行</a>)
handles = popupmenuSet(handles, handles.paramName, paramDispList);

出错 <a href="matlab:matlab.internal.language.introspective.errorDocCallback('gui_mainfcn', 'C:\Program Files\Polyspace\R2021a\toolbox\matlab\guide\gui_mainfcn.m', 220)" style="font-weight:bold">gui_mainfcn</a> (<a href="matlab: opentoline('C:\Program Files\Polyspace\R2021a\toolbox\matlab\guide\gui_mainfcn.m',220,0)">第 220 行</a>)
    feval(gui_State.gui_OpeningFcn, gui_hFigure, [], guidata(gui_hFigure), varargin{:});

出错 <a href="matlab:matlab.internal.language.introspective.errorDocCallback('paramsBrowser', 'C:\Users\27950\Desktop\DbMatlab\cst2mysql_V2.0\Src\paramsBrowser.m', 42)" style="font-weight:bold">paramsBrowser</a> (<a href="matlab: opentoline('C:\Users\27950\Desktop\DbMatlab\cst2mysql_V2.0\Src\paramsBrowser.m',42,0)">第 42 行</a>)
    gui_mainfcn(gui_State, varargin{:});

出错 <a href="matlab:matlab.internal.language.introspective.errorDocCallback('importGUI_v1>scanStart_Callback', 'C:\Users\27950\Desktop\DbMatlab\cst2mysql_V2.0\Src\importGUI_v1.m', 168)" style="font-weight:bold">importGUI_v1>scanStart_Callback</a> (<a href="matlab: opentoline('C:\Users\27950\Desktop\DbMatlab\cst2mysql_V2.0\Src\importGUI_v1.m',168,0)">第 168 行</a>)
            paramsBrowser('MainHandle', hObject);

出错 <a href="matlab:matlab.internal.language.introspective.errorDocCallback('gui_mainfcn', 'C:\Program Files\Polyspace\R2021a\toolbox\matlab\guide\gui_mainfcn.m', 95)" style="font-weight:bold">gui_mainfcn</a> (<a href="matlab: opentoline('C:\Program Files\Polyspace\R2021a\toolbox\matlab\guide\gui_mainfcn.m',95,0)">第 95 行</a>)
        feval(varargin{:});

出错 <a href="matlab:matlab.internal.language.introspective.errorDocCallback('importGUI_v1', 'C:\Users\27950\Desktop\DbMatlab\cst2mysql_V2.0\Src\importGUI_v1.m', 42)" style="font-weight:bold">importGUI_v1</a> (<a href="matlab: opentoline('C:\Users\27950\Desktop\DbMatlab\cst2mysql_V2.0\Src\importGUI_v1.m',42,0)">第 42 行</a>)
    gui_mainfcn(gui_State, varargin{:});

出错 <a href="matlab:matlab.internal.language.introspective.errorDocCallback('matlab.graphics.internal.figfile.FigFile/read>@(hObject,eventdata)importGUI_v1(''scanStart_Callback'',hObject,eventdata,guidata(hObject))')" style="font-weight:bold">matlab.graphics.internal.figfile.FigFile/read>@(hObject,eventdata)importGUI_v1('scanStart_Callback',hObject,eventdata,guidata(hObject))</a>
} 
计算 UIControl Callback 时出错。

matlab.internal.language.introspective.errorDocCallback('popupmenuSet', 'C:\Users\27950\Desktop\DbMatlab\cst2mysql_V2.0\lib\popupmenuSet.m', 5)
importGUI_v1
