[matlab][INFO] 正在加载配置文件和库函数...
[matlab][INFO] 本次导入属性如下:
                            DataSrc: 'Metasurface_demo_db'
                               User: 'root'
                                Pwd: '123456'
    minimum_innodb_buffer_pool_size: '1073741824'
                       local_infile: '1'
                              N_MIR: '119.9170'
                              M_FIR: '59.9585'
                    ignoreThickness: '1'
                   defaultThickness: '500'
                       ignoreETheta: '0'
                      defaultETheta: '90'
                           language: 'zh_CN'

[matlab][INFO] 正在连接数据库...
[matlab][INFO] 成功连接到数据库
[matlab][INFO] 正在读取数据库中的S参数信息...
[matlab][INFO] 正在初始化文件信息其他部分...
[matlab][INFO] 初始化完成
[matlab][INFO] 以下文件将被处理并导入:
||=============================================================||
->1d_.txt
->1d_res.txt
->1d_result.txt
||=============================================================||
 
[matlab][INFO] 正在读取分析文件: 1d_.txt
[matlab][INFO] 第1个文件, 共3个文件
[matlab][INFO] 正在读取分析文件: 1d_res.txt
[matlab][INFO] 第2个文件, 共3个文件
[matlab][INFO] 正在读取分析文件: 1d_result.txt
[matlab][INFO] 第3个文件, 共3个文件
[matlab][INFO] 文件扫描完成
[matlab][INFO] 正在获取文件: 1d_.txt 的所有参数行和数据行...
[matlab][INFO] 正在获取文件: 1d_.txt 的所有数据行和数据描述行...
[matlab][INFO] 正在提取文件: 1d_.txt 的参数值...
[matlab][INFO] 正在扫描文件 1d_.txt 的S参数ID...
[matlab][INFO] 正在计算文件: 1d_.txt 的色散数据...
[matlab][INFO] 正在连接数据库...
[matlab][INFO] 数据库连接成功
[matlab][INFO] 正在将genericParam写入数据库...
[sql][INFO][CRUCIAL] 本次录入将文件1d_.txt的通用参数部分录入表genericunitsprmt, 详情id如下:
!! 1d_.txt-genericunitsprmt-58-57-56-55-
[matlab][INFO] 正在为ParamArr匹配外键...
[matlab][INFO] 正在将ParamArr写入数据库...
[sql][INFO][CRUCIAL] 本次录入将文件1d_.txt的特定参数部分录入表squarecuboidunitsprmt, 详情id如下:
!! 1d_.txt-squarecuboidunitsprmt-76-75-74-73-
[matlab][INFO] 未检测到近红外NIR数据, 跳过
[matlab][INFO] 未检测到中红外MIR数据, 跳过
[matlab][INFO] 正在为DataArr_FIR匹配外键...
[matlab][INFO] 正在将DataArr_FIR写入数据库, 该操作可能需要一段时间...
[sql][INFO][CRUCIAL] 本次录入将文件1d_.txt的远红外数据部分录入表squarecuboidunitsfreqresp_fir, 详情id如下:
!! 1d_.txt-squarecuboidunitsfreqresp_fir-6156-6155-6154-6153-6152-6151-6150-6149-6148-6147-6146-6145-6144-6143-6142-6141-6140-6139-6138-6137-6136-6135-6134-6133-6132-6131-6130-6129-6128-6127-6126-6125-6124-6123-6122-6121-6120-6119-6118-6117-6116-6115-6114-6113-6112-6111-6110-6109-6108-6107-6106-6105-6104-6103-6102-6101-6100-6099-6098-6097-6096-6095-6094-6093-6092-6091-6090-6089-6088-6087-6086-6085-6084-6083-6082-6081-6080-6079-6078-6077-6076-6075-6074-6073-6072-6071-6070-6069-6068-6067-6066-6065-6064-6063-6062-6061-6060-6059-6058-6057-6056-6055-6054-6053-6052-6051-6050-6049-6048-6047-6046-6045-6044-6043-6042-6041-6040-6039-6038-6037-6036-6035-6034-6033-6032-6031-6030-6029-6028-6027-6026-6025-6024-6023-6022-6021-6020-6019-6018-6017-6016-6015-6014-6013-6012-6011-6010-6009-6008-6007-6006-6005-6004-6003-6002-6001-6000-5999-5998-5997-5996-5995-5994-5993-5992-5991-5990-5989-5988-5987-5986-5985-5984-5983-5982-5981-5980-5979-5978-5977-5976-5975-5974-5973-5972-5971-5970-5969-5968-5967-5966-5965-5964-5963-5962-5961-5960-5959-5958-5957-5956-5955-5954-5953-5952-5951-5950-5949-5948-5947-5946-5945-5944-5943-5942-5941-5940-5939-5938-5937-5936-5935-5934-5933-5932-5931-5930-5929-5928-5927-5926-5925-5924-5923-5922-5921-5920-5919-5918-5917-5916-5915-5914-5913-5912-5911-5910-5909-5908-5907-5906-5905-5904-5903-5902-5901-5900-5899-5898-5897-5896-5895-5894-5893-5892-5891-5890-5889-5888-5887-5886-5885-5884-5883-5882-5881-5880-5879-5878-5877-5876-5875-5874-5873-5872-5871-5870-5869-5868-5867-5866-5865-5864-5863-5862-5861-5860-5859-5858-5857-5856-5855-5854-5853-5852-5851-5850-5849-5848-5847-5846-5845-5844-5843-5842-5841-5840-5839-5838-5837-5836-5835-5834-5833-
[matlab][INFO] 正在获取文件: 1d_res.txt 的所有参数行和数据行...
[matlab][INFO] 正在获取文件: 1d_res.txt 的所有数据行和数据描述行...
[matlab][INFO] 正在提取文件: 1d_res.txt 的参数值...
[matlab][INFO] 正在扫描文件 1d_res.txt 的S参数ID...
[matlab][INFO] 正在计算文件: 1d_res.txt 的色散数据...
[matlab][INFO] 正在将genericParam写入数据库...
[sql][INFO][CRUCIAL] 本次录入将文件1d_res.txt的通用参数部分录入表genericunitsprmt, 详情id如下:
!! 1d_res.txt-genericunitsprmt-62-61-60-59-
[matlab][INFO] 正在为ParamArr匹配外键...
[matlab][INFO] 正在将ParamArr写入数据库...
[sql][INFO][CRUCIAL] 本次录入将文件1d_res.txt的特定参数部分录入表squarecuboidunitsprmt, 详情id如下:
!! 1d_res.txt-squarecuboidunitsprmt-80-79-78-77-
[matlab][INFO] 未检测到近红外NIR数据, 跳过
[matlab][INFO] 未检测到中红外MIR数据, 跳过
[matlab][INFO] 正在为DataArr_FIR匹配外键...
[matlab][INFO] 正在将DataArr_FIR写入数据库, 该操作可能需要一段时间...
[sql][INFO][CRUCIAL] 本次录入将文件1d_res.txt的远红外数据部分录入表squarecuboidunitsfreqresp_fir, 详情id如下:
!! 1d_res.txt-squarecuboidunitsfreqresp_fir-6480-6479-6478-6477-6476-6475-6474-6473-6472-6471-6470-6469-6468-6467-6466-6465-6464-6463-6462-6461-6460-6459-6458-6457-6456-6455-6454-6453-6452-6451-6450-6449-6448-6447-6446-6445-6444-6443-6442-6441-6440-6439-6438-6437-6436-6435-6434-6433-6432-6431-6430-6429-6428-6427-6426-6425-6424-6423-6422-6421-6420-6419-6418-6417-6416-6415-6414-6413-6412-6411-6410-6409-6408-6407-6406-6405-6404-6403-6402-6401-6400-6399-6398-6397-6396-6395-6394-6393-6392-6391-6390-6389-6388-6387-6386-6385-6384-6383-6382-6381-6380-6379-6378-6377-6376-6375-6374-6373-6372-6371-6370-6369-6368-6367-6366-6365-6364-6363-6362-6361-6360-6359-6358-6357-6356-6355-6354-6353-6352-6351-6350-6349-6348-6347-6346-6345-6344-6343-6342-6341-6340-6339-6338-6337-6336-6335-6334-6333-6332-6331-6330-6329-6328-6327-6326-6325-6324-6323-6322-6321-6320-6319-6318-6317-6316-6315-6314-6313-6312-6311-6310-6309-6308-6307-6306-6305-6304-6303-6302-6301-6300-6299-6298-6297-6296-6295-6294-6293-6292-6291-6290-6289-6288-6287-6286-6285-6284-6283-6282-6281-6280-6279-6278-6277-6276-6275-6274-6273-6272-6271-6270-6269-6268-6267-6266-6265-6264-6263-6262-6261-6260-6259-6258-6257-6256-6255-6254-6253-6252-6251-6250-6249-6248-6247-6246-6245-6244-6243-6242-6241-6240-6239-6238-6237-6236-6235-6234-6233-6232-6231-6230-6229-6228-6227-6226-6225-6224-6223-6222-6221-6220-6219-6218-6217-6216-6215-6214-6213-6212-6211-6210-6209-6208-6207-6206-6205-6204-6203-6202-6201-6200-6199-6198-6197-6196-6195-6194-6193-6192-6191-6190-6189-6188-6187-6186-6185-6184-6183-6182-6181-6180-6179-6178-6177-6176-6175-6174-6173-6172-6171-6170-6169-6168-6167-6166-6165-6164-6163-6162-6161-6160-6159-6158-6157-
[matlab][INFO] 正在获取文件: 1d_result.txt 的所有参数行和数据行...
[matlab][INFO] 正在获取文件: 1d_result.txt 的所有数据行和数据描述行...
[matlab][INFO] 正在提取文件: 1d_result.txt 的参数值...
[matlab][INFO] 正在扫描文件 1d_result.txt 的S参数ID...
[matlab][INFO] 正在计算文件: 1d_result.txt 的色散数据...
[matlab][INFO] 正在将genericParam写入数据库...
[sql][INFO][CRUCIAL] 本次录入将文件1d_result.txt的通用参数部分录入表genericunitsprmt, 详情id如下:
!! 1d_result.txt-genericunitsprmt-66-65-64-63-
[matlab][INFO] 正在为ParamArr匹配外键...
[matlab][INFO] 正在将ParamArr写入数据库...
[sql][INFO][CRUCIAL] 本次录入将文件1d_result.txt的特定参数部分录入表squarecuboidunitsprmt, 详情id如下:
!! 1d_result.txt-squarecuboidunitsprmt-84-83-82-81-
[matlab][INFO] 未检测到近红外NIR数据, 跳过
[matlab][INFO] 未检测到中红外MIR数据, 跳过
[matlab][INFO] 正在为DataArr_FIR匹配外键...
[matlab][INFO] 正在将DataArr_FIR写入数据库, 该操作可能需要一段时间...
[sql][INFO][CRUCIAL] 本次录入将文件1d_result.txt的远红外数据部分录入表squarecuboidunitsfreqresp_fir, 详情id如下:
!! 1d_result.txt-squarecuboidunitsfreqresp_fir-6804-6803-6802-6801-6800-6799-6798-6797-6796-6795-6794-6793-6792-6791-6790-6789-6788-6787-6786-6785-6784-6783-6782-6781-6780-6779-6778-6777-6776-6775-6774-6773-6772-6771-6770-6769-6768-6767-6766-6765-6764-6763-6762-6761-6760-6759-6758-6757-6756-6755-6754-6753-6752-6751-6750-6749-6748-6747-6746-6745-6744-6743-6742-6741-6740-6739-6738-6737-6736-6735-6734-6733-6732-6731-6730-6729-6728-6727-6726-6725-6724-6723-6722-6721-6720-6719-6718-6717-6716-6715-6714-6713-6712-6711-6710-6709-6708-6707-6706-6705-6704-6703-6702-6701-6700-6699-6698-6697-6696-6695-6694-6693-6692-6691-6690-6689-6688-6687-6686-6685-6684-6683-6682-6681-6680-6679-6678-6677-6676-6675-6674-6673-6672-6671-6670-6669-6668-6667-6666-6665-6664-6663-6662-6661-6660-6659-6658-6657-6656-6655-6654-6653-6652-6651-6650-6649-6648-6647-6646-6645-6644-6643-6642-6641-6640-6639-6638-6637-6636-6635-6634-6633-6632-6631-6630-6629-6628-6627-6626-6625-6624-6623-6622-6621-6620-6619-6618-6617-6616-6615-6614-6613-6612-6611-6610-6609-6608-6607-6606-6605-6604-6603-6602-6601-6600-6599-6598-6597-6596-6595-6594-6593-6592-6591-6590-6589-6588-6587-6586-6585-6584-6583-6582-6581-6580-6579-6578-6577-6576-6575-6574-6573-6572-6571-6570-6569-6568-6567-6566-6565-6564-6563-6562-6561-6560-6559-6558-6557-6556-6555-6554-6553-6552-6551-6550-6549-6548-6547-6546-6545-6544-6543-6542-6541-6540-6539-6538-6537-6536-6535-6534-6533-6532-6531-6530-6529-6528-6527-6526-6525-6524-6523-6522-6521-6520-6519-6518-6517-6516-6515-6514-6513-6512-6511-6510-6509-6508-6507-6506-6505-6504-6503-6502-6501-6500-6499-6498-6497-6496-6495-6494-6493-6492-6491-6490-6489-6488-6487-6486-6485-6484-6483-6482-6481-
[matlab][INFO] 正在初始化文件信息其他部分...
[matlab][INFO] 初始化完成
[matlab][INFO] 以下文件将被处理并导入:
||=============================================================||
->1d_.txt
->1d_res.txt
->1d_result.txt
||=============================================================||
 
[matlab][INFO] 正在读取分析文件: 1d_.txt
[matlab][INFO] 第1个文件, 共3个文件
[matlab][INFO] 正在读取分析文件: 1d_res.txt
[matlab][INFO] 第2个文件, 共3个文件
[matlab][INFO] 正在读取分析文件: 1d_result.txt
[matlab][INFO] 第3个文件, 共3个文件
[matlab][INFO] 文件扫描完成
[matlab][INFO] 正在获取文件: 1d_.txt 的所有参数行和数据行...
[matlab][INFO] 正在获取文件: 1d_.txt 的所有数据行和数据描述行...
[matlab][INFO] 正在提取文件: 1d_.txt 的参数值...
[matlab][INFO] 正在扫描文件 1d_.txt 的S参数ID...
[matlab][INFO] 正在计算文件: 1d_.txt 的色散数据...
[matlab][INFO] 正在连接数据库...
[matlab][INFO] 数据库连接成功
[matlab][INFO] 正在将genericParam写入数据库...
[sql][INFO][CRUCIAL] 本次录入将文件1d_.txt的通用参数部分录入表genericunitsprmt, 详情id如下:
!! 1d_.txt-genericunitsprmt-4-3-2-1-
[matlab][INFO] 正在为ParamArr匹配外键...
[matlab][INFO] 正在将ParamArr写入数据库...
[sql][INFO][CRUCIAL] 本次录入将文件1d_.txt的特定参数部分录入表squarecuboidunitsprmt, 详情id如下:
!! 1d_.txt-squarecuboidunitsprmt-4-3-2-1-
[matlab][INFO] 未检测到近红外NIR数据, 跳过
[matlab][INFO] 未检测到中红外MIR数据, 跳过
[matlab][INFO] 正在为DataArr_FIR匹配外键...
[matlab][INFO] 正在将DataArr_FIR写入数据库, 该操作可能需要一段时间...
[sql][INFO][CRUCIAL] 本次录入将文件1d_.txt的远红外数据部分录入表squarecuboidunitsfreqresp_fir, 详情id如下:
!! 1d_.txt-squarecuboidunitsfreqresp_fir-324-323-322-321-320-319-318-317-316-315-314-313-312-311-310-309-308-307-306-305-304-303-302-301-300-299-298-297-296-295-294-293-292-291-290-289-288-287-286-285-284-283-282-281-280-279-278-277-276-275-274-273-272-271-270-269-268-267-266-265-264-263-262-261-260-259-258-257-256-255-254-253-252-251-250-249-248-247-246-245-244-243-242-241-240-239-238-237-236-235-234-233-232-231-230-229-228-227-226-225-224-223-222-221-220-219-218-217-216-215-214-213-212-211-210-209-208-207-206-205-204-203-202-201-200-199-198-197-196-195-194-193-192-191-190-189-188-187-186-185-184-183-182-181-180-179-178-177-176-175-174-173-172-171-170-169-168-167-166-165-164-163-162-161-160-159-158-157-156-155-154-153-152-151-150-149-148-147-146-145-144-143-142-141-140-139-138-137-136-135-134-133-132-131-130-129-128-127-126-125-124-123-122-121-120-119-118-117-116-115-114-113-112-111-110-109-108-107-106-105-104-103-102-101-100-99-98-97-96-95-94-93-92-91-90-89-88-87-86-85-84-83-82-81-80-79-78-77-76-75-74-73-72-71-70-69-68-67-66-65-64-63-62-61-60-59-58-57-56-55-54-53-52-51-50-49-48-47-46-45-44-43-42-41-40-39-38-37-36-35-34-33-32-31-30-29-28-27-26-25-24-23-22-21-20-19-18-17-16-15-14-13-12-11-10-9-8-7-6-5-4-3-2-1-
[matlab][INFO] 正在获取文件: 1d_res.txt 的所有参数行和数据行...
[matlab][INFO] 正在获取文件: 1d_res.txt 的所有数据行和数据描述行...
[matlab][INFO] 正在提取文件: 1d_res.txt 的参数值...
[matlab][INFO] 正在扫描文件 1d_res.txt 的S参数ID...
[matlab][INFO] 正在计算文件: 1d_res.txt 的色散数据...
[matlab][INFO] 正在将genericParam写入数据库...
[sql][INFO][CRUCIAL] 本次录入将文件1d_res.txt的通用参数部分录入表genericunitsprmt, 详情id如下:
!! 1d_res.txt-genericunitsprmt-8-7-6-5-
[matlab][INFO] 正在为ParamArr匹配外键...
[matlab][INFO] 正在将ParamArr写入数据库...
[sql][INFO][CRUCIAL] 本次录入将文件1d_res.txt的特定参数部分录入表squarecuboidunitsprmt, 详情id如下:
!! 1d_res.txt-squarecuboidunitsprmt-8-7-6-5-
[matlab][INFO] 未检测到近红外NIR数据, 跳过
[matlab][INFO] 未检测到中红外MIR数据, 跳过
[matlab][INFO] 正在为DataArr_FIR匹配外键...
[matlab][INFO] 正在将DataArr_FIR写入数据库, 该操作可能需要一段时间...
[sql][INFO][CRUCIAL] 本次录入将文件1d_res.txt的远红外数据部分录入表squarecuboidunitsfreqresp_fir, 详情id如下:
!! 1d_res.txt-squarecuboidunitsfreqresp_fir-648-647-646-645-644-643-642-641-640-639-638-637-636-635-634-633-632-631-630-629-628-627-626-625-624-623-622-621-620-619-618-617-616-615-614-613-612-611-610-609-608-607-606-605-604-603-602-601-600-599-598-597-596-595-594-593-592-591-590-589-588-587-586-585-584-583-582-581-580-579-578-577-576-575-574-573-572-571-570-569-568-567-566-565-564-563-562-561-560-559-558-557-556-555-554-553-552-551-550-549-548-547-546-545-544-543-542-541-540-539-538-537-536-535-534-533-532-531-530-529-528-527-526-525-524-523-522-521-520-519-518-517-516-515-514-513-512-511-510-509-508-507-506-505-504-503-502-501-500-499-498-497-496-495-494-493-492-491-490-489-488-487-486-485-484-483-482-481-480-479-478-477-476-475-474-473-472-471-470-469-468-467-466-465-464-463-462-461-460-459-458-457-456-455-454-453-452-451-450-449-448-447-446-445-444-443-442-441-440-439-438-437-436-435-434-433-432-431-430-429-428-427-426-425-424-423-422-421-420-419-418-417-416-415-414-413-412-411-410-409-408-407-406-405-404-403-402-401-400-399-398-397-396-395-394-393-392-391-390-389-388-387-386-385-384-383-382-381-380-379-378-377-376-375-374-373-372-371-370-369-368-367-366-365-364-363-362-361-360-359-358-357-356-355-354-353-352-351-350-349-348-347-346-345-344-343-342-341-340-339-338-337-336-335-334-333-332-331-330-329-328-327-326-325-
[matlab][INFO] 正在获取文件: 1d_result.txt 的所有参数行和数据行...
[matlab][INFO] 正在获取文件: 1d_result.txt 的所有数据行和数据描述行...
[matlab][INFO] 正在提取文件: 1d_result.txt 的参数值...
[matlab][INFO] 正在扫描文件 1d_result.txt 的S参数ID...
[matlab][INFO] 正在计算文件: 1d_result.txt 的色散数据...
[matlab][INFO] 正在将genericParam写入数据库...
[sql][INFO][CRUCIAL] 本次录入将文件1d_result.txt的通用参数部分录入表genericunitsprmt, 详情id如下:
!! 1d_result.txt-genericunitsprmt-12-11-10-9-
[matlab][INFO] 正在为ParamArr匹配外键...
[matlab][INFO] 正在将ParamArr写入数据库...
[sql][INFO][CRUCIAL] 本次录入将文件1d_result.txt的特定参数部分录入表squarecuboidunitsprmt, 详情id如下:
!! 1d_result.txt-squarecuboidunitsprmt-12-11-10-9-
[matlab][INFO] 未检测到近红外NIR数据, 跳过
[matlab][INFO] 未检测到中红外MIR数据, 跳过
[matlab][INFO] 正在为DataArr_FIR匹配外键...
[matlab][INFO] 正在将DataArr_FIR写入数据库, 该操作可能需要一段时间...
[sql][INFO][CRUCIAL] 本次录入将文件1d_result.txt的远红外数据部分录入表squarecuboidunitsfreqresp_fir, 详情id如下:
!! 1d_result.txt-squarecuboidunitsfreqresp_fir-972-971-970-969-968-967-966-965-964-963-962-961-960-959-958-957-956-955-954-953-952-951-950-949-948-947-946-945-944-943-942-941-940-939-938-937-936-935-934-933-932-931-930-929-928-927-926-925-924-923-922-921-920-919-918-917-916-915-914-913-912-911-910-909-908-907-906-905-904-903-902-901-900-899-898-897-896-895-894-893-892-891-890-889-888-887-886-885-884-883-882-881-880-879-878-877-876-875-874-873-872-871-870-869-868-867-866-865-864-863-862-861-860-859-858-857-856-855-854-853-852-851-850-849-848-847-846-845-844-843-842-841-840-839-838-837-836-835-834-833-832-831-830-829-828-827-826-825-824-823-822-821-820-819-818-817-816-815-814-813-812-811-810-809-808-807-806-805-804-803-802-801-800-799-798-797-796-795-794-793-792-791-790-789-788-787-786-785-784-783-782-781-780-779-778-777-776-775-774-773-772-771-770-769-768-767-766-765-764-763-762-761-760-759-758-757-756-755-754-753-752-751-750-749-748-747-746-745-744-743-742-741-740-739-738-737-736-735-734-733-732-731-730-729-728-727-726-725-724-723-722-721-720-719-718-717-716-715-714-713-712-711-710-709-708-707-706-705-704-703-702-701-700-699-698-697-696-695-694-693-692-691-690-689-688-687-686-685-684-683-682-681-680-679-678-677-676-675-674-673-672-671-670-669-668-667-666-665-664-663-662-661-660-659-658-657-656-655-654-653-652-651-650-649-
[警告: 以后的版本中将会删除 GUIDE。请改用 APPDESIGNER。] 
