[matlab][INFO] 正在加载配置文件和库函数...
[matlab][INFO] 本次导入属性如下:
                            DataSrc: 'Metasurface_demo_db'
                               User: 'root'
                                Pwd: '123456'
    minimum_innodb_buffer_pool_size: '1073741824'
                       local_infile: '1'
                              N_MIR: '119.9170'
                              M_FIR: '59.9585'
                    ignoreThickness: '1'
                   defaultThickness: '500'
                       ignoreETheta: '0'
                      defaultETheta: '90'
                           language: 'zh_CN'

[matlab][INFO] 正在连接数据库...
[matlab][INFO] 成功连接到数据库
[matlab][INFO] 正在读取数据库中的S参数信息...
[matlab][INFO] 正在初始化文件信息其他部分...
[matlab][INFO] 初始化完成
[matlab][INFO] 以下文件将被处理并导入:
||=============================================================||
->SquareCuboid-Silicon-Titanium Dioxide- 1d_result - fangzhu.txt
->SquareCuboid-Silicon-Titanium Dioxide-1d_result.txt
||=============================================================||
 
[matlab][INFO] 正在读取分析文件: SquareCuboid-Silicon-Titanium Dioxide- 1d_result - fangzhu.txt
[matlab][INFO] 第1个文件, 共2个文件
[matlab][INFO] 正在读取分析文件: SquareCuboid-Silicon-Titanium Dioxide-1d_result.txt
[matlab][INFO] 第2个文件, 共2个文件
[matlab][INFO] 文件扫描完成
[matlab][INFO] 正在获取文件: SquareCuboid-Silicon-Titanium Dioxide- 1d_result - fangzhu.txt 的所有参数行和数据行...
[matlab][INFO] 正在提取文件: SquareCuboid-Silicon-Titanium Dioxide- 1d_result - fangzhu.txt 的参数值...
[matlab][INFO] 正在计算文件: SquareCuboid-Silicon-Titanium Dioxide- 1d_result - fangzhu.txt 的色散数据...
[matlab][INFO] 正在连接数据库...
[matlab][INFO] 数据库连接成功
<a href="matlab: opentoline('C:\Users\pc\Desktop\cst2mysql_V2.0\lib\LastID.m',3,1)">3   </a>    LastID = fetch(exec(conn, sqlquery)).Data;
if system_dependent('IsDebugMode')==1, dbstep; end
LastID

LastID =

  1×1 <a href="matlab:helpPopup cell" style="font-weight:bold">cell</a> 数组

    {[NaN]}

isempty(LastID)

ans =

  <a href="matlab:helpPopup logical" style="font-weight:bold">logical</a>

   0

if system_dependent('IsDebugMode')==1, dbquit; end
help isNaN
--- 未找到 <strong>isNaN</strong>。改为显示 <strong>isnan</strong> 的帮助。---

 <strong>isnan</strong> - 确定哪些数组元素为 NaN
    此 MATLAB 函数 返回一个逻辑数组，其中的 1 (true) 对应 A 中的 NaN 元素，0 (false)
    对应其他元素。如果 A 包含复数，则 isnan(A) 中的 1 对应实部或虚部为 NaN 值的元素，0
    对应实部和虚部均非 NaN 值的元素。

    TF = <strong>isnan</strong>(A)

    另请参阅 <a href="D:\design\MATLAB_version2021\help\matlab\ref\isfinite.html">isfinite</a>, <a href="D:\design\MATLAB_version2021\help\matlab\ref\ismissing.html">ismissing</a>, <a href="D:\design\MATLAB_version2021\help\matlab\ref\isinf.html">isinf</a>, <a href="D:\design\MATLAB_version2021\help\matlab\ref\is.html">is*</a>, <a href="D:\design\MATLAB_version2021\help\matlab\ref\nan.html">NaN</a>

    <a href="matlab:doc isnan">isnan 的文档</a>
    <a href="matlab:matlab.internal.language.introspective.overloads.displayOverloads('isnan')">名为 isnan 的其他函数</a>

