[matlab][INFO] 正在加载配置文件和库函数...
[matlab][INFO] 本次导入属性如下:
    minimum_innodb_buffer_pool_size: '1073741824'
                            DataSrc: 'Metasurface_demo_db'
                               User: 'root'
                                Pwd: '123456'
                              N_MIR: '119.9170'
                              M_FIR: '59.9585'
                    ignoreThickness: '1'
                   defaultThickness: '500'
                       ignoreETheta: '0'
                      defaultETheta: '90'
                           language: 'zh_CN'

[matlab][INFO] 正在连接数据库...
[matlab][INFO] 成功连接到数据库
[matlab][INFO] 正在读取数据库中的S参数信息...
[matlab][INFO] 正在初始化文件信息其他部分...
[matlab][INFO] 初始化完成
[matlab][INFO] 以下文件将被处理并导入:
||=============================================================||
->SquareCuboid-Si-Titanium Dioxide-1d_result.txt
||=============================================================||
 
[matlab][INFO] 正在读取分析文件: SquareCuboid-Si-Titanium Dioxide-1d_result.txt
[matlab][INFO] 第1个文件, 共1个文件
[matlab][INFO] 文件扫描完成
<a href="matlab: opentoline('C:\Users\pc\Desktop\cst2mysql_V2.0\Src\importGUI_v1.m',393,1)">393 </a>for fileNum = nextFile + 1:siz
ShapeID

ShapeID =

     4

fileInfo(nextFile).ShapeID = ShapeID

fileInfo = 

  包含以下字段的 <a href="matlab:helpPopup struct" style="font-weight:bold">struct</a>:

               name: 'SquareCuboid-Si-Titanium Dioxide-1d_result.txt'
             folder: 'C:\Users\pc\Desktop\test files\单文件双参数无法识别'
               date: '05-5月-2024 01:20:26'
              bytes: 17879
              isdir: 0
            datenum: 7.3938e+05
    paramUnskipFlag: 0
              Shape: 'Cylinder'
      NIR_MIR_Split: -1
      MIR_FIR_Split: -1
         DataLength: 81
            DataMap: [1 2 3 0 0]
            DataNum: 3
        TextLineNum: 3
           ParamMap: [0 0 0 0 0 0 0 0 0 0 0 0 0 0 0 0 0 0 0 0]
           ParamNum: 4
          ParamName: {'prd'  'w'  'h'  'theta'  []  []  []  []  []  []  []  []  []  []  []  []  []  []  []  []}
             params: {[]}
           paramsID: 0
               Unit: 1
     prptUnSkipFlag: 1
       CalcDispFlag: 1
         CalPhaFlag: 0
         ParamStart: 19
            shapeID: 0
             sparam: 0
         baseMtrlID: 1
         cellMtrlID: 3
            ShapeID: 4

if system_dependent('IsDebugMode')==1, dbquit; end
